SF:src\vector_inspector\__init__.py
DA:3,1
DA:6,1
DA:7,1
DA:8,1
DA:10,1
DA:11,0
DA:12,0
LF:7
LH:5
FN:6,12,get_version
FNDA:1,get_version
FNF:1
FNH:1
end_of_record
SF:src\vector_inspector\__main__.py
DA:1,0
DA:2,0
DA:7,0
DA:9,0
DA:11,0
LF:5
LH:0
end_of_record
SF:src\vector_inspector\_cli.py
DA:14,1
DA:15,1
DA:16,1
DA:17,1
DA:18,1
DA:19,1
DA:20,1
DA:22,1
DA:24,1
DA:25,1
DA:26,1
DA:29,1
DA:30,1
DA:41,1
DA:46,1
DA:51,1
DA:59,1
DA:64,1
DA:70,1
DA:75,1
DA:80,1
DA:83,1
DA:89,1
DA:90,1
DA:91,1
DA:92,1
DA:93,1
DA:95,1
DA:96,1
DA:97,1
DA:99,1
DA:100,1
DA:101,1
DA:103,1
DA:113,1
DA:114,1
DA:115,0
DA:116,0
DA:119,1
DA:121,1
DA:122,1
DA:123,1
DA:124,1
DA:125,0
DA:126,0
DA:127,0
DA:128,1
DA:131,1
DA:137,1
DA:141,1
DA:142,1
DA:143,1
DA:144,1
DA:145,1
DA:147,1
DA:148,1
DA:149,1
DA:150,1
DA:153,1
DA:154,1
DA:156,1
DA:157,0
DA:158,0
DA:159,1
DA:160,1
DA:163,1
DA:164,1
DA:165,1
DA:166,1
DA:167,1
DA:168,1
DA:169,1
DA:171,1
DA:172,1
DA:175,1
DA:176,1
DA:179,1
DA:180,1
DA:183,1
DA:184,1
DA:185,1
DA:186,0
DA:189,1
DA:191,0
DA:195,0
DA:197,0
LF:86
LH:75
FN:29,80,_build_parser
FNDA:1,_build_parser
FN:83,116,_maybe_send_first_run_telemetry
FNDA:1,_maybe_send_first_run_telemetry
FN:119,128,_handle_dump_settings
FNDA:1,_handle_dump_settings
FN:131,186,parse_cli_args
FNDA:1,parse_cli_args
FN:189,197,console_entry
FNDA:0,console_entry
FNF:5
FNH:4
end_of_record
SF:src\vector_inspector\config\__init__.py
end_of_record
SF:src\vector_inspector\core\__init__.py
end_of_record
SF:src\vector_inspector\core\cache_manager.py
DA:6,1
DA:7,1
DA:8,1
DA:11,1
DA:12,1
DA:15,1
DA:16,1
DA:19,1
DA:20,1
DA:23,1
DA:24,1
DA:25,1
DA:28,1
DA:31,1
DA:40,1
DA:42,1
DA:44,1
DA:45,1
DA:46,1
DA:48,1
DA:51,1
DA:52,1
DA:53,1
DA:55,1
DA:56,1
DA:58,1
DA:60,1
DA:61,1
DA:63,1
DA:64,1
DA:66,1
DA:68,1
DA:69,1
DA:71,1
DA:72,1
DA:73,1
DA:75,1
DA:77,1
DA:78,1
DA:79,0
DA:80,0
DA:81,0
DA:82,0
DA:83,0
DA:86,1
DA:87,1
DA:88,1
DA:89,1
DA:90,1
DA:92,1
DA:99,1
DA:101,1
DA:102,1
DA:104,1
DA:105,1
DA:106,1
DA:107,1
DA:109,1
DA:110,1
DA:111,1
DA:113,1
DA:115,1
DA:117,1
DA:119,1
DA:121,1
DA:123,1
DA:124,1
DA:126,1
DA:128,1
DA:130,1
DA:132,1
DA:150,1
DA:159,1
DA:162,1
DA:164,1
DA:165,1
DA:168,1
DA:170,1
DA:171,1
LF:79
LH:74
FN:42,46,CacheManager.__new__
FNDA:1,CacheManager.__new__
FN:48,56,CacheManager.__init__
FNDA:1,CacheManager.__init__
FN:58,64,CacheManager.get
FNDA:1,CacheManager.get
FN:66,73,CacheManager.set
FNDA:1,CacheManager.set
FN:75,90,CacheManager.update
FNDA:1,CacheManager.update
FN:92,111,CacheManager.invalidate
FNDA:1,CacheManager.invalidate
FN:113,115,CacheManager.clear
FNDA:1,CacheManager.clear
FN:117,119,CacheManager.enable
FNDA:1,CacheManager.enable
FN:121,124,CacheManager.disable
FNDA:1,CacheManager.disable
FN:126,128,CacheManager.is_enabled
FNDA:1,CacheManager.is_enabled
FN:130,145,CacheManager.get_cache_info
FNDA:1,CacheManager.get_cache_info
FN:150,159,get_cache_manager
FNDA:1,get_cache_manager
FN:162,165,invalidate_cache_on_settings_change
FNDA:1,invalidate_cache_on_settings_change
FN:168,171,invalidate_cache_on_refresh
FNDA:1,invalidate_cache_on_refresh
FNF:14
FNH:14
end_of_record
SF:src\vector_inspector\core\clustering.py
DA:8,1
DA:9,1
DA:10,1
DA:12,1
DA:14,1
DA:17,1
DA:31,1
DA:34,1
DA:35,1
DA:36,1
DA:37,1
DA:38,1
DA:39,1
DA:41,1
DA:42,1
DA:43,1
DA:46,1
DA:47,1
DA:48,1
DA:53,1
DA:54,1
DA:55,1
DA:56,1
DA:57,1
DA:58,1
DA:59,1
DA:60,1
DA:61,1
DA:62,1
DA:63,1
DA:64,1
DA:66,1
DA:67,1
DA:68,1
DA:70,1
DA:71,1
DA:72,1
DA:73,1
DA:74,1
DA:75,1
DA:76,1
DA:77,1
DA:78,1
DA:79,1
DA:81,1
DA:82,1
DA:83,1
DA:85,1
DA:86,1
DA:87,1
DA:88,1
DA:89,1
DA:90,1
DA:91,1
DA:92,1
DA:94,1
DA:95,1
DA:96,1
DA:101,1
DA:102,1
DA:103,1
DA:104,1
DA:105,1
DA:106,1
DA:107,1
DA:108,1
DA:109,1
DA:110,1
DA:111,1
DA:112,1
DA:115,1
DA:118,1
DA:119,1
DA:120,1
DA:122,1
DA:125,1
DA:128,1
DA:130,1
DA:131,1
DA:144,1
DA:145,0
DA:146,0
LF:82
LH:80
FN:17,146,run_clustering
FNDA:1,run_clustering
FNF:1
FNH:1
end_of_record
SF:src\vector_inspector\core\connection_manager.py
DA:3,1
DA:4,1
DA:5,1
DA:7,1
DA:9,1
DA:11,1
DA:14,1
DA:17,1
DA:18,1
DA:19,1
DA:20,1
DA:23,1
DA:26,1
DA:44,1
DA:45,1
DA:46,1
DA:47,1
DA:48,1
DA:49,1
DA:50,1
DA:51,1
DA:52,1
DA:57,1
DA:59,1
DA:61,1
DA:63,1
DA:65,1
DA:66,1
DA:67,1
DA:69,1
DA:77,1
DA:82,1
DA:87,1
DA:88,1
DA:89,0
DA:90,0
DA:92,1
DA:94,1
DA:96,1
DA:98,1
DA:99,1
DA:100,0
DA:101,0
DA:103,1
DA:104,1
DA:106,1
DA:108,1
DA:110,1
DA:111,1
DA:112,1
DA:113,1
DA:115,1
DA:117,1
DA:118,1
DA:119,0
DA:120,0
DA:123,1
DA:136,1
DA:137,1
DA:138,1
DA:139,1
DA:140,1
DA:141,1
DA:143,1
DA:145,1
DA:147,1
DA:148,1
DA:149,1
DA:151,1
DA:158,1
DA:159,1
DA:160,1
DA:161,1
DA:163,1
DA:187,1
DA:188,1
DA:190,1
DA:191,1
DA:192,1
DA:193,1
DA:196,1
DA:197,1
DA:198,1
DA:201,1
DA:203,1
DA:210,1
DA:211,1
DA:213,1
DA:215,1
DA:217,1
DA:219,1
DA:220,1
DA:221,1
DA:223,1
DA:225,1
DA:227,1
DA:237,1
DA:238,1
DA:240,1
DA:241,1
DA:242,1
DA:244,1
DA:254,1
DA:255,1
DA:256,1
DA:259,1
DA:260,1
DA:261,0
DA:262,0
DA:265,1
DA:268,1
DA:269,1
DA:271,1
DA:272,1
DA:274,1
DA:275,1
DA:277,1
DA:278,1
DA:280,1
DA:291,1
DA:292,1
DA:293,1
DA:294,1
DA:295,1
DA:297,1
DA:298,1
DA:300,1
DA:308,1
DA:309,1
DA:310,1
DA:311,1
DA:313,1
DA:321,1
DA:322,1
DA:323,1
DA:324,1
DA:326,1
DA:328,1
DA:330,1
DA:332,1
DA:334,1
DA:336,1
DA:337,1
DA:338,1
DA:340,1
DA:351,1
DA:352,1
DA:353,1
DA:354,1
DA:355,1
LF:150
LH:142
FN:26,57,ConnectionInstance.__init__
FNDA:1,ConnectionInstance.__init__
FN:59,61,ConnectionInstance.get_display_name
FNDA:1,ConnectionInstance.get_display_name
FN:63,67,ConnectionInstance.get_breadcrumb
FNDA:1,ConnectionInstance.get_breadcrumb
FN:69,77,ConnectionInstance.__getattr__
FNDA:1,ConnectionInstance.__getattr__
FN:82,90,ConnectionInstance.list_collections
FNDA:1,ConnectionInstance.list_collections
FN:92,94,ConnectionInstance.connect
FNDA:1,ConnectionInstance.connect
FN:96,101,ConnectionInstance.disconnect
FNDA:1,ConnectionInstance.disconnect
FN:104,106,ConnectionInstance.is_connected
FNDA:1,ConnectionInstance.is_connected
FN:108,113,ConnectionInstance.get_collection_info
FNDA:1,ConnectionInstance.get_collection_info
FN:115,120,ConnectionInstance.delete_collection
FNDA:1,ConnectionInstance.delete_collection
FN:145,149,ConnectionManager.__init__
FNDA:1,ConnectionManager.__init__
FN:151,161,ConnectionManager.get_active_collection
FNDA:1,ConnectionManager.get_active_collection
FN:163,201,ConnectionManager.create_connection
FNDA:1,ConnectionManager.create_connection
FN:203,211,ConnectionManager.mark_connection_opened
FNDA:1,ConnectionManager.mark_connection_opened
FN:213,215,ConnectionManager.get_connection
FNDA:1,ConnectionManager.get_connection
FN:217,221,ConnectionManager.get_active_connection
FNDA:1,ConnectionManager.get_active_connection
FN:223,225,ConnectionManager.get_active_connection_id
FNDA:1,ConnectionManager.get_active_connection_id
FN:227,242,ConnectionManager.set_active_connection
FNDA:1,ConnectionManager.set_active_connection
FN:244,278,ConnectionManager.close_connection
FNDA:1,ConnectionManager.close_connection
FN:280,298,ConnectionManager.update_connection_state
FNDA:1,ConnectionManager.update_connection_state
FN:300,311,ConnectionManager.update_collections
FNDA:1,ConnectionManager.update_collections
FN:313,324,ConnectionManager.set_active_collection
FNDA:1,ConnectionManager.set_active_collection
FN:326,328,ConnectionManager.get_all_connections
FNDA:1,ConnectionManager.get_all_connections
FN:330,332,ConnectionManager.get_connection_count
FNDA:1,ConnectionManager.get_connection_count
FN:334,338,ConnectionManager.close_all_connections
FNDA:1,ConnectionManager.close_all_connections
FN:340,355,ConnectionManager.rename_connection
FNDA:1,ConnectionManager.rename_connection
FNF:26
FNH:26
end_of_record
SF:src\vector_inspector\core\connections\__init__.py
DA:3,1
DA:4,1
DA:5,1
DA:6,1
DA:7,1
DA:8,1
DA:10,1
LF:7
LH:7
end_of_record
SF:src\vector_inspector\core\connections\base_connection.py
DA:3,1
DA:4,1
DA:5,1
DA:6,1
DA:8,1
DA:9,1
DA:12,1
DA:19,1
DA:20,1
DA:27,0
DA:29,1
DA:30,1
DA:32,0
DA:34,1
DA:35,1
DA:36,1
DA:43,0
DA:45,1
DA:46,1
DA:53,0
DA:55,1
DA:56,1
DA:69,0
DA:71,1
DA:72,1
DA:74,0
DA:76,1
DA:77,1
DA:86,0
DA:88,1
DA:89,1
DA:91,0
DA:93,1
DA:94,1
DA:96,0
DA:98,1
DA:99,1
DA:101,0
DA:103,1
DA:104,1
DA:132,0
DA:134,1
DA:135,1
DA:158,0
DA:160,1
DA:161,1
DA:182,0
DA:184,1
DA:185,1
DA:202,0
DA:206,1
DA:213,1
DA:215,1
DA:223,1
DA:235,1
DA:251,1
DA:253,1
DA:254,1
DA:255,1
DA:258,1
DA:259,1
DA:260,1
DA:261,1
DA:262,1
DA:265,1
DA:266,1
DA:267,1
DA:269,1
DA:270,1
DA:271,1
DA:272,1
DA:274,1
DA:275,1
DA:276,1
DA:277,1
DA:279,1
DA:292,1
DA:293,1
DA:298,1
DA:301,1
DA:302,1
DA:303,0
DA:304,0
DA:305,0
DA:306,0
DA:307,0
DA:308,0
DA:309,0
DA:312,1
DA:313,1
DA:314,0
DA:315,0
DA:317,1
DA:318,1
DA:319,1
DA:320,1
DA:321,0
DA:324,0
DA:325,0
DA:326,0
DA:327,0
DA:328,0
DA:329,0
DA:330,0
DA:333,0
DA:334,0
DA:335,0
DA:336,1
DA:337,1
DA:338,1
DA:340,1
DA:350,1
DA:351,1
DA:352,1
DA:353,1
DA:354,1
DA:356,1
DA:357,1
DA:362,0
DA:364,0
DA:367,0
DA:369,0
DA:371,0
DA:372,0
DA:373,0
DA:376,1
DA:379,1
DA:380,1
DA:381,1
DA:394,1
DA:395,0
DA:396,0
LF:132
LH:89
FN:20,27,VectorDBConnection.connect
FNDA:0,VectorDBConnection.connect
FN:30,32,VectorDBConnection.disconnect
FNDA:0,VectorDBConnection.disconnect
FN:36,43,VectorDBConnection.is_connected
FNDA:0,VectorDBConnection.is_connected
FN:46,53,VectorDBConnection.list_collections
FNDA:0,VectorDBConnection.list_collections
FN:56,69,VectorDBConnection.get_collection_info
FNDA:0,VectorDBConnection.get_collection_info
FN:72,74,VectorDBConnection.create_collection
FNDA:0,VectorDBConnection.create_collection
FN:77,86,VectorDBConnection.add_items
FNDA:0,VectorDBConnection.add_items
FN:89,91,VectorDBConnection.get_items
FNDA:0,VectorDBConnection.get_items
FN:94,96,VectorDBConnection.delete_collection
FNDA:0,VectorDBConnection.delete_collection
FN:99,101,VectorDBConnection.count_collection
FNDA:0,VectorDBConnection.count_collection
FN:104,132,VectorDBConnection.query_collection
FNDA:0,VectorDBConnection.query_collection
FN:135,158,VectorDBConnection.get_all_items
FNDA:0,VectorDBConnection.get_all_items
FN:161,182,VectorDBConnection.update_items
FNDA:0,VectorDBConnection.update_items
FN:185,202,VectorDBConnection.delete_items
FNDA:0,VectorDBConnection.delete_items
FN:206,213,VectorDBConnection.get_connection_info
FNDA:1,VectorDBConnection.get_connection_info
FN:215,233,VectorDBConnection.get_supported_filter_operators
FNDA:1,VectorDBConnection.get_supported_filter_operators
FN:235,277,VectorDBConnection.get_embedding_model
FNDA:1,VectorDBConnection.get_embedding_model
FN:279,338,VectorDBConnection.load_embedding_model_for_collection
FNDA:1,VectorDBConnection.load_embedding_model_for_collection
FN:340,396,VectorDBConnection.compute_embeddings_for_documents
FNDA:1,VectorDBConnection.compute_embeddings_for_documents
FNF:19
FNH:5
end_of_record
SF:src\vector_inspector\core\connections\chroma_connection.py
DA:3,1
DA:4,1
DA:5,1
DA:7,1
DA:8,1
DA:9,1
DA:10,1
DA:12,1
DA:13,1
DA:16,1
DA:19,1
DA:21,1
DA:22,1
DA:23,1
DA:24,1
DA:25,1
DA:27,1
DA:29,1
DA:30,0
DA:32,1
DA:34,1
DA:35,1
DA:38,1
DA:44,1
DA:46,1
DA:48,1
DA:49,1
DA:51,1
DA:52,1
DA:53,1
DA:54,1
DA:55,1
DA:58,1
DA:61,1
DA:72,1
DA:73,1
DA:74,1
DA:75,1
DA:76,1
DA:78,1
DA:85,1
DA:86,1
DA:88,1
DA:90,1
DA:91,1
DA:92,1
DA:93,0
DA:96,1
DA:97,1
DA:98,0
DA:99,0
DA:100,0
DA:102,1
DA:104,1
DA:105,1
DA:107,1
DA:108,1
DA:109,1
DA:110,1
DA:112,0
DA:114,1
DA:116,1
DA:117,1
DA:119,1
DA:120,1
DA:122,1
DA:124,1
DA:131,1
DA:132,0
DA:133,1
DA:134,1
DA:135,1
DA:136,0
DA:137,0
DA:138,0
DA:140,1
DA:142,1
DA:143,1
DA:144,1
DA:145,1
DA:146,1
DA:147,1
DA:149,1
DA:152,1
DA:153,1
DA:154,1
DA:156,1
DA:158,1
DA:159,1
DA:161,1
DA:162,1
DA:164,1
DA:166,1
DA:167,1
DA:168,1
DA:169,1
DA:170,0
DA:171,0
DA:173,0
DA:179,0
DA:181,1
DA:193,1
DA:194,1
DA:195,1
DA:198,1
DA:199,1
DA:200,0
DA:201,0
DA:202,0
DA:204,1
DA:214,1
DA:215,1
DA:216,1
DA:218,1
DA:219,1
DA:221,1
DA:222,1
DA:223,1
DA:225,1
DA:226,1
DA:231,1
DA:232,1
DA:233,1
DA:235,1
DA:236,1
DA:240,1
DA:241,1
DA:242,1
DA:244,1
DA:245,1
DA:246,0
DA:247,0
DA:248,0
DA:249,0
DA:250,0
DA:251,0
DA:252,0
DA:253,0
DA:255,0
DA:256,0
DA:257,0
DA:258,0
DA:260,1
DA:268,1
DA:269,0
DA:271,1
DA:272,0
DA:273,0
DA:274,0
DA:276,1
DA:299,1
DA:300,1
DA:301,1
DA:302,0
DA:303,0
DA:306,1
DA:307,0
DA:308,0
DA:309,0
DA:310,0
DA:311,0
DA:313,0
DA:317,1
DA:318,1
DA:326,0
DA:327,1
DA:328,1
DA:330,1
DA:331,1
DA:333,1
DA:352,1
DA:353,1
DA:354,0
DA:356,1
DA:357,1
DA:363,1
DA:364,1
DA:365,1
DA:366,1
DA:368,1
DA:389,1
DA:390,1
DA:391,0
DA:393,1
DA:395,1
DA:396,1
DA:397,1
DA:400,1
DA:401,1
DA:402,1
DA:404,1
DA:410,1
DA:411,1
DA:412,1
DA:413,1
DA:415,1
DA:436,1
DA:437,1
DA:438,1
DA:440,1
DA:442,1
DA:443,0
DA:444,0
DA:447,0
DA:448,0
DA:449,0
DA:451,1
DA:457,1
DA:458,1
DA:459,1
DA:460,1
DA:462,1
DA:479,1
DA:480,1
DA:481,0
DA:483,1
DA:484,1
DA:485,1
DA:486,0
DA:487,0
DA:488,0
DA:490,1
DA:500,1
DA:501,0
DA:503,1
DA:504,1
DA:505,1
DA:506,1
DA:507,1
DA:508,1
DA:510,1
DA:511,1
DA:512,0
DA:513,0
DA:516,1
DA:518,1
DA:519,0
DA:521,1
DA:523,1
DA:524,1
DA:525,1
DA:526,1
DA:529,0
DA:530,0
DA:531,0
DA:532,0
DA:534,0
DA:535,0
DA:536,0
DA:537,0
DA:540,0
DA:541,0
DA:542,0
DA:543,0
DA:544,0
DA:546,1
DA:548,1
DA:549,1
DA:550,0
DA:551,1
DA:555,1
DA:557,1
DA:558,1
DA:559,1
DA:560,1
DA:561,1
DA:562,1
DA:563,1
DA:565,1
DA:572,1
LF:270
LH:199
FN:19,25,DimensionAwareEmbeddingFunction.__init__
FNDA:1,DimensionAwareEmbeddingFunction.__init__
FN:27,44,DimensionAwareEmbeddingFunction._ensure_model_loaded
FNDA:1,DimensionAwareEmbeddingFunction._ensure_model_loaded
FN:46,55,DimensionAwareEmbeddingFunction.__call__
FNDA:1,DimensionAwareEmbeddingFunction.__call__
FN:61,76,ChromaDBConnection.__init__
FNDA:1,ChromaDBConnection.__init__
FN:78,100,ChromaDBConnection.connect
FNDA:1,ChromaDBConnection.connect
FN:102,112,ChromaDBConnection._resolve_path
FNDA:1,ChromaDBConnection._resolve_path
FN:114,117,ChromaDBConnection.disconnect
FNDA:1,ChromaDBConnection.disconnect
FN:120,122,ChromaDBConnection.is_connected
FNDA:1,ChromaDBConnection.is_connected
FN:124,138,ChromaDBConnection.list_collections
FNDA:1,ChromaDBConnection.list_collections
FN:140,147,ChromaDBConnection._get_collection_basic
FNDA:1,ChromaDBConnection._get_collection_basic
FN:149,179,ChromaDBConnection._get_embedding_function_for_collection
FNDA:1,ChromaDBConnection._get_embedding_function_for_collection
FN:181,202,ChromaDBConnection.get_collection
FNDA:1,ChromaDBConnection.get_collection
FN:204,274,ChromaDBConnection.get_collection_info
FNDA:1,ChromaDBConnection.get_collection_info
FN:276,331,ChromaDBConnection.query_collection
FNDA:1,ChromaDBConnection.query_collection
FN:333,366,ChromaDBConnection.get_all_items
FNDA:1,ChromaDBConnection.get_all_items
FN:368,413,ChromaDBConnection.add_items
FNDA:1,ChromaDBConnection.add_items
FN:415,460,ChromaDBConnection.update_items
FNDA:1,ChromaDBConnection.update_items
FN:462,488,ChromaDBConnection.delete_items
FNDA:1,ChromaDBConnection.delete_items
FN:490,513,ChromaDBConnection.delete_collection
FNDA:1,ChromaDBConnection.delete_collection
FN:516,544,ChromaDBConnection.create_collection
FNDA:1,ChromaDBConnection.create_collection
FN:546,553,ChromaDBConnection.get_items
FNDA:1,ChromaDBConnection.get_items
FN:555,563,ChromaDBConnection.count_collection
FNDA:1,ChromaDBConnection.count_collection
FN:565,584,ChromaDBConnection.get_supported_filter_operators
FNDA:1,ChromaDBConnection.get_supported_filter_operators
FNF:23
FNH:23
end_of_record
SF:src\vector_inspector\core\connections\lancedb_connection.py
DA:3,1
DA:4,1
DA:6,1
DA:7,1
DA:9,1
DA:12,1
DA:15,1
DA:22,1
DA:23,1
DA:24,1
DA:25,1
DA:27,1
DA:29,1
DA:30,1
DA:32,1
DA:33,1
DA:34,1
DA:35,1
DA:36,1
DA:37,1
DA:38,1
DA:39,0
DA:40,0
DA:41,0
DA:42,0
DA:44,1
DA:45,1
DA:46,1
DA:47,1
DA:49,1
DA:50,1
DA:51,1
DA:53,1
DA:54,1
DA:55,0
DA:56,1
DA:58,1
DA:59,0
DA:60,1
DA:61,1
DA:62,0
DA:64,1
DA:65,1
DA:66,1
DA:67,1
DA:68,1
DA:70,1
DA:73,1
DA:74,1
DA:76,1
DA:77,1
DA:78,0
DA:79,0
DA:81,1
DA:82,1
DA:84,1
DA:86,1
DA:87,1
DA:88,1
DA:89,0
DA:90,0
DA:93,1
DA:94,1
DA:95,1
DA:97,1
DA:98,1
DA:99,1
DA:100,1
DA:101,0
DA:103,0
DA:104,0
DA:105,0
DA:108,1
DA:109,1
DA:110,1
DA:111,1
DA:112,1
DA:113,0
DA:114,0
DA:117,1
DA:118,1
DA:119,1
DA:120,0
DA:121,0
DA:125,1
DA:126,0
DA:128,1
DA:130,1
DA:137,0
DA:138,0
DA:139,0
DA:141,1
DA:142,1
DA:143,0
DA:144,1
DA:149,1
DA:157,1
DA:158,1
DA:159,1
DA:161,1
DA:162,1
DA:163,0
DA:164,0
DA:165,1
DA:166,0
DA:167,0
DA:168,0
DA:170,1
DA:178,1
DA:179,0
DA:180,1
DA:181,1
DA:182,1
DA:185,1
DA:186,1
DA:189,1
DA:190,1
DA:192,1
DA:193,1
DA:194,1
DA:195,1
DA:196,0
DA:197,0
DA:198,0
DA:200,1
DA:202,0
DA:203,0
DA:205,1
DA:206,1
DA:207,1
DA:208,1
DA:210,1
DA:218,1
DA:219,1
DA:220,1
DA:221,1
DA:222,1
DA:224,1
DA:225,1
DA:226,0
DA:227,1
DA:228,1
DA:229,1
DA:230,1
DA:232,1
DA:234,1
DA:235,1
DA:236,1
DA:237,1
DA:238,1
DA:239,0
DA:240,0
DA:242,0
DA:245,1
DA:246,1
DA:249,0
DA:251,1
DA:255,0
DA:256,0
DA:257,0
DA:259,1
DA:261,1
DA:263,1
DA:264,1
DA:265,1
DA:266,1
DA:267,1
DA:268,1
DA:269,1
DA:271,0
DA:272,0
DA:273,0
DA:274,0
DA:275,0
DA:277,0
DA:278,1
DA:280,1
DA:281,1
DA:282,0
DA:283,1
DA:284,1
DA:285,1
DA:286,0
DA:287,0
DA:288,0
DA:290,1
DA:291,1
DA:292,0
DA:293,1
DA:294,1
DA:296,1
DA:297,1
DA:299,1
DA:300,1
DA:301,1
DA:302,0
DA:304,0
DA:305,0
DA:306,0
DA:308,0
DA:309,0
DA:310,0
DA:311,0
DA:312,0
DA:313,0
DA:314,0
DA:316,1
DA:325,1
DA:326,0
DA:327,1
DA:328,1
DA:331,1
DA:332,1
DA:333,1
DA:334,1
DA:335,0
DA:336,0
DA:337,0
DA:340,1
DA:341,0
DA:342,0
DA:343,0
DA:344,0
DA:345,0
DA:347,1
DA:348,1
DA:349,1
DA:351,0
DA:352,0
DA:353,0
DA:354,0
DA:355,0
DA:356,0
DA:357,0
DA:359,0
DA:364,0
DA:366,1
DA:367,1
DA:369,1
DA:370,1
DA:371,1
DA:372,1
DA:373,1
DA:374,1
DA:376,1
DA:378,1
DA:379,1
DA:380,1
DA:381,1
DA:383,0
DA:384,0
DA:385,0
DA:387,1
DA:396,1
DA:397,1
DA:398,1
DA:399,1
DA:400,1
DA:401,0
DA:402,0
DA:404,1
DA:405,1
DA:406,1
DA:407,1
DA:409,1
DA:410,1
DA:411,1
DA:412,1
DA:413,0
DA:414,0
DA:416,1
DA:417,0
DA:423,0
DA:425,0
DA:426,0
DA:427,1
DA:428,1
DA:431,1
DA:432,1
DA:435,0
DA:441,1
DA:442,1
DA:443,1
DA:445,1
DA:452,0
DA:453,1
DA:454,1
DA:455,1
DA:457,1
DA:464,1
DA:465,0
DA:466,1
DA:467,1
DA:468,1
DA:470,1
DA:471,1
DA:472,1
DA:473,0
DA:474,1
DA:475,1
DA:476,1
DA:477,1
DA:480,1
DA:481,1
DA:484,0
DA:489,1
DA:495,0
DA:496,0
DA:497,0
DA:499,1
DA:508,1
DA:509,0
DA:510,1
DA:511,1
DA:512,1
DA:513,0
DA:514,0
DA:515,0
DA:517,1
DA:523,1
DA:524,0
DA:525,1
DA:526,1
DA:530,1
DA:531,1
DA:532,1
DA:533,1
DA:534,1
DA:535,1
DA:536,1
DA:540,1
DA:542,1
DA:543,1
DA:544,1
DA:546,1
DA:547,1
DA:548,1
DA:549,1
DA:551,1
DA:552,1
DA:554,1
DA:555,1
DA:556,1
DA:557,1
DA:558,1
LF:345
LH:238
FN:15,27,LanceDBConnection.__init__
FNDA:1,LanceDBConnection.__init__
FN:29,42,LanceDBConnection.connect
FNDA:1,LanceDBConnection.connect
FN:44,47,LanceDBConnection.disconnect
FNDA:1,LanceDBConnection.disconnect
FN:50,51,LanceDBConnection.is_connected
FNDA:1,LanceDBConnection.is_connected
FN:53,62,LanceDBConnection.list_collections
FNDA:1,LanceDBConnection.list_collections
FN:64,139,LanceDBConnection.get_collection_info
FNDA:1,LanceDBConnection.get_collection_info
FN:141,168,LanceDBConnection.create_collection
FNDA:1,LanceDBConnection.create_collection
FN:170,222,LanceDBConnection.add_items
FNDA:1,LanceDBConnection.add_items
FN:224,257,LanceDBConnection.get_items
FNDA:1,LanceDBConnection.get_items
FN:259,278,LanceDBConnection._parse_metadata_list
FNDA:1,LanceDBConnection._parse_metadata_list
FN:280,288,LanceDBConnection.delete_collection
FNDA:1,LanceDBConnection.delete_collection
FN:290,314,LanceDBConnection.count_collection
FNDA:1,LanceDBConnection.count_collection
FN:316,455,LanceDBConnection.query_collection
FNDA:1,LanceDBConnection.query_collection
FN:457,497,LanceDBConnection.get_all_items
FNDA:1,LanceDBConnection.get_all_items
FN:499,515,LanceDBConnection.update_items
FNDA:1,LanceDBConnection.update_items
FN:517,558,LanceDBConnection.delete_items
FNDA:1,LanceDBConnection.delete_items
FNF:16
FNH:16
end_of_record
SF:src\vector_inspector\core\connections\pgvector_connection.py
DA:3,1
DA:4,1
DA:6,1
DA:7,1
DA:10,1
DA:11,1
DA:14,1
DA:17,1
DA:35,1
DA:36,1
DA:37,1
DA:38,1
DA:39,1
DA:40,1
DA:42,1
DA:44,1
DA:51,1
DA:52,1
DA:62,1
DA:63,1
DA:64,0
DA:66,0
DA:68,1
DA:69,1
DA:71,1
DA:72,1
DA:73,1
DA:75,1
DA:76,1
DA:77,1
DA:78,1
DA:79,0
DA:80,0
DA:81,1
DA:82,0
DA:83,0
DA:84,0
DA:85,0
DA:87,1
DA:89,1
DA:90,1
DA:91,1
DA:93,1
DA:94,1
DA:96,1
DA:98,1
DA:105,1
DA:106,0
DA:107,1
DA:108,1
DA:109,1
DA:115,1
DA:116,1
DA:117,0
DA:118,0
DA:119,0
DA:121,1
DA:129,1
DA:130,1
DA:131,1
DA:132,1
DA:134,1
DA:141,0
DA:143,1
DA:144,1
DA:145,1
DA:146,1
DA:147,1
DA:148,1
DA:149,1
DA:151,1
DA:152,0
DA:153,0
DA:154,0
DA:155,0
DA:157,1
DA:167,1
DA:168,0
DA:169,1
DA:170,1
DA:172,1
DA:173,1
DA:174,1
DA:177,1
DA:178,1
DA:181,1
DA:182,1
DA:183,1
DA:185,1
DA:186,1
DA:187,1
DA:188,1
DA:189,1
DA:191,0
DA:192,0
DA:193,0
DA:194,0
DA:195,0
DA:196,0
DA:199,0
DA:200,0
DA:201,0
DA:202,0
DA:203,0
DA:204,0
DA:205,0
DA:206,0
DA:208,0
DA:209,0
DA:210,0
DA:211,0
DA:212,0
DA:213,0
DA:214,0
DA:215,1
DA:217,1
DA:219,1
DA:220,1
DA:221,0
DA:222,1
DA:223,0
DA:224,0
DA:226,1
DA:227,0
DA:228,0
DA:229,0
DA:231,1
DA:243,1
DA:244,0
DA:245,1
DA:246,1
DA:248,1
DA:251,1
DA:258,1
DA:259,1
DA:260,1
DA:261,1
DA:262,1
DA:263,1
DA:264,1
DA:267,1
DA:270,1
DA:271,1
DA:276,1
DA:277,1
DA:278,0
DA:279,0
DA:280,0
DA:281,0
DA:282,0
DA:284,1
DA:305,1
DA:306,0
DA:309,1
DA:310,1
DA:311,1
DA:312,1
DA:313,1
DA:314,1
DA:315,1
DA:316,0
DA:318,1
DA:319,1
DA:322,1
DA:323,1
DA:325,1
DA:326,1
DA:328,1
DA:329,1
DA:330,1
DA:332,1
DA:334,0
DA:335,0
DA:343,1
DA:344,1
DA:346,1
DA:347,1
DA:348,1
DA:351,1
DA:352,1
DA:353,1
DA:354,1
DA:355,1
DA:357,1
DA:358,1
DA:366,1
DA:367,1
DA:368,1
DA:369,1
DA:370,1
DA:371,1
DA:372,1
DA:374,1
DA:385,1
DA:386,0
DA:387,1
DA:388,1
DA:389,1
DA:391,1
DA:393,1
DA:397,1
DA:398,1
DA:401,1
DA:402,1
DA:403,1
DA:404,1
DA:406,1
DA:407,1
DA:408,1
DA:409,1
DA:412,1
DA:413,1
DA:414,1
DA:415,1
DA:416,1
DA:417,0
DA:418,0
DA:419,0
DA:420,0
DA:422,0
DA:423,1
DA:426,0
DA:427,0
DA:430,1
DA:432,1
DA:438,0
DA:439,0
DA:440,0
DA:442,1
DA:452,1
DA:453,0
DA:454,1
DA:455,1
DA:456,1
DA:457,1
DA:458,1
DA:459,0
DA:460,0
DA:461,0
DA:462,0
DA:463,0
DA:465,1
DA:475,1
DA:476,0
DA:477,1
DA:478,1
DA:479,1
DA:480,1
DA:481,1
DA:482,1
DA:483,0
DA:484,0
DA:485,0
DA:487,1
DA:509,1
DA:510,0
DA:513,1
DA:514,0
DA:515,0
DA:518,0
DA:521,0
DA:522,0
DA:524,0
DA:526,0
DA:527,0
DA:528,0
DA:529,0
DA:530,1
DA:531,1
DA:532,1
DA:536,1
DA:538,1
DA:539,1
DA:540,1
DA:541,1
DA:542,1
DA:544,1
DA:546,1
DA:551,1
DA:554,1
DA:555,0
DA:556,0
DA:557,0
DA:558,0
DA:559,0
DA:560,0
DA:561,0
DA:562,0
DA:564,0
DA:565,0
DA:566,0
DA:568,1
DA:569,1
DA:571,1
DA:572,1
DA:573,1
DA:574,1
DA:577,1
DA:578,1
DA:579,1
DA:580,1
DA:581,1
DA:583,1
DA:584,1
DA:585,1
DA:586,1
DA:589,1
DA:590,1
DA:591,1
DA:592,1
DA:593,1
DA:594,0
DA:595,0
DA:596,0
DA:597,0
DA:599,0
DA:600,1
DA:602,0
DA:607,0
DA:609,1
DA:610,1
DA:612,1
DA:613,1
DA:614,1
DA:615,1
DA:616,1
DA:619,1
DA:626,0
DA:627,0
DA:628,0
DA:630,1
DA:649,1
DA:650,0
DA:651,1
DA:652,1
DA:653,1
DA:655,1
DA:656,1
DA:657,1
DA:660,1
DA:661,1
DA:662,1
DA:663,1
DA:665,1
DA:666,1
DA:667,0
DA:669,0
DA:670,0
DA:672,1
DA:673,1
DA:674,1
DA:676,1
DA:677,1
DA:678,1
DA:679,1
DA:680,0
DA:681,0
DA:683,1
DA:684,1
DA:685,1
DA:686,1
DA:689,1
DA:690,1
DA:691,1
DA:692,1
DA:694,1
DA:695,1
DA:696,1
DA:697,1
DA:700,1
DA:701,1
DA:702,1
DA:703,1
DA:704,1
DA:705,0
DA:706,0
DA:707,0
DA:708,0
DA:710,0
DA:711,1
DA:714,0
DA:715,0
DA:718,1
DA:720,1
DA:726,1
DA:727,1
DA:728,1
DA:730,1
DA:751,1
DA:752,0
DA:753,1
DA:755,1
DA:756,1
DA:759,1
DA:761,1
DA:762,1
DA:763,1
DA:766,1
DA:767,1
DA:768,1
DA:769,1
DA:770,1
DA:771,1
DA:772,1
DA:774,1
DA:775,1
DA:776,1
DA:781,0
DA:782,0
DA:783,0
DA:784,0
DA:785,0
DA:786,0
DA:788,1
DA:789,1
DA:790,1
DA:791,1
DA:793,1
DA:794,1
DA:795,1
DA:798,1
DA:799,0
DA:800,0
DA:801,0
DA:802,0
DA:805,0
DA:806,0
DA:807,0
DA:808,0
DA:811,1
DA:812,1
DA:813,0
DA:815,0
DA:816,1
DA:817,1
DA:819,1
DA:821,1
DA:822,1
DA:824,1
DA:825,1
DA:826,1
DA:829,1
DA:831,1
DA:832,1
DA:833,0
DA:834,0
DA:835,0
DA:836,0
DA:837,0
DA:839,1
DA:856,1
DA:857,0
DA:858,1
DA:859,1
DA:860,1
DA:862,1
DA:864,1
DA:865,1
DA:869,1
DA:870,1
DA:871,1
DA:872,1
DA:873,1
DA:874,1
DA:875,1
DA:876,0
DA:877,0
DA:878,0
DA:880,1
DA:882,0
DA:884,1
DA:887,1
DA:890,0
DA:892,1
DA:893,1
DA:894,1
DA:895,1
DA:896,1
DA:897,1
DA:898,1
DA:899,0
DA:900,0
DA:901,1
DA:903,1
DA:910,1
DA:919,1
DA:929,1
DA:930,0
DA:931,1
DA:932,1
DA:933,1
DA:940,1
DA:941,1
DA:942,0
DA:944,0
DA:945,1
DA:946,1
DA:947,1
DA:948,1
DA:950,1
DA:961,1
DA:962,1
DA:963,1
DA:965,1
DA:966,1
DA:968,1
DA:969,1
DA:970,1
DA:971,0
DA:972,0
DA:973,1
DA:975,1
DA:976,1
DA:977,1
DA:978,1
DA:979,1
DA:980,1
DA:981,1
DA:982,1
DA:983,1
DA:984,1
DA:985,1
DA:986,0
DA:987,0
LF:524
LH:366
FN:17,42,PgVectorConnection.__init__
FNDA:1,PgVectorConnection.__init__
FN:44,85,PgVectorConnection.connect
FNDA:1,PgVectorConnection.connect
FN:87,91,PgVectorConnection.disconnect
FNDA:1,PgVectorConnection.disconnect
FN:94,96,PgVectorConnection.is_connected
FNDA:1,PgVectorConnection.is_connected
FN:98,119,PgVectorConnection.list_collections
FNDA:1,PgVectorConnection.list_collections
FN:121,155,PgVectorConnection.list_databases
FNDA:1,PgVectorConnection.list_databases
FN:157,229,PgVectorConnection.get_collection_info
FNDA:1,PgVectorConnection.get_collection_info
FN:231,282,PgVectorConnection.create_collection
FNDA:1,PgVectorConnection.create_collection
FN:284,372,PgVectorConnection.add_items
FNDA:1,PgVectorConnection.add_items
FN:374,440,PgVectorConnection.get_items
FNDA:1,PgVectorConnection.get_items
FN:442,463,PgVectorConnection.delete_collection
FNDA:1,PgVectorConnection.delete_collection
FN:465,485,PgVectorConnection.count_collection
FNDA:1,PgVectorConnection.count_collection
FN:487,628,PgVectorConnection.query_collection
FNDA:1,PgVectorConnection.query_collection
FN:630,728,PgVectorConnection.get_all_items
FNDA:1,PgVectorConnection.get_all_items
FN:730,837,PgVectorConnection.update_items
FNDA:1,PgVectorConnection.update_items
FN:839,901,PgVectorConnection.delete_items
FNDA:1,PgVectorConnection.delete_items
FN:903,917,PgVectorConnection.get_connection_info
FNDA:1,PgVectorConnection.get_connection_info
FN:919,948,PgVectorConnection._get_table_schema
FNDA:1,PgVectorConnection._get_table_schema
FN:950,987,PgVectorConnection._parse_vector
FNDA:1,PgVectorConnection._parse_vector
FNF:19
FNH:19
end_of_record
SF:src\vector_inspector\core\connections\pinecone_connection.py
DA:21,1
DA:22,1
DA:24,1
DA:26,1
DA:27,1
DA:30,1
DA:33,1
DA:44,1
DA:45,1
DA:46,1
DA:47,1
DA:48,1
DA:49,1
DA:50,1
DA:52,1
DA:53,1
DA:66,1
DA:67,0
DA:68,0
DA:69,1
DA:71,1
DA:72,1
DA:83,0
DA:84,0
DA:85,0
DA:87,1
DA:94,0
DA:96,0
DA:99,0
DA:100,0
DA:101,0
DA:102,0
DA:103,0
DA:104,0
DA:106,1
DA:108,1
DA:109,1
DA:110,1
DA:112,1
DA:113,1
DA:115,1
DA:117,1
DA:128,1
DA:129,0
DA:130,1
DA:131,1
DA:132,1
DA:134,1
DA:135,1
DA:137,1
DA:139,1
DA:140,1
DA:143,1
DA:145,1
DA:147,0
DA:150,1
DA:151,0
DA:152,0
DA:153,0
DA:158,1
DA:161,1
DA:163,0
DA:164,0
DA:166,0
DA:168,1
DA:169,0
DA:170,0
DA:171,0
DA:173,1
DA:175,1
DA:176,0
DA:178,1
DA:180,1
DA:181,1
DA:182,1
DA:183,1
DA:184,0
DA:185,0
DA:186,0
DA:188,1
DA:199,1
DA:200,0
DA:203,1
DA:204,0
DA:206,1
DA:207,1
DA:208,1
DA:211,1
DA:212,1
DA:214,1
DA:215,0
DA:216,1
DA:217,1
DA:219,0
DA:220,0
DA:221,0
DA:222,0
DA:223,0
DA:224,0
DA:227,1
DA:228,1
DA:229,1
DA:230,1
DA:231,0
DA:232,0
DA:233,0
DA:235,1
DA:252,0
DA:253,0
DA:255,0
DA:256,0
DA:261,0
DA:262,0
DA:263,0
DA:264,0
DA:265,0
DA:266,0
DA:268,0
DA:270,0
DA:271,0
DA:272,0
DA:274,1
DA:284,1
DA:285,0
DA:287,1
DA:289,1
DA:292,1
DA:295,1
DA:296,1
DA:297,0
DA:300,1
DA:303,1
DA:304,0
DA:305,0
DA:308,1
DA:310,1
DA:311,1
DA:314,1
DA:315,1
DA:316,1
DA:318,1
DA:319,0
DA:320,1
DA:321,1
DA:323,0
DA:324,0
DA:325,0
DA:326,0
DA:327,0
DA:328,0
DA:331,1
DA:334,1
DA:335,1
DA:336,1
DA:338,1
DA:339,1
DA:345,1
DA:346,1
DA:347,0
DA:348,0
DA:349,1
DA:350,1
DA:352,1
DA:372,1
DA:373,1
DA:374,1
DA:376,1
DA:377,0
DA:378,0
DA:379,0
DA:381,1
DA:401,1
DA:402,0
DA:404,1
DA:406,1
DA:409,1
DA:410,1
DA:417,1
DA:418,0
DA:425,1
DA:431,1
DA:434,1
DA:442,1
DA:443,1
DA:444,1
DA:445,1
DA:446,1
DA:451,1
DA:452,1
DA:453,0
DA:455,0
DA:456,0
DA:457,0
DA:458,0
DA:460,1
DA:482,1
DA:485,1
DA:486,1
DA:487,1
DA:490,1
DA:491,1
DA:492,1
DA:494,1
DA:495,0
DA:496,0
DA:498,1
DA:499,1
DA:500,0
DA:502,1
DA:504,1
DA:505,0
DA:508,1
DA:509,1
DA:510,1
DA:511,1
DA:512,1
DA:515,1
DA:516,1
DA:518,1
DA:521,1
DA:522,1
DA:523,1
DA:525,1
DA:526,0
DA:528,1
DA:530,1
DA:531,1
DA:532,1
DA:533,1
DA:535,1
DA:547,1
DA:549,1
DA:550,1
DA:551,0
DA:553,1
DA:556,1
DA:557,0
DA:559,1
DA:561,1
DA:562,1
DA:564,1
DA:565,1
DA:566,1
DA:567,1
DA:570,1
DA:571,1
DA:572,1
DA:574,0
DA:575,0
DA:577,1
DA:578,1
DA:579,1
DA:580,1
DA:582,1
DA:595,1
DA:596,0
DA:598,1
DA:600,1
DA:602,1
DA:604,0
DA:605,0
DA:606,0
DA:607,0
DA:610,1
DA:611,1
DA:612,0
DA:613,0
DA:615,1
DA:616,0
DA:617,0
DA:618,0
DA:620,1
DA:631,1
DA:633,1
DA:634,1
DA:635,0
DA:637,1
DA:638,1
DA:641,1
DA:642,0
DA:643,0
DA:645,1
DA:646,0
DA:647,0
DA:649,1
DA:656,1
DA:659,1
DA:660,1
DA:661,1
DA:669,1
DA:670,1
DA:671,1
DA:672,0
DA:673,0
DA:676,1
DA:678,1
DA:679,1
DA:680,1
DA:681,1
DA:682,1
DA:683,1
DA:684,1
DA:685,1
DA:687,1
DA:688,1
DA:691,1
DA:692,1
DA:694,1
DA:695,0
DA:696,1
DA:697,1
DA:698,1
DA:700,1
DA:702,1
DA:703,1
DA:705,1
DA:707,1
DA:732,1
DA:735,1
DA:738,1
DA:739,0
DA:740,0
DA:746,1
DA:747,0
DA:748,0
DA:749,0
DA:750,0
DA:751,0
DA:752,0
DA:754,1
DA:755,0
DA:756,0
DA:758,1
DA:759,1
DA:760,0
DA:762,1
DA:764,1
DA:765,1
DA:766,1
DA:767,1
DA:768,1
DA:770,1
DA:772,1
DA:773,1
DA:774,0
DA:777,1
DA:778,0
DA:787,1
DA:796,1
DA:797,1
DA:798,1
DA:799,1
DA:800,1
DA:802,1
DA:803,1
DA:804,1
DA:806,1
DA:807,1
DA:808,1
DA:810,0
DA:812,1
DA:813,1
DA:814,1
DA:815,1
DA:817,1
DA:818,1
DA:820,0
DA:822,1
DA:823,1
DA:824,1
DA:825,1
DA:826,1
DA:828,1
DA:835,1
DA:836,1
DA:838,1
DA:839,1
DA:841,1
DA:864,0
DA:865,0
DA:866,0
DA:868,0
DA:870,0
DA:871,0
DA:872,0
DA:873,0
DA:874,0
DA:876,0
DA:878,0
DA:879,0
DA:880,0
DA:883,0
DA:888,0
DA:891,0
DA:892,0
DA:895,0
DA:896,0
DA:900,0
DA:905,0
DA:906,0
DA:907,0
DA:908,0
DA:909,0
DA:912,0
DA:913,0
DA:914,0
DA:915,0
DA:917,0
DA:918,0
DA:920,0
DA:922,0
DA:923,0
DA:924,0
DA:927,0
DA:930,0
DA:932,0
DA:934,0
DA:937,0
DA:942,0
DA:943,0
DA:944,0
DA:945,0
DA:946,0
DA:948,0
DA:949,0
DA:952,0
DA:954,0
DA:955,0
DA:956,0
DA:957,0
DA:958,0
DA:960,0
DA:967,0
DA:968,0
DA:970,0
DA:971,0
DA:973,1
DA:981,1
DA:983,1
DA:984,1
DA:986,0
DA:989,1
DA:991,1
DA:993,1
DA:1016,1
DA:1018,1
DA:1019,1
DA:1020,0
DA:1022,1
DA:1023,1
DA:1024,1
DA:1025,1
DA:1026,1
DA:1027,1
DA:1031,1
DA:1032,1
DA:1033,1
DA:1034,0
DA:1037,1
DA:1038,1
DA:1039,0
DA:1040,0
DA:1042,1
DA:1043,1
DA:1044,1
DA:1046,0
DA:1049,1
DA:1050,1
DA:1053,1
DA:1054,0
DA:1057,1
DA:1058,1
DA:1059,1
DA:1060,1
DA:1061,1
DA:1063,1
DA:1064,1
DA:1066,1
DA:1067,0
DA:1069,1
DA:1071,1
DA:1072,1
DA:1073,1
DA:1074,1
DA:1076,1
DA:1077,1
DA:1078,1
DA:1079,1
DA:1080,1
DA:1082,1
DA:1089,0
DA:1090,0
DA:1092,0
DA:1093,0
DA:1095,1
DA:1119,1
DA:1121,1
DA:1122,1
DA:1123,0
DA:1125,1
DA:1128,1
DA:1129,0
DA:1131,1
DA:1133,1
DA:1134,1
DA:1136,1
DA:1137,1
DA:1138,1
DA:1139,1
DA:1142,0
DA:1143,0
DA:1144,0
DA:1145,0
DA:1148,1
DA:1149,1
DA:1152,1
DA:1154,1
DA:1157,1
DA:1158,1
DA:1163,0
DA:1164,0
DA:1165,1
DA:1166,1
DA:1167,1
DA:1169,1
DA:1172,1
DA:1173,1
DA:1174,1
DA:1176,1
DA:1177,0
DA:1179,1
DA:1181,1
DA:1182,0
DA:1183,0
DA:1184,0
DA:1186,1
DA:1204,1
DA:1206,1
DA:1207,1
DA:1208,0
DA:1210,1
DA:1211,1
DA:1214,1
DA:1215,0
DA:1217,1
DA:1218,1
DA:1220,1
DA:1221,1
DA:1222,0
DA:1224,1
DA:1227,0
DA:1228,0
DA:1230,0
DA:1232,1
DA:1233,1
DA:1234,1
DA:1235,1
DA:1237,1
DA:1244,1
DA:1246,1
DA:1247,1
DA:1249,1
DA:1250,1
DA:1251,0
DA:1252,0
DA:1254,1
DA:1256,1
DA:1263,1
LF:568
LH:359
FN:33,50,PineconeConnection.__init__
FNDA:1,PineconeConnection.__init__
FN:53,69,PineconeConnection._parse_collection_name
FNDA:1,PineconeConnection._parse_collection_name
FN:72,85,PineconeConnection._format_collection_name
FNDA:0,PineconeConnection._format_collection_name
FN:87,104,PineconeConnection.connect
FNDA:0,PineconeConnection.connect
FN:106,110,PineconeConnection.disconnect
FNDA:1,PineconeConnection.disconnect
FN:113,115,PineconeConnection.is_connected
FNDA:1,PineconeConnection.is_connected
FN:117,171,PineconeConnection.list_collections
FNDA:1,PineconeConnection.list_collections
FN:173,186,PineconeConnection._get_index
FNDA:1,PineconeConnection._get_index
FN:188,233,PineconeConnection._check_hosted_model
FNDA:1,PineconeConnection._check_hosted_model
FN:235,272,PineconeConnection._embed_with_inference_api
FNDA:0,PineconeConnection._embed_with_inference_api
FN:274,379,PineconeConnection.get_collection_info
FNDA:1,PineconeConnection.get_collection_info
FN:381,458,PineconeConnection.create_collection
FNDA:1,PineconeConnection.create_collection
FN:460,533,PineconeConnection.add_items
FNDA:1,PineconeConnection.add_items
FN:535,580,PineconeConnection.get_items
FNDA:1,PineconeConnection.get_items
FN:582,618,PineconeConnection.delete_collection
FNDA:1,PineconeConnection.delete_collection
FN:620,647,PineconeConnection.count_collection
FNDA:1,PineconeConnection.count_collection
FN:649,705,PineconeConnection._get_embedding_function_for_collection
FNDA:1,PineconeConnection._get_embedding_function_for_collection
FN:702,703,PineconeConnection._get_embedding_function_for_collection.embedding_fn
FNDA:1,PineconeConnection._get_embedding_function_for_collection.embedding_fn
FN:707,839,PineconeConnection.query_collection
FNDA:1,PineconeConnection.query_collection
FN:841,971,PineconeConnection._query_with_hosted_model
FNDA:0,PineconeConnection._query_with_hosted_model
FN:973,991,PineconeConnection._convert_filter
FNDA:1,PineconeConnection._convert_filter
FN:993,1093,PineconeConnection.get_all_items
FNDA:1,PineconeConnection.get_all_items
FN:1095,1184,PineconeConnection.update_items
FNDA:1,PineconeConnection.update_items
FN:1186,1235,PineconeConnection.delete_items
FNDA:1,PineconeConnection.delete_items
FN:1237,1254,PineconeConnection.get_connection_info
FNDA:1,PineconeConnection.get_connection_info
FN:1256,1275,PineconeConnection.get_supported_filter_operators
FNDA:1,PineconeConnection.get_supported_filter_operators
FNF:26
FNH:22
end_of_record
SF:src\vector_inspector\core\connections\qdrant_connection.py
DA:3,1
DA:4,1
DA:6,1
DA:7,1
DA:14,1
DA:15,1
DA:18,1
DA:19,1
DA:22,1
DA:25,1
DA:45,1
DA:46,1
DA:47,1
DA:48,1
DA:49,1
DA:50,1
DA:51,1
DA:53,1
DA:60,1
DA:62,1
DA:67,1
DA:69,1
DA:70,1
DA:72,0
DA:78,1
DA:80,0
DA:89,1
DA:92,1
DA:93,1
DA:94,0
DA:95,0
DA:96,0
DA:98,1
DA:104,1
DA:105,1
DA:106,1
DA:108,1
DA:110,1
DA:112,0
DA:113,0
DA:114,0
DA:116,1
DA:117,1
DA:119,1
DA:121,1
DA:123,1
DA:124,1
DA:125,1
DA:126,1
DA:127,1
DA:128,0
DA:129,0
DA:131,1
DA:138,1
DA:139,0
DA:141,1
DA:143,1
DA:144,1
DA:145,0
DA:148,1
DA:149,1
DA:150,1
DA:151,1
DA:152,0
DA:153,0
DA:155,1
DA:156,0
DA:157,0
DA:158,0
DA:160,1
DA:167,1
DA:168,0
DA:169,1
DA:170,1
DA:171,1
DA:172,0
DA:173,0
DA:174,0
DA:176,1
DA:186,1
DA:187,0
DA:189,1
DA:191,1
DA:194,1
DA:198,1
DA:199,1
DA:200,1
DA:201,1
DA:203,1
DA:206,1
DA:207,1
DA:208,1
DA:210,1
DA:212,1
DA:213,1
DA:214,1
DA:215,1
DA:217,1
DA:219,1
DA:220,1
DA:221,1
DA:222,1
DA:225,1
DA:226,1
DA:229,1
DA:230,1
DA:231,1
DA:232,1
DA:233,1
DA:234,0
DA:235,1
DA:236,0
DA:237,1
DA:238,0
DA:240,1
DA:243,1
DA:244,1
DA:245,1
DA:251,1
DA:252,1
DA:253,1
DA:257,1
DA:266,1
DA:267,1
DA:268,1
DA:269,1
DA:270,1
DA:271,1
DA:273,1
DA:274,1
DA:276,1
DA:278,1
DA:279,1
DA:280,1
DA:282,1
DA:284,0
DA:285,0
DA:286,0
DA:287,0
DA:288,0
DA:290,0
DA:291,0
DA:292,0
DA:294,1
DA:296,1
DA:297,1
DA:298,0
DA:299,0
DA:300,0
DA:302,1
DA:325,1
DA:326,0
DA:328,1
DA:329,0
DA:330,0
DA:332,1
DA:334,1
DA:337,1
DA:346,1
DA:349,1
DA:350,1
DA:352,1
DA:354,1
DA:356,0
DA:357,0
DA:361,0
DA:363,0
DA:364,0
DA:365,0
DA:366,0
DA:368,1
DA:371,1
DA:372,1
DA:380,0
DA:381,1
DA:382,1
DA:383,1
DA:386,0
DA:387,0
DA:388,0
DA:389,0
DA:390,0
DA:392,0
DA:393,0
DA:394,0
DA:397,0
DA:398,0
DA:401,0
DA:402,0
DA:405,0
DA:407,0
DA:408,0
DA:409,0
DA:410,0
DA:411,0
DA:413,1
DA:414,0
DA:415,0
DA:416,0
DA:418,1
DA:437,1
DA:438,0
DA:440,1
DA:442,1
DA:445,1
DA:455,1
DA:456,1
DA:457,1
DA:458,1
DA:460,1
DA:461,1
DA:463,1
DA:464,1
DA:467,1
DA:468,1
DA:471,1
DA:473,0
DA:475,1
DA:477,1
DA:483,1
DA:484,1
DA:485,1
DA:487,1
DA:514,1
DA:515,0
DA:517,1
DA:518,1
DA:521,1
DA:522,0
DA:528,0
DA:531,1
DA:532,1
DA:533,1
DA:538,1
DA:539,1
DA:540,1
DA:542,1
DA:544,1
DA:545,0
DA:548,1
DA:549,1
DA:552,1
DA:553,0
DA:556,1
DA:557,1
DA:559,1
DA:560,1
DA:562,1
DA:563,0
DA:564,1
DA:569,1
DA:570,1
DA:571,1
DA:573,1
DA:575,1
DA:577,1
DA:578,1
DA:581,1
DA:582,1
DA:583,1
DA:584,1
DA:585,1
DA:587,1
DA:608,1
DA:609,0
DA:611,1
DA:613,1
DA:615,1
DA:622,1
DA:623,0
DA:625,1
DA:626,1
DA:627,1
DA:630,1
DA:631,1
DA:633,1
DA:635,0
DA:636,0
DA:637,0
DA:640,1
DA:641,0
DA:642,1
DA:643,1
DA:645,1
DA:650,1
DA:651,0
DA:652,0
DA:654,0
DA:657,1
DA:662,1
DA:663,0
DA:664,0
DA:665,0
DA:667,1
DA:684,1
DA:685,0
DA:687,1
DA:688,1
DA:690,1
DA:691,1
DA:693,1
DA:694,1
DA:695,1
DA:698,1
DA:699,1
DA:700,1
DA:701,1
DA:703,1
DA:713,1
DA:714,0
DA:716,1
DA:717,1
DA:718,1
DA:719,0
DA:720,0
DA:721,0
DA:723,1
DA:735,1
DA:736,0
DA:738,1
DA:740,1
DA:747,1
DA:749,1
DA:753,1
DA:754,0
DA:755,0
DA:756,0
DA:758,1
DA:765,1
DA:766,1
DA:769,1
DA:770,1
DA:771,1
DA:773,1
DA:774,1
DA:775,1
DA:776,0
DA:777,0
DA:778,0
DA:780,1
DA:781,0
DA:782,0
DA:785,1
DA:786,1
DA:787,1
DA:788,1
DA:790,1
DA:797,1
DA:800,0
DA:801,0
DA:804,1
DA:805,1
DA:808,1
DA:809,1
DA:810,1
DA:812,0
DA:813,1
DA:814,1
DA:820,1
DA:823,1
DA:824,1
DA:825,1
DA:828,1
DA:830,1
DA:831,1
DA:832,1
DA:833,1
DA:838,0
DA:839,0
DA:840,0
DA:843,1
DA:844,1
DA:846,1
DA:847,0
DA:848,0
DA:849,0
DA:851,1
DA:853,1
DA:857,1
DA:858,1
DA:859,1
DA:860,1
DA:861,1
DA:862,1
DA:863,1
DA:864,1
DA:865,1
DA:866,1
DA:868,1
DA:869,1
DA:871,1
DA:873,0
LF:392
LH:280
FN:25,51,QdrantConnection.__init__
FNDA:1,QdrantConnection.__init__
FN:53,96,QdrantConnection.connect
FNDA:1,QdrantConnection.connect
FN:98,108,QdrantConnection._to_uuid
FNDA:1,QdrantConnection._to_uuid
FN:110,114,QdrantConnection.disconnect
FNDA:0,QdrantConnection.disconnect
FN:117,119,QdrantConnection.is_connected
FNDA:1,QdrantConnection.is_connected
FN:121,129,QdrantConnection.count_collection
FNDA:1,QdrantConnection.count_collection
FN:131,158,QdrantConnection.get_items
FNDA:1,QdrantConnection.get_items
FN:160,174,QdrantConnection.list_collections
FNDA:1,QdrantConnection.list_collections
FN:176,280,QdrantConnection.get_collection_info
FNDA:1,QdrantConnection.get_collection_info
FN:282,292,QdrantConnection._get_embedding_model_for_collection
FNDA:0,QdrantConnection._get_embedding_model_for_collection
FN:294,300,QdrantConnection._build_qdrant_filter
FNDA:1,QdrantConnection._build_qdrant_filter
FN:302,416,QdrantConnection.query_collection
FNDA:1,QdrantConnection.query_collection
FN:418,485,QdrantConnection.get_all_items
FNDA:1,QdrantConnection.get_all_items
FN:487,585,QdrantConnection.add_items
FNDA:1,QdrantConnection.add_items
FN:587,665,QdrantConnection.update_items
FNDA:1,QdrantConnection.update_items
FN:667,701,QdrantConnection.delete_items
FNDA:1,QdrantConnection.delete_items
FN:703,721,QdrantConnection.delete_collection
FNDA:1,QdrantConnection.delete_collection
FN:723,756,QdrantConnection.create_collection
FNDA:1,QdrantConnection.create_collection
FN:758,849,QdrantConnection.prepare_restore
FNDA:1,QdrantConnection.prepare_restore
FN:851,869,QdrantConnection.get_connection_info
FNDA:1,QdrantConnection.get_connection_info
FN:871,884,QdrantConnection.get_supported_filter_operators
FNDA:0,QdrantConnection.get_supported_filter_operators
FNF:21
FNH:18
end_of_record
SF:src\vector_inspector\core\connections\qdrant_helpers\__init__.py
DA:1,1
DA:2,1
DA:4,1
LF:3
LH:3
end_of_record
SF:src\vector_inspector\core\connections\qdrant_helpers\qdrant_embedding_resolver.py
DA:1,1
DA:3,1
DA:6,1
DA:13,1
DA:14,1
DA:15,1
DA:16,1
DA:17,1
DA:20,1
DA:21,1
DA:22,1
DA:23,1
DA:24,1
DA:27,1
DA:28,1
DA:29,1
DA:30,1
DA:31,1
DA:33,1
DA:34,1
DA:35,1
LF:21
LH:21
FN:6,35,resolve_embedding_model
FNDA:1,resolve_embedding_model
FNF:1
FNH:1
end_of_record
SF:src\vector_inspector\core\connections\qdrant_helpers\qdrant_filter_builder.py
DA:1,1
DA:2,1
DA:5,1
DA:10,1
DA:11,1
DA:13,1
DA:14,1
DA:15,1
DA:17,1
DA:18,1
DA:19,1
DA:20,1
DA:21,1
DA:22,1
DA:23,1
DA:24,1
DA:25,1
DA:26,1
DA:27,1
DA:28,1
DA:29,1
DA:30,1
DA:31,1
DA:32,1
DA:33,1
DA:34,1
DA:35,1
DA:36,1
DA:37,1
DA:38,1
DA:39,1
DA:40,1
DA:41,1
DA:42,1
DA:44,1
DA:46,1
DA:47,1
DA:49,0
DA:50,1
DA:51,1
LF:40
LH:39
FN:5,51,build_filter
FNDA:1,build_filter
FNF:1
FNH:1
end_of_record
SF:src\vector_inspector\core\connections\template_connection.py
DA:7,1
DA:9,1
DA:11,1
DA:14,1
DA:20,1
DA:29,1
DA:32,1
DA:39,1
DA:42,1
DA:43,0
DA:44,0
DA:45,0
DA:47,1
DA:50,1
DA:52,1
DA:53,1
DA:61,1
DA:63,1
DA:70,1
DA:71,1
DA:72,1
DA:76,1
DA:77,0
DA:78,0
DA:79,0
DA:81,1
DA:94,1
DA:95,1
DA:97,1
DA:103,1
DA:108,0
DA:109,0
DA:110,0
DA:112,1
DA:140,1
DA:141,1
DA:143,1
DA:153,1
DA:154,0
DA:155,0
DA:156,0
DA:158,1
DA:181,1
DA:182,1
DA:184,1
DA:193,1
DA:194,0
DA:195,0
DA:196,0
DA:198,1
DA:219,1
DA:220,1
DA:222,1
DA:231,1
DA:232,0
DA:233,0
DA:234,0
DA:236,1
DA:257,1
DA:258,1
DA:260,1
DA:269,1
DA:270,0
DA:271,0
DA:272,0
DA:274,1
DA:291,1
DA:292,1
DA:294,1
DA:301,1
DA:302,0
DA:303,0
DA:304,0
DA:306,1
DA:316,1
DA:317,1
DA:319,1
DA:322,1
DA:323,0
DA:324,0
DA:325,0
DA:327,1
DA:334,1
LF:83
LH:56
FN:20,29,TemplateConnection.__init__
FNDA:1,TemplateConnection.__init__
FN:32,45,TemplateConnection.connect
FNDA:1,TemplateConnection.connect
FN:47,50,TemplateConnection.disconnect
FNDA:1,TemplateConnection.disconnect
FN:53,61,TemplateConnection.is_connected
FNDA:1,TemplateConnection.is_connected
FN:63,79,TemplateConnection.list_collections
FNDA:1,TemplateConnection.list_collections
FN:81,110,TemplateConnection.get_collection_info
FNDA:1,TemplateConnection.get_collection_info
FN:112,156,TemplateConnection.query_collection
FNDA:1,TemplateConnection.query_collection
FN:158,196,TemplateConnection.get_all_items
FNDA:1,TemplateConnection.get_all_items
FN:198,234,TemplateConnection.add_items
FNDA:1,TemplateConnection.add_items
FN:236,272,TemplateConnection.update_items
FNDA:1,TemplateConnection.update_items
FN:274,304,TemplateConnection.delete_items
FNDA:1,TemplateConnection.delete_items
FN:306,325,TemplateConnection.delete_collection
FNDA:1,TemplateConnection.delete_collection
FN:327,338,TemplateConnection.get_connection_info
FNDA:1,TemplateConnection.get_connection_info
FNF:13
FNH:13
end_of_record
SF:src\vector_inspector\core\connections\weaviate_connection.py
DA:31,1
DA:32,1
DA:33,1
DA:34,1
DA:36,1
DA:37,1
DA:38,1
DA:41,1
DA:44,1
DA:70,1
DA:71,1
DA:73,1
DA:74,1
DA:75,1
DA:76,1
DA:77,1
DA:78,1
DA:79,1
DA:80,1
DA:81,1
DA:83,1
DA:90,1
DA:92,1
DA:93,1
DA:96,1
DA:98,1
DA:100,1
DA:103,1
DA:105,1
DA:106,1
DA:107,1
DA:108,1
DA:110,1
DA:111,1
DA:114,1
DA:119,1
DA:121,1
DA:122,0
DA:123,0
DA:124,0
DA:126,1
DA:127,1
DA:131,1
DA:132,0
DA:133,1
DA:139,1
DA:140,1
DA:142,0
DA:145,0
DA:148,1
DA:155,1
DA:157,0
DA:158,0
DA:159,0
DA:161,0
DA:162,0
DA:170,1
DA:171,1
DA:172,0
DA:175,1
DA:176,1
DA:177,1
DA:179,1
DA:180,1
DA:181,0
DA:184,1
DA:185,1
DA:190,0
DA:194,1
DA:203,1
DA:206,1
DA:207,1
DA:208,1
DA:209,1
DA:211,1
DA:212,1
DA:214,0
DA:215,0
DA:216,0
DA:217,0
DA:218,0
DA:219,0
DA:220,0
DA:221,0
DA:222,0
DA:224,1
DA:226,1
DA:227,1
DA:228,1
DA:229,0
DA:230,0
DA:232,1
DA:234,1
DA:235,1
DA:237,1
DA:238,1
DA:239,1
DA:240,1
DA:241,0
DA:242,0
DA:244,1
DA:251,1
DA:252,0
DA:253,1
DA:255,1
DA:256,1
DA:257,0
DA:258,0
DA:259,0
DA:261,1
DA:271,1
DA:272,0
DA:274,1
DA:275,1
DA:278,1
DA:281,1
DA:282,1
DA:285,1
DA:286,1
DA:289,1
DA:290,1
DA:291,1
DA:293,0
DA:298,0
DA:300,0
DA:301,0
DA:302,0
DA:303,0
DA:304,0
DA:307,0
DA:308,0
DA:310,0
DA:311,0
DA:312,0
DA:313,0
DA:314,0
DA:315,0
DA:316,0
DA:317,0
DA:318,0
DA:319,0
DA:320,0
DA:322,0
DA:325,1
DA:326,1
DA:327,1
DA:328,1
DA:329,0
DA:330,0
DA:332,0
DA:334,0
DA:335,0
DA:336,0
DA:337,0
DA:338,0
DA:339,0
DA:342,1
DA:343,1
DA:345,1
DA:346,1
DA:347,0
DA:349,0
DA:350,0
DA:351,0
DA:353,1
DA:362,1
DA:363,1
DA:364,1
DA:365,1
DA:371,1
DA:372,1
DA:373,1
DA:375,1
DA:377,0
DA:378,0
DA:379,0
DA:381,1
DA:393,1
DA:394,0
DA:396,1
DA:397,1
DA:400,1
DA:411,1
DA:415,1
DA:431,1
DA:437,1
DA:439,0
DA:440,0
DA:441,0
DA:443,1
DA:464,1
DA:465,0
DA:467,1
DA:468,1
DA:471,1
DA:472,1
DA:473,1
DA:476,0
DA:477,0
DA:478,0
DA:480,1
DA:481,0
DA:482,0
DA:484,1
DA:485,1
DA:488,1
DA:489,1
DA:491,1
DA:493,1
DA:495,1
DA:497,0
DA:502,0
DA:503,0
DA:504,0
DA:506,0
DA:507,0
DA:509,0
DA:512,1
DA:513,1
DA:515,1
DA:517,1
DA:518,1
DA:521,1
DA:522,1
DA:525,1
DA:528,1
DA:533,1
DA:536,1
DA:537,1
DA:538,1
DA:544,1
DA:545,1
DA:547,1
DA:548,1
DA:549,1
DA:551,1
DA:562,0
DA:563,0
DA:565,0
DA:566,0
DA:568,0
DA:569,0
DA:571,0
DA:572,0
DA:574,0
DA:576,0
DA:578,0
DA:579,0
DA:580,0
DA:583,0
DA:585,0
DA:586,0
DA:587,0
DA:588,0
DA:589,0
DA:590,0
DA:592,0
DA:594,0
DA:595,0
DA:596,0
DA:598,1
DA:608,1
DA:609,0
DA:611,1
DA:612,1
DA:613,1
DA:614,1
DA:615,0
DA:616,0
DA:617,0
DA:619,1
DA:629,1
DA:630,0
DA:632,1
DA:633,1
DA:634,1
DA:635,1
DA:636,0
DA:637,0
DA:639,1
DA:662,1
DA:663,0
DA:665,1
DA:666,0
DA:667,0
DA:669,1
DA:670,1
DA:673,1
DA:674,0
DA:675,0
DA:678,0
DA:679,0
DA:680,0
DA:682,1
DA:683,0
DA:684,0
DA:687,1
DA:690,1
DA:698,1
DA:700,1
DA:709,1
DA:710,1
DA:711,1
DA:712,1
DA:713,1
DA:715,1
DA:716,1
DA:719,1
DA:720,1
DA:723,1
DA:724,1
DA:725,1
DA:726,1
DA:729,1
DA:731,1
DA:732,0
DA:734,1
DA:736,0
DA:738,1
DA:739,1
DA:740,1
DA:741,1
DA:742,1
DA:744,1
DA:746,1
DA:747,1
DA:748,1
DA:750,1
DA:760,1
DA:761,0
DA:763,1
DA:764,1
DA:765,1
DA:768,1
DA:770,1
DA:771,1
DA:773,0
DA:774,0
DA:775,0
DA:776,0
DA:777,0
DA:778,0
DA:779,0
DA:780,0
DA:781,0
DA:782,0
DA:783,0
DA:784,0
DA:785,0
DA:786,0
DA:788,0
DA:791,1
DA:794,1
DA:795,0
DA:797,1
DA:798,1
DA:801,0
DA:802,0
DA:803,0
DA:805,0
DA:807,0
DA:808,0
DA:809,0
DA:811,1
DA:830,1
DA:831,0
DA:833,1
DA:834,1
DA:837,1
DA:840,1
DA:848,1
DA:849,1
DA:850,1
DA:851,1
DA:853,1
DA:854,1
DA:857,1
DA:858,1
DA:859,1
DA:860,1
DA:863,1
DA:865,1
DA:866,0
DA:868,1
DA:870,0
DA:872,1
DA:879,1
DA:880,1
DA:881,1
DA:883,1
DA:904,1
DA:905,0
DA:907,1
DA:908,1
DA:910,1
DA:911,1
DA:913,1
DA:915,1
DA:916,0
DA:919,1
DA:920,1
DA:923,1
DA:924,1
DA:927,1
DA:928,0
DA:929,0
DA:934,0
DA:935,0
DA:936,0
DA:937,0
DA:940,1
DA:942,1
DA:943,1
DA:944,1
DA:947,1
DA:948,1
DA:951,1
DA:957,0
DA:958,0
DA:959,0
DA:961,1
DA:963,0
DA:964,0
DA:965,0
DA:967,1
DA:984,1
DA:985,0
DA:987,1
DA:988,1
DA:990,1
DA:992,1
DA:993,1
DA:994,1
DA:995,1
DA:996,1
DA:997,1
DA:999,1
DA:1000,1
DA:1001,1
DA:1003,1
DA:1005,0
DA:1006,0
DA:1007,0
DA:1009,1
DA:1011,1
DA:1017,1
DA:1018,1
DA:1019,1
DA:1020,1
DA:1021,1
DA:1022,1
DA:1023,1
DA:1024,1
DA:1029,1
DA:1030,1
DA:1031,1
DA:1032,1
DA:1033,1
DA:1035,0
DA:1036,0
DA:1037,0
DA:1039,1
DA:1041,1
DA:1043,1
DA:1045,1
LF:465
LH:288
FN:44,81,WeaviateConnection.__init__
FNDA:1,WeaviateConnection.__init__
FN:83,222,WeaviateConnection.connect
FNDA:1,WeaviateConnection.connect
FN:224,232,WeaviateConnection.disconnect
FNDA:1,WeaviateConnection.disconnect
FN:235,242,WeaviateConnection.is_connected
FNDA:1,WeaviateConnection.is_connected
FN:244,259,WeaviateConnection.list_collections
FNDA:1,WeaviateConnection.list_collections
FN:261,379,WeaviateConnection.get_collection_info
FNDA:1,WeaviateConnection.get_collection_info
FN:381,441,WeaviateConnection.create_collection
FNDA:1,WeaviateConnection.create_collection
FN:443,549,WeaviateConnection.add_items
FNDA:1,WeaviateConnection.add_items
FN:551,596,WeaviateConnection.get_items
FNDA:0,WeaviateConnection.get_items
FN:598,617,WeaviateConnection.delete_collection
FNDA:1,WeaviateConnection.delete_collection
FN:619,637,WeaviateConnection.count_collection
FNDA:1,WeaviateConnection.count_collection
FN:639,748,WeaviateConnection.query_collection
FNDA:1,WeaviateConnection.query_collection
FN:750,809,WeaviateConnection._build_filter
FNDA:1,WeaviateConnection._build_filter
FN:811,881,WeaviateConnection.get_all_items
FNDA:1,WeaviateConnection.get_all_items
FN:883,965,WeaviateConnection.update_items
FNDA:1,WeaviateConnection.update_items
FN:967,1007,WeaviateConnection.delete_items
FNDA:1,WeaviateConnection.delete_items
FN:1009,1041,WeaviateConnection.get_connection_info
FNDA:1,WeaviateConnection.get_connection_info
FN:1043,1056,WeaviateConnection.get_supported_filter_operators
FNDA:1,WeaviateConnection.get_supported_filter_operators
FNF:18
FNH:17
end_of_record
SF:src\vector_inspector\core\embedding_providers\__init__.py
DA:3,1
DA:4,1
DA:5,1
DA:6,1
DA:8,1
LF:5
LH:5
end_of_record
SF:src\vector_inspector\core\embedding_providers\base_provider.py
DA:3,1
DA:4,1
DA:5,1
DA:6,1
DA:7,1
DA:10,1
DA:12,1
DA:13,1
DA:14,1
DA:17,1
DA:19,1
DA:20,1
DA:23,1
DA:24,1
DA:26,1
DA:27,1
DA:28,1
DA:29,1
DA:30,1
DA:31,1
DA:32,1
DA:33,1
DA:34,1
DA:37,1
DA:44,1
DA:50,1
DA:51,1
DA:52,1
DA:54,1
DA:55,1
DA:63,0
DA:65,1
DA:66,1
DA:82,0
DA:84,1
DA:90,0
DA:91,0
DA:93,0
DA:94,0
DA:96,0
DA:97,0
DA:99,0
DA:100,0
DA:102,1
DA:103,1
DA:105,0
DA:107,1
DA:109,0
DA:111,0
DA:112,0
DA:113,0
DA:115,1
DA:116,1
DA:118,0
DA:120,1
DA:122,0
DA:123,0
DA:125,1
DA:127,0
DA:128,0
LF:60
LH:40
FN:44,52,EmbeddingProvider.__init__
FNDA:1,EmbeddingProvider.__init__
FN:55,63,EmbeddingProvider.get_metadata
FNDA:0,EmbeddingProvider.get_metadata
FN:66,82,EmbeddingProvider.encode
FNDA:0,EmbeddingProvider.encode
FN:84,100,EmbeddingProvider.warmup
FNDA:0,EmbeddingProvider.warmup
FN:103,105,EmbeddingProvider._load_model
FNDA:0,EmbeddingProvider._load_model
FN:107,113,EmbeddingProvider.close
FNDA:0,EmbeddingProvider.close
FN:116,118,EmbeddingProvider.is_loaded
FNDA:0,EmbeddingProvider.is_loaded
FN:120,123,EmbeddingProvider.__enter__
FNDA:0,EmbeddingProvider.__enter__
FN:125,128,EmbeddingProvider.__exit__
FNDA:0,EmbeddingProvider.__exit__
FNF:9
FNH:1
end_of_record
SF:src\vector_inspector\core\embedding_providers\clip_provider.py
DA:3,1
DA:4,1
DA:6,1
DA:8,1
DA:11,1
DA:22,1
DA:28,1
DA:29,1
DA:30,1
DA:32,1
DA:34,1
DA:35,0
DA:37,1
DA:38,1
DA:41,1
DA:42,1
DA:43,1
DA:44,1
DA:45,0
DA:47,0
DA:53,0
DA:54,0
DA:56,1
DA:67,1
DA:68,1
DA:71,0
DA:73,0
DA:83,1
DA:85,1
DA:87,0
DA:88,0
DA:89,0
DA:90,0
DA:95,0
DA:96,0
DA:102,0
DA:104,0
DA:105,0
DA:107,0
DA:108,0
DA:109,0
DA:110,0
DA:113,0
DA:114,0
DA:117,0
DA:118,0
DA:120,0
DA:121,0
DA:122,0
DA:123,0
DA:124,0
DA:125,0
DA:126,0
DA:129,0
DA:130,0
DA:133,0
DA:134,0
DA:136,0
DA:137,0
DA:138,0
DA:139,0
DA:142,0
DA:143,0
DA:145,1
DA:163,1
DA:164,0
DA:166,1
DA:167,1
DA:168,1
DA:169,1
DA:172,0
DA:173,0
DA:175,0
DA:176,0
DA:178,0
DA:179,0
DA:181,0
DA:186,0
DA:187,0
DA:190,0
DA:192,0
DA:194,0
DA:195,0
DA:196,0
DA:197,0
DA:199,0
DA:201,0
DA:204,0
DA:207,0
DA:208,0
DA:211,0
DA:213,0
DA:216,0
DA:219,0
DA:220,0
DA:221,0
DA:223,0
DA:225,1
DA:235,0
DA:237,1
DA:247,0
DA:249,1
DA:267,1
DA:268,0
DA:271,1
DA:272,0
DA:274,1
DA:276,1
DA:279,1
DA:281,1
LF:110
LH:37
FN:22,30,CLIPProvider.__init__
FNDA:1,CLIPProvider.__init__
FN:32,83,CLIPProvider.get_metadata
FNDA:1,CLIPProvider.get_metadata
FN:85,143,CLIPProvider._load_model
FNDA:0,CLIPProvider._load_model
FN:145,223,CLIPProvider.encode
FNDA:1,CLIPProvider.encode
FN:225,235,CLIPProvider.encode_text
FNDA:0,CLIPProvider.encode_text
FN:237,247,CLIPProvider.encode_image
FNDA:0,CLIPProvider.encode_image
FN:249,281,CLIPProvider.similarity
FNDA:1,CLIPProvider.similarity
FNF:7
FNH:4
end_of_record
SF:src\vector_inspector\core\embedding_providers\provider_factory.py
DA:3,1
DA:4,1
DA:5,1
DA:6,1
DA:7,1
DA:10,1
DA:14,1
DA:20,1
DA:39,1
DA:40,1
DA:58,1
DA:59,1
DA:62,1
DA:65,1
DA:67,1
DA:69,1
DA:70,1
DA:75,1
DA:81,1
DA:83,1
DA:84,1
DA:99,1
DA:100,1
DA:101,1
DA:102,1
DA:105,1
DA:108,1
DA:109,1
DA:110,1
DA:111,1
DA:114,1
DA:115,1
DA:117,1
DA:122,1
DA:123,1
DA:130,0
DA:131,0
DA:133,0
DA:135,1
DA:136,1
DA:142,0
DA:144,1
DA:145,1
DA:154,0
DA:158,1
DA:171,0
LF:46
LH:40
FN:40,81,ProviderFactory.create
FNDA:1,ProviderFactory.create
FN:84,120,ProviderFactory._detect_provider_type
FNDA:1,ProviderFactory._detect_provider_type
FN:123,133,ProviderFactory.register_provider
FNDA:0,ProviderFactory.register_provider
FN:136,142,ProviderFactory.list_supported_types
FNDA:0,ProviderFactory.list_supported_types
FN:145,154,ProviderFactory.supports_type
FNDA:0,ProviderFactory.supports_type
FN:158,171,create_provider
FNDA:0,create_provider
FNF:6
FNH:2
end_of_record
SF:src\vector_inspector\core\embedding_providers\sentence_transformer_provider.py
DA:3,1
DA:5,1
DA:8,1
DA:19,1
DA:26,0
DA:27,0
DA:28,0
DA:30,1
DA:35,0
DA:36,0
DA:39,0
DA:41,0
DA:42,0
DA:45,0
DA:46,0
DA:47,0
DA:48,0
DA:49,0
DA:51,0
DA:52,0
DA:55,0
DA:56,0
DA:57,0
DA:58,0
DA:59,0
DA:61,0
DA:72,0
DA:74,0
DA:78,0
DA:80,0
DA:90,0
DA:92,1
DA:94,0
DA:95,0
DA:96,0
DA:97,0
DA:103,0
DA:104,0
DA:110,0
DA:112,0
DA:113,0
DA:115,0
DA:118,0
DA:119,0
DA:120,0
DA:121,0
DA:124,0
DA:127,0
DA:128,0
DA:130,1
DA:144,0
DA:145,0
DA:148,0
DA:149,0
DA:152,0
DA:159,0
DA:161,1
DA:179,0
DA:180,0
DA:182,0
DA:190,0
DA:192,1
DA:202,0
DA:203,0
DA:206,0
DA:207,0
DA:209,0
DA:211,0
DA:214,0
DA:216,0
LF:70
LH:9
FN:19,28,SentenceTransformerProvider.__init__
FNDA:0,SentenceTransformerProvider.__init__
FN:30,90,SentenceTransformerProvider.get_metadata
FNDA:0,SentenceTransformerProvider.get_metadata
FN:92,128,SentenceTransformerProvider._load_model
FNDA:0,SentenceTransformerProvider._load_model
FN:130,159,SentenceTransformerProvider.encode
FNDA:0,SentenceTransformerProvider.encode
FN:161,190,SentenceTransformerProvider.encode_batch
FNDA:0,SentenceTransformerProvider.encode_batch
FN:192,216,SentenceTransformerProvider.similarity
FNDA:0,SentenceTransformerProvider.similarity
FNF:6
FNH:0
end_of_record
SF:src\vector_inspector\core\embedding_utils.py
DA:3,1
DA:5,1
DA:8,1
DA:9,1
DA:12,1
DA:15,1
DA:21,1
DA:22,1
DA:24,1
DA:25,1
DA:26,1
DA:28,1
DA:32,1
DA:35,1
DA:47,1
DA:48,1
DA:50,1
DA:52,1
DA:53,1
DA:54,1
DA:56,1
DA:57,1
DA:59,1
DA:60,1
DA:63,1
DA:65,1
DA:66,1
DA:67,1
DA:70,1
DA:73,1
DA:85,1
DA:86,1
DA:87,1
DA:90,1
DA:91,1
DA:93,1
DA:94,1
DA:96,1
DA:98,1
DA:99,1
DA:100,1
DA:102,1
DA:105,1
DA:118,1
DA:125,1
DA:127,1
DA:128,0
DA:130,0
DA:131,0
DA:133,0
DA:134,0
DA:135,0
DA:136,0
DA:139,0
DA:140,0
DA:141,0
DA:142,0
DA:143,0
DA:146,0
DA:147,0
DA:150,0
DA:151,0
DA:154,0
DA:155,1
DA:157,1
DA:158,1
DA:160,1
DA:161,1
DA:162,1
DA:163,0
DA:164,0
DA:167,0
DA:170,0
DA:171,0
DA:174,0
DA:177,1
DA:189,1
DA:190,0
DA:192,0
DA:193,0
DA:194,0
DA:195,0
DA:197,0
DA:198,0
DA:202,1
DA:203,1
DA:206,1
DA:218,1
DA:219,1
DA:221,1
LF:90
LH:60
FN:15,28,_get_dimension_to_model_dict
FNDA:1,_get_dimension_to_model_dict
FN:35,70,get_model_for_dimension
FNDA:1,get_model_for_dimension
FN:73,102,get_available_models_for_dimension
FNDA:1,get_available_models_for_dimension
FN:105,174,load_embedding_model
FNDA:1,load_embedding_model
FN:177,203,encode_text
FNDA:1,encode_text
FN:206,221,get_embedding_model_for_dimension
FNDA:1,get_embedding_model_for_dimension
FNF:6
FNH:6
end_of_record
SF:src\vector_inspector\core\feature_flags.py
DA:11,1
DA:14,1
DA:20,1
DA:23,1
DA:34,1
DA:35,1
DA:38,1
DA:39,1
DA:41,1
DA:42,1
DA:43,1
DA:46,1
DA:57,1
LF:13
LH:13
FN:14,20,enable_advanced_features
FNDA:1,enable_advanced_features
FN:23,43,are_advanced_features_enabled
FNDA:1,are_advanced_features_enabled
FN:46,57,get_feature_tooltip
FNDA:1,get_feature_tooltip
FNF:3
FNH:3
end_of_record
SF:src\vector_inspector\core\llm_providers\__init__.py
DA:17,1
DA:18,1
DA:19,1
DA:29,1
DA:30,1
DA:40,1
LF:6
LH:6
end_of_record
SF:src\vector_inspector\core\llm_providers\base_provider.py
DA:3,1
DA:5,1
DA:6,1
DA:7,1
DA:8,1
DA:9,1
DA:15,1
DA:16,1
DA:19,1
DA:20,1
DA:21,1
DA:22,1
DA:25,1
DA:42,1
DA:43,1
DA:71,1
DA:72,1
DA:78,1
DA:79,1
DA:82,1
DA:83,1
DA:86,1
DA:88,0
DA:97,1
DA:112,1
DA:114,1
DA:115,1
DA:116,1
DA:117,1
DA:119,1
DA:121,0
DA:123,0
DA:125,1
DA:127,0
DA:129,0
DA:140,1
DA:146,0
DA:148,0
DA:149,0
DA:150,0
DA:151,0
LF:41
LH:31
FN:43,69,LLMProvider.generate_messages
FNDA:0,LLMProvider.generate_messages
FN:72,76,LLMProvider.is_available
FNDA:0,LLMProvider.is_available
FN:79,80,LLMProvider.get_model_name
FNDA:0,LLMProvider.get_model_name
FN:83,84,LLMProvider.get_provider_name
FNDA:0,LLMProvider.get_provider_name
FN:86,91,LLMProvider.get_info
FNDA:0,LLMProvider.get_info
FN:97,117,LLMProvider.stream_messages
FNDA:1,LLMProvider.stream_messages
FN:119,123,LLMProvider.list_models
FNDA:0,LLMProvider.list_models
FN:125,138,LLMProvider.get_capabilities
FNDA:0,LLMProvider.get_capabilities
FN:140,159,LLMProvider.get_health
FNDA:0,LLMProvider.get_health
FNF:9
FNH:1
end_of_record
SF:src\vector_inspector\core\llm_providers\errors.py
DA:8,1
DA:11,1
DA:28,1
DA:40,1
DA:41,1
DA:42,1
DA:43,1
DA:44,1
DA:45,1
DA:46,1
DA:47,1
DA:49,1
DA:50,0
DA:57,1
LF:14
LH:13
FN:28,47,ProviderError.__init__
FNDA:1,ProviderError.__init__
FN:49,54,ProviderError.__repr__
FNDA:0,ProviderError.__repr__
FNF:2
FNH:1
end_of_record
SF:src\vector_inspector\core\llm_providers\llama_cpp_provider.py
DA:3,1
DA:5,1
DA:6,1
DA:7,1
DA:9,1
DA:11,1
DA:18,1
DA:19,1
DA:29,1
DA:35,1
DA:36,1
DA:38,1
DA:39,1
DA:40,1
DA:41,1
DA:42,1
DA:43,0
DA:44,0
DA:45,1
DA:46,1
DA:47,1
DA:50,1
DA:52,1
DA:53,1
DA:54,1
DA:55,1
DA:58,1
DA:68,1
DA:70,1
DA:71,1
DA:72,1
DA:73,1
DA:75,1
DA:76,1
DA:77,1
DA:78,1
DA:80,1
DA:81,1
DA:82,1
DA:83,1
DA:91,1
DA:100,1
DA:106,1
DA:107,1
DA:108,1
DA:109,1
DA:115,1
DA:117,1
DA:118,1
DA:119,1
DA:120,1
DA:121,1
DA:123,1
DA:124,1
DA:125,1
DA:126,0
DA:127,0
DA:128,0
DA:132,0
DA:133,0
DA:135,0
DA:136,0
DA:142,0
DA:143,0
DA:144,0
DA:145,0
DA:147,1
DA:148,1
DA:149,1
DA:150,1
DA:151,1
DA:152,1
DA:154,1
DA:155,1
DA:156,1
DA:158,1
DA:159,1
DA:161,1
DA:169,1
DA:170,0
DA:171,1
DA:172,1
DA:173,1
DA:178,1
DA:179,1
DA:180,1
DA:181,1
DA:183,1
DA:195,1
DA:201,1
DA:203,1
DA:205,1
DA:206,1
DA:208,1
DA:220,1
DA:221,1
DA:223,1
DA:225,1
DA:226,1
DA:227,1
DA:228,1
DA:229,1
DA:242,1
DA:243,1
DA:244,1
DA:255,0
LF:106
LH:91
FN:29,47,get_llm_cache_dir
FNDA:1,get_llm_cache_dir
FN:50,55,list_cached_models
FNDA:1,list_cached_models
FN:58,83,download_default_model
FNDA:1,download_default_model
FN:75,78,download_default_model._report
FNDA:1,download_default_model._report
FN:100,109,LlamaCppProvider.__init__
FNDA:1,LlamaCppProvider.__init__
FN:115,121,LlamaCppProvider._resolve_model_path
FNDA:1,LlamaCppProvider._resolve_model_path
FN:123,145,LlamaCppProvider._load_model
FNDA:1,LlamaCppProvider._load_model
FN:147,152,LlamaCppProvider.is_available
FNDA:1,LlamaCppProvider.is_available
FN:154,156,LlamaCppProvider.get_model_name
FNDA:1,LlamaCppProvider.get_model_name
FN:158,159,LlamaCppProvider.get_provider_name
FNDA:1,LlamaCppProvider.get_provider_name
FN:161,189,LlamaCppProvider.generate_messages
FNDA:1,LlamaCppProvider.generate_messages
FN:195,203,LlamaCppProvider.list_models
FNDA:1,LlamaCppProvider.list_models
FN:205,218,LlamaCppProvider.get_capabilities
FNDA:1,LlamaCppProvider.get_capabilities
FN:220,263,LlamaCppProvider.get_health
FNDA:1,LlamaCppProvider.get_health
FNF:14
FNH:14
end_of_record
SF:src\vector_inspector\core\llm_providers\ollama_provider.py
DA:3,1
DA:5,1
DA:6,1
DA:7,1
DA:8,1
DA:9,1
DA:11,1
DA:13,1
DA:14,1
DA:15,1
DA:23,1
DA:24,1
DA:27,1
DA:30,1
DA:37,1
DA:44,1
DA:45,1
DA:46,1
DA:47,1
DA:49,1
DA:50,1
DA:51,1
DA:56,1
DA:57,1
DA:58,1
DA:59,1
DA:61,1
DA:62,1
DA:64,1
DA:65,1
DA:67,1
DA:75,1
DA:76,1
DA:77,1
DA:78,1
DA:89,1
DA:95,1
DA:96,1
DA:97,1
DA:98,1
DA:99,1
DA:100,1
DA:101,1
DA:109,1
DA:116,1
DA:117,1
DA:118,1
DA:129,1
DA:135,1
DA:136,1
DA:137,1
DA:138,1
DA:139,1
DA:140,1
DA:141,1
DA:142,1
DA:143,1
DA:144,1
DA:145,1
DA:146,1
DA:147,1
DA:148,1
DA:153,1
DA:154,1
DA:155,1
DA:160,1
DA:161,1
DA:162,1
DA:163,1
DA:171,1
DA:173,1
DA:174,1
DA:179,1
DA:180,1
DA:181,1
DA:184,1
DA:190,1
DA:191,1
DA:193,1
DA:194,1
DA:205,1
DA:206,1
DA:207,1
DA:208,1
DA:213,1
DA:214,1
DA:215,1
DA:216,1
DA:217,1
DA:226,1
DA:227,1
DA:240,1
DA:242,1
DA:243,1
DA:244,1
LF:95
LH:95
FN:37,47,OllamaProvider.__init__
FNDA:1,OllamaProvider.__init__
FN:49,59,OllamaProvider.is_available
FNDA:1,OllamaProvider.is_available
FN:61,62,OllamaProvider.get_model_name
FNDA:1,OllamaProvider.get_model_name
FN:64,65,OllamaProvider.get_provider_name
FNDA:1,OllamaProvider.get_provider_name
FN:67,107,OllamaProvider.generate_messages
FNDA:1,OllamaProvider.generate_messages
FN:109,169,OllamaProvider.stream_messages
FNDA:1,OllamaProvider.stream_messages
FN:171,191,OllamaProvider.list_models
FNDA:1,OllamaProvider.list_models
FN:193,203,OllamaProvider.get_capabilities
FNDA:1,OllamaProvider.get_capabilities
FN:205,238,OllamaProvider.get_health
FNDA:1,OllamaProvider.get_health
FN:240,249,OllamaProvider._validate_model
FNDA:1,OllamaProvider._validate_model
FNF:10
FNH:10
end_of_record
SF:src\vector_inspector\core\llm_providers\openai_compatible_provider.py
DA:7,1
DA:9,1
DA:10,1
DA:11,1
DA:12,1
DA:13,1
DA:14,1
DA:16,1
DA:18,1
DA:19,1
DA:20,1
DA:29,1
DA:32,1
DA:40,1
DA:41,1
DA:42,1
DA:43,1
DA:44,1
DA:46,1
DA:47,1
DA:51,1
DA:52,1
DA:53,1
DA:55,1
DA:56,1
DA:57,1
DA:58,1
DA:59,1
DA:64,1
DA:65,1
DA:66,0
DA:67,0
DA:69,1
DA:70,1
DA:72,1
DA:73,1
DA:75,1
DA:83,1
DA:84,1
DA:85,1
DA:86,1
DA:94,1
DA:100,1
DA:101,1
DA:102,1
DA:103,1
DA:104,1
DA:105,1
DA:106,1
DA:107,1
DA:115,1
DA:116,1
DA:124,1
DA:131,1
DA:132,1
DA:133,1
DA:142,1
DA:148,1
DA:149,1
DA:150,1
DA:151,1
DA:152,1
DA:153,1
DA:154,1
DA:155,1
DA:156,1
DA:157,1
DA:162,1
DA:163,1
DA:164,1
DA:165,1
DA:166,1
DA:167,1
DA:168,1
DA:169,1
DA:174,1
DA:175,1
DA:176,1
DA:177,1
DA:185,1
DA:187,1
DA:188,1
DA:189,1
DA:190,1
DA:195,1
DA:196,1
DA:197,1
DA:200,1
DA:205,1
DA:206,1
DA:208,1
DA:209,1
DA:220,1
DA:221,1
DA:222,1
DA:223,1
DA:232,1
DA:233,1
DA:238,1
DA:239,1
DA:240,1
DA:241,1
DA:250,1
DA:251,1
DA:252,1
DA:253,1
DA:254,1
DA:263,1
DA:264,1
DA:274,1
DA:276,1
DA:277,1
DA:278,1
LF:113
LH:111
FN:32,44,OpenAICompatibleProvider.__init__
FNDA:1,OpenAICompatibleProvider.__init__
FN:46,53,OpenAICompatibleProvider._headers
FNDA:1,OpenAICompatibleProvider._headers
FN:55,67,OpenAICompatibleProvider.is_available
FNDA:1,OpenAICompatibleProvider.is_available
FN:69,70,OpenAICompatibleProvider.get_model_name
FNDA:1,OpenAICompatibleProvider.get_model_name
FN:72,73,OpenAICompatibleProvider.get_provider_name
FNDA:1,OpenAICompatibleProvider.get_provider_name
FN:75,122,OpenAICompatibleProvider.generate_messages
FNDA:1,OpenAICompatibleProvider.generate_messages
FN:124,183,OpenAICompatibleProvider.stream_messages
FNDA:1,OpenAICompatibleProvider.stream_messages
FN:185,206,OpenAICompatibleProvider.list_models
FNDA:1,OpenAICompatibleProvider.list_models
FN:208,218,OpenAICompatibleProvider.get_capabilities
FNDA:1,OpenAICompatibleProvider.get_capabilities
FN:220,272,OpenAICompatibleProvider.get_health
FNDA:1,OpenAICompatibleProvider.get_health
FN:274,283,OpenAICompatibleProvider._validate_model
FNDA:1,OpenAICompatibleProvider._validate_model
FNF:11
FNH:11
end_of_record
SF:src\vector_inspector\core\llm_providers\provider_factory.py
DA:3,1
DA:5,1
DA:7,1
DA:9,1
DA:12,1
DA:13,1
DA:14,1
DA:15,1
DA:16,1
DA:18,1
DA:21,1
DA:38,1
DA:39,1
DA:50,1
DA:51,1
DA:52,1
DA:53,1
DA:54,1
DA:55,1
DA:56,1
DA:57,1
DA:58,1
DA:59,1
DA:60,1
DA:61,1
DA:62,1
DA:68,1
DA:69,1
DA:72,1
DA:73,1
DA:74,1
DA:79,1
DA:80,1
DA:81,1
DA:85,1
DA:91,1
DA:92,1
DA:97,1
DA:98,1
DA:99,1
DA:101,1
DA:102,1
DA:103,1
DA:104,1
DA:107,1
DA:115,1
DA:116,1
DA:117,1
DA:119,1
DA:125,1
DA:126,1
DA:127,1
DA:129,1
DA:136,1
DA:137,1
DA:138,1
DA:140,1
DA:149,1
DA:164,1
DA:165,1
DA:166,1
DA:168,1
DA:169,1
DA:170,1
DA:172,1
DA:174,1
DA:175,1
DA:181,1
DA:194,1
DA:195,1
DA:196,1
DA:197,1
DA:198,1
DA:199,1
DA:200,1
DA:202,1
DA:203,1
DA:204,1
DA:206,1
DA:207,0
DA:208,0
DA:210,1
DA:211,0
DA:212,0
LF:84
LH:80
FN:39,62,LLMProviderFactory.create_from_settings
FNDA:1,LLMProviderFactory.create_from_settings
FN:69,85,LLMProviderFactory._auto_detect
FNDA:1,LLMProviderFactory._auto_detect
FN:92,113,LLMProviderFactory._make_fake
FNDA:1,LLMProviderFactory._make_fake
FN:116,123,LLMProviderFactory._make_llama_cpp
FNDA:1,LLMProviderFactory._make_llama_cpp
FN:126,134,LLMProviderFactory._make_ollama
FNDA:1,LLMProviderFactory._make_ollama
FN:137,146,LLMProviderFactory._make_openai_compatible
FNDA:1,LLMProviderFactory._make_openai_compatible
FN:164,166,LLMProviderInstance.__init__
FNDA:1,LLMProviderInstance.__init__
FN:168,170,LLMProviderInstance._ensure
FNDA:1,LLMProviderInstance._ensure
FN:172,175,LLMProviderInstance.refresh
FNDA:1,LLMProviderInstance.refresh
FN:181,200,LLMProviderInstance.generate
FNDA:1,LLMProviderInstance.generate
FN:202,204,LLMProviderInstance.is_available
FNDA:1,LLMProviderInstance.is_available
FN:206,208,LLMProviderInstance.get_model_name
FNDA:0,LLMProviderInstance.get_model_name
FN:210,212,LLMProviderInstance.get_provider_name
FNDA:0,LLMProviderInstance.get_provider_name
FNF:13
FNH:11
end_of_record
SF:src\vector_inspector\core\llm_providers\runtime_manager.py
DA:17,1
DA:19,1
DA:20,1
DA:21,1
DA:22,1
DA:23,1
DA:25,1
DA:27,1
DA:28,1
DA:31,1
DA:51,1
DA:53,1
DA:54,1
DA:55,1
DA:56,1
DA:57,1
DA:58,1
DA:59,1
DA:65,1
DA:67,1
DA:68,1
DA:69,1
DA:71,1
DA:77,1
DA:79,1
DA:80,1
DA:81,1
DA:83,1
DA:92,1
DA:93,1
DA:95,1
DA:97,1
DA:98,0
DA:99,0
DA:101,1
DA:102,1
DA:104,1
DA:106,1
DA:108,1
DA:109,1
DA:111,1
DA:112,1
DA:114,1
DA:115,1
DA:117,1
DA:118,0
DA:119,0
DA:120,0
DA:121,0
DA:122,0
DA:124,0
DA:126,1
DA:127,1
DA:128,1
DA:129,1
DA:130,1
DA:132,1
DA:134,1
DA:135,1
DA:136,1
DA:137,1
DA:139,1
DA:140,1
DA:141,1
DA:142,1
DA:144,1
DA:145,0
DA:147,0
DA:148,1
DA:150,1
DA:152,1
DA:153,1
DA:154,1
DA:155,1
DA:161,1
DA:163,1
DA:164,1
DA:169,1
DA:170,1
DA:172,1
DA:174,1
DA:175,1
DA:176,1
DA:177,1
DA:179,1
DA:181,1
DA:182,1
DA:188,1
DA:190,1
DA:196,1
DA:206,1
DA:207,1
DA:208,1
DA:214,1
DA:215,1
DA:217,1
DA:218,1
DA:219,1
DA:220,1
DA:221,1
DA:224,1
DA:225,1
DA:226,1
DA:236,1
DA:237,1
DA:239,1
DA:251,1
DA:252,1
DA:253,1
DA:254,1
DA:264,1
DA:265,1
DA:267,0
DA:278,1
DA:279,1
DA:280,1
DA:281,1
DA:282,1
DA:292,1
DA:295,1
DA:296,1
DA:297,0
DA:298,0
DA:299,0
DA:301,0
DA:304,1
DA:305,0
DA:308,0
DA:309,0
DA:310,0
DA:311,0
DA:324,0
DA:325,0
DA:336,1
DA:339,1
DA:348,1
DA:349,0
DA:351,1
DA:352,1
DA:354,1
DA:356,0
DA:358,0
DA:360,0
DA:365,0
DA:366,0
DA:367,0
DA:368,0
DA:373,0
DA:374,0
DA:375,0
DA:376,0
DA:378,0
DA:379,0
DA:389,0
DA:391,0
DA:401,0
DA:404,1
DA:407,1
DA:408,1
DA:409,1
DA:410,1
DA:412,1
DA:413,1
DA:414,1
DA:415,1
DA:416,1
DA:417,1
DA:418,1
DA:419,1
LF:169
LH:130
FN:53,59,LLMRuntimeManager.__init__
FNDA:1,LLMRuntimeManager.__init__
FN:65,69,LLMRuntimeManager.get_provider
FNDA:1,LLMRuntimeManager.get_provider
FN:71,81,LLMRuntimeManager._will_autodetect
FNDA:1,LLMRuntimeManager._will_autodetect
FN:83,104,LLMRuntimeManager._select_provider_safe
FNDA:1,LLMRuntimeManager._select_provider_safe
FN:106,148,LLMRuntimeManager._select_provider_with_dialog
FNDA:1,LLMRuntimeManager._select_provider_with_dialog
FN:117,124,LLMRuntimeManager._select_provider_with_dialog._SelectThread.run
FNDA:0,LLMRuntimeManager._select_provider_with_dialog._SelectThread.run
FN:134,137,LLMRuntimeManager._select_provider_with_dialog._on_done
FNDA:1,LLMRuntimeManager._select_provider_with_dialog._on_done
FN:150,155,LLMRuntimeManager.refresh
FNDA:1,LLMRuntimeManager.refresh
FN:161,170,LLMRuntimeManager.health
FNDA:1,LLMRuntimeManager.health
FN:172,177,LLMRuntimeManager.probe
FNDA:1,LLMRuntimeManager.probe
FN:179,182,LLMRuntimeManager.invalidate_health_cache
FNDA:1,LLMRuntimeManager.invalidate_health_cache
FN:188,190,LLMRuntimeManager.generate_request_id
FNDA:1,LLMRuntimeManager.generate_request_id
FN:196,208,LLMRuntimeManager.get_selection_debug
FNDA:1,LLMRuntimeManager.get_selection_debug
FN:214,352,LLMRuntimeManager._select_provider
FNDA:1,LLMRuntimeManager._select_provider
FN:354,401,LLMRuntimeManager._autodetect
FNDA:0,LLMRuntimeManager._autodetect
FN:407,410,_EffectiveSettings.__init__
FNDA:1,_EffectiveSettings.__init__
FN:412,419,_EffectiveSettings.get
FNDA:1,_EffectiveSettings.get
FNF:17
FNH:15
end_of_record
SF:src\vector_inspector\core\llm_providers\types.py
DA:7,1
DA:9,1
DA:10,1
DA:12,1
DA:13,1
DA:18,1
DA:19,1
DA:22,1
DA:23,1
DA:26,1
DA:27,1
DA:30,1
DA:31,1
DA:32,1
DA:33,1
DA:36,1
DA:37,1
DA:45,1
DA:47,1
DA:49,0
DA:52,1
DA:53,1
DA:72,1
DA:73,1
DA:74,1
DA:75,1
DA:76,1
DA:77,1
DA:78,1
DA:79,1
DA:80,1
DA:83,1
DA:84,1
DA:102,1
DA:103,1
DA:104,1
DA:105,1
DA:106,1
DA:107,1
DA:108,1
DA:111,1
DA:112,1
DA:125,1
DA:126,1
DA:127,1
LF:45
LH:44
FN:47,49,TokenizerInfo.count_tokens
FNDA:0,TokenizerInfo.count_tokens
FNF:1
FNH:0
end_of_record
SF:src\vector_inspector\core\logging.py
DA:7,1
DA:8,1
DA:9,1
DA:11,1
DA:12,1
DA:13,1
DA:14,1
DA:15,1
DA:16,1
DA:18,1
DA:19,1
DA:20,1
DA:21,0
DA:22,0
DA:25,1
DA:26,1
DA:29,1
DA:30,1
DA:33,1
DA:34,1
LF:20
LH:18
FN:25,26,log_info
FNDA:1,log_info
FN:29,30,log_error
FNDA:1,log_error
FN:33,34,log_debug
FNDA:1,log_debug
FNF:3
FNH:3
end_of_record
SF:src\vector_inspector\core\model_cache.py
DA:7,1
DA:9,1
DA:10,1
DA:11,1
DA:12,1
DA:13,1
DA:14,1
DA:15,1
DA:17,1
DA:20,1
DA:22,1
DA:25,1
DA:35,1
DA:37,1
DA:38,1
DA:41,1
DA:47,1
DA:48,1
DA:50,1
DA:51,1
DA:52,1
DA:53,1
DA:54,0
DA:55,0
DA:56,1
DA:59,1
DA:65,1
DA:66,1
DA:67,1
DA:70,1
DA:76,1
DA:77,1
DA:79,1
DA:80,1
DA:81,1
DA:82,1
DA:85,1
DA:94,1
DA:95,1
DA:96,1
DA:99,1
DA:108,1
DA:109,1
DA:111,1
DA:114,1
DA:115,1
DA:117,1
DA:118,1
DA:119,0
DA:121,1
DA:122,1
DA:123,1
DA:126,1
DA:127,0
DA:130,1
DA:131,1
DA:133,0
DA:134,0
DA:135,0
DA:137,1
DA:138,0
DA:139,0
DA:140,0
DA:143,1
DA:152,1
DA:153,1
DA:155,1
DA:156,1
DA:157,1
DA:160,1
DA:161,1
DA:162,0
DA:163,0
DA:165,1
DA:167,1
DA:170,1
DA:176,1
DA:177,1
DA:178,0
DA:180,1
DA:181,1
DA:182,1
DA:184,1
DA:186,1
DA:187,1
DA:188,0
DA:189,0
DA:192,1
DA:203,1
DA:204,1
DA:206,1
DA:207,1
DA:210,1
DA:212,1
DA:214,1
DA:217,1
DA:218,1
DA:219,1
DA:220,1
DA:223,1
DA:224,1
DA:225,1
DA:226,1
DA:229,1
DA:230,1
DA:231,1
DA:232,1
DA:234,1
DA:235,1
DA:236,1
DA:237,1
DA:238,1
DA:240,1
DA:241,1
DA:242,1
DA:243,1
DA:246,1
DA:253,1
DA:254,1
DA:255,1
DA:258,1
DA:259,0
DA:261,1
DA:262,1
DA:263,1
DA:265,1
DA:266,1
DA:268,1
DA:269,1
DA:270,1
DA:272,0
DA:273,0
DA:274,0
DA:277,1
DA:286,1
DA:287,1
DA:289,1
DA:290,0
DA:291,0
DA:293,1
DA:295,1
DA:296,1
DA:297,1
DA:298,1
DA:300,1
DA:301,1
DA:304,1
DA:305,1
DA:306,1
DA:308,0
DA:309,0
DA:310,0
DA:313,1
DA:319,1
DA:321,1
DA:322,1
DA:330,1
DA:332,1
DA:333,1
DA:335,1
DA:336,1
DA:338,1
DA:339,1
DA:340,1
DA:342,1
DA:344,1
DA:351,0
DA:352,0
DA:353,0
LF:169
LH:142
FN:20,22,_get_default_cache_dir
FNDA:1,_get_default_cache_dir
FN:25,38,_sanitize_model_name
FNDA:1,_sanitize_model_name
FN:41,56,get_cache_dir
FNDA:1,get_cache_dir
FN:59,67,ensure_cache_dir
FNDA:1,ensure_cache_dir
FN:70,82,is_cache_enabled
FNDA:1,is_cache_enabled
FN:85,96,get_model_cache_path
FNDA:1,get_model_cache_path
FN:99,140,is_cached
FNDA:1,is_cached
FN:143,167,load_cached_path
FNDA:1,load_cached_path
FN:170,189,_update_access_time
FNDA:1,_update_access_time
FN:192,274,save_model_to_cache
FNDA:1,save_model_to_cache
FN:277,310,clear_cache
FNDA:1,clear_cache
FN:313,360,get_cache_info
FNDA:1,get_cache_info
FNF:12
FNH:12
end_of_record
SF:src\vector_inspector\core\model_registry.py
DA:3,1
DA:4,1
DA:5,1
DA:6,1
DA:8,1
DA:11,1
DA:12,1
DA:15,1
DA:16,1
DA:17,1
DA:18,1
DA:19,1
DA:20,1
DA:21,1
DA:23,1
DA:25,1
DA:35,1
DA:36,1
DA:38,1
DA:49,1
DA:56,1
DA:58,1
DA:60,1
DA:61,1
DA:62,1
DA:64,1
DA:67,1
DA:68,1
DA:69,1
DA:71,1
DA:72,1
DA:73,1
DA:74,1
DA:76,1
DA:78,1
DA:80,1
DA:81,0
DA:82,0
DA:84,1
DA:85,1
DA:86,1
DA:89,1
DA:90,1
DA:91,1
DA:94,1
DA:95,1
DA:96,1
DA:99,1
DA:101,1
DA:103,0
DA:104,0
DA:106,1
DA:115,1
DA:117,1
DA:126,1
DA:128,1
DA:134,1
DA:136,1
DA:142,1
DA:144,1
DA:153,1
DA:154,1
DA:156,1
DA:158,1
DA:167,1
DA:169,1
DA:178,1
DA:180,1
DA:189,1
DA:190,1
DA:192,1
DA:193,1
DA:194,1
DA:196,1
DA:198,1
DA:200,1
DA:201,1
DA:202,1
DA:203,1
DA:208,1
DA:217,1
LF:81
LH:77
FN:23,33,ModelInfo.to_dict
FNDA:1,ModelInfo.to_dict
FN:36,46,ModelInfo.from_dict
FNDA:1,ModelInfo.from_dict
FN:58,62,EmbeddingModelRegistry.__new__
FNDA:1,EmbeddingModelRegistry.__new__
FN:64,74,EmbeddingModelRegistry.__init__
FNDA:1,EmbeddingModelRegistry.__init__
FN:76,104,EmbeddingModelRegistry._load_registry
FNDA:1,EmbeddingModelRegistry._load_registry
FN:106,115,EmbeddingModelRegistry.get_models_by_dimension
FNDA:1,EmbeddingModelRegistry.get_models_by_dimension
FN:117,126,EmbeddingModelRegistry.get_model_by_name
FNDA:1,EmbeddingModelRegistry.get_model_by_name
FN:128,134,EmbeddingModelRegistry.get_all_models
FNDA:1,EmbeddingModelRegistry.get_all_models
FN:136,142,EmbeddingModelRegistry.get_all_dimensions
FNDA:1,EmbeddingModelRegistry.get_all_dimensions
FN:144,156,EmbeddingModelRegistry.find_closest_dimension
FNDA:1,EmbeddingModelRegistry.find_closest_dimension
FN:158,167,EmbeddingModelRegistry.get_models_by_type
FNDA:1,EmbeddingModelRegistry.get_models_by_type
FN:169,178,EmbeddingModelRegistry.get_models_by_source
FNDA:1,EmbeddingModelRegistry.get_models_by_source
FN:180,196,EmbeddingModelRegistry.search_models
FNDA:1,EmbeddingModelRegistry.search_models
FN:198,203,EmbeddingModelRegistry.reload
FNDA:1,EmbeddingModelRegistry.reload
FN:208,217,get_model_registry
FNDA:1,get_model_registry
FNF:15
FNH:15
end_of_record
SF:src\vector_inspector\core\provider_factory.py
DA:3,1
DA:5,1
DA:6,1
DA:7,1
DA:8,1
DA:9,1
DA:10,1
DA:13,1
DA:16,1
DA:17,1
DA:33,1
DA:35,1
DA:36,1
DA:37,1
DA:38,1
DA:39,1
DA:40,1
DA:41,1
DA:42,1
DA:43,1
DA:44,1
DA:45,1
DA:46,1
DA:47,1
DA:49,1
DA:50,1
DA:52,1
DA:54,1
DA:55,1
DA:57,1
DA:58,1
DA:60,1
DA:62,1
DA:63,1
DA:64,1
DA:65,1
DA:67,1
DA:69,1
DA:70,1
DA:72,1
DA:73,1
DA:75,1
DA:76,1
DA:77,1
DA:78,1
DA:82,1
DA:84,1
DA:85,1
DA:87,1
DA:88,1
DA:89,1
DA:91,1
DA:93,1
DA:94,1
DA:96,1
DA:98,1
DA:99,1
DA:100,1
DA:101,1
DA:102,1
DA:104,1
DA:106,1
DA:110,1
DA:112,1
DA:113,1
DA:115,1
DA:116,1
DA:118,1
DA:120,1
DA:124,1
DA:126,1
DA:131,1
DA:133,1
DA:140,1
LF:74
LH:74
FN:17,47,ProviderFactory.create
FNDA:1,ProviderFactory.create
FN:50,55,ProviderFactory._create_lancedb
FNDA:1,ProviderFactory._create_lancedb
FN:58,67,ProviderFactory._create_chroma
FNDA:1,ProviderFactory._create_chroma
FN:70,82,ProviderFactory._create_qdrant
FNDA:1,ProviderFactory._create_qdrant
FN:85,91,ProviderFactory._create_pinecone
FNDA:1,ProviderFactory._create_pinecone
FN:94,110,ProviderFactory._create_pgvector
FNDA:1,ProviderFactory._create_pgvector
FN:113,140,ProviderFactory._create_weaviate
FNDA:1,ProviderFactory._create_weaviate
FNF:7
FNH:7
end_of_record
SF:src\vector_inspector\core\sample_data\__init__.py
DA:3,1
DA:5,1
LF:2
LH:2
end_of_record
SF:src\vector_inspector\core\sample_data\text_generator.py
DA:3,1
DA:4,1
DA:5,1
DA:8,1
DA:11,1
DA:12,1
DA:13,1
DA:17,1
DA:35,1
DA:69,1
DA:97,1
DA:115,1
DA:134,1
DA:146,1
DA:147,1
DA:149,1
DA:150,1
DA:151,1
DA:152,1
DA:153,1
DA:154,1
DA:155,0
DA:158,1
DA:160,1
DA:162,1
DA:163,1
DA:164,1
DA:165,1
DA:167,1
DA:168,1
DA:169,1
DA:172,1
DA:173,1
DA:174,1
DA:175,1
DA:177,1
DA:184,1
DA:187,1
DA:189,1
DA:191,1
DA:194,1
DA:195,1
DA:198,1
DA:199,1
DA:200,1
DA:202,1
DA:203,1
DA:204,1
DA:206,1
DA:209,1
DA:210,1
DA:211,1
DA:213,1
DA:226,1
DA:229,1
DA:231,1
DA:233,1
DA:234,1
DA:235,1
DA:237,1
DA:238,1
DA:239,1
DA:242,1
DA:245,1
DA:246,1
DA:247,1
DA:248,1
DA:251,1
DA:252,1
DA:254,1
DA:268,1
LF:71
LH:70
FN:134,155,generate_sample_data
FNDA:1,generate_sample_data
FN:158,184,_generate_text_samples
FNDA:1,_generate_text_samples
FN:187,226,_generate_markdown_samples
FNDA:1,_generate_markdown_samples
FN:229,268,_generate_json_samples
FNDA:1,_generate_json_samples
FNF:4
FNH:4
end_of_record
SF:src\vector_inspector\extensions\__init__.py
DA:10,1
DA:11,1
DA:13,1
DA:16,1
DA:22,1
DA:24,1
DA:25,1
DA:32,1
DA:33,1
DA:35,1
DA:36,1
DA:38,0
DA:39,0
DA:41,1
DA:42,1
DA:57,1
DA:58,1
DA:59,1
DA:60,1
DA:62,1
DA:64,1
DA:66,1
DA:67,1
DA:69,1
DA:73,1
DA:76,1
DA:82,1
DA:84,1
DA:85,1
DA:91,1
DA:92,1
DA:94,1
DA:95,1
DA:96,1
DA:97,1
DA:99,1
DA:100,1
DA:101,1
DA:102,1
DA:103,1
DA:104,1
DA:105,1
DA:107,1
DA:109,1
DA:110,1
DA:111,1
DA:115,1
DA:118,1
DA:119,1
DA:120,0
DA:121,0
DA:123,1
DA:124,1
DA:125,0
DA:126,0
LF:55
LH:49
FN:25,33,TableContextMenuHook.register
FNDA:1,TableContextMenuHook.register
FN:36,39,TableContextMenuHook.unregister
FNDA:0,TableContextMenuHook.unregister
FN:42,64,TableContextMenuHook.trigger
FNDA:1,TableContextMenuHook.trigger
FN:67,69,TableContextMenuHook.clear
FNDA:1,TableContextMenuHook.clear
FN:85,92,SettingsPanelHook.register
FNDA:1,SettingsPanelHook.register
FN:95,97,SettingsPanelHook.unregister
FNDA:1,SettingsPanelHook.unregister
FN:100,107,SettingsPanelHook.trigger
FNDA:1,SettingsPanelHook.trigger
FN:110,111,SettingsPanelHook.clear
FNDA:1,SettingsPanelHook.clear
FNF:8
FNH:7
end_of_record
SF:src\vector_inspector\extensions\llm_settings_panel.py
DA:25,1
DA:27,1
DA:28,1
DA:30,1
DA:31,1
DA:47,1
DA:48,1
DA:50,1
DA:51,1
DA:54,1
DA:57,1
DA:59,1
DA:60,1
DA:61,1
DA:63,1
DA:64,1
DA:65,1
DA:67,1
DA:68,1
DA:69,0
DA:70,0
DA:71,1
DA:72,1
DA:73,1
DA:74,1
DA:76,1
DA:79,1
DA:80,1
DA:81,0
DA:83,0
DA:86,1
DA:87,1
DA:88,1
DA:89,1
DA:102,1
DA:105,1
DA:106,1
DA:108,1
DA:109,1
DA:110,1
DA:111,1
DA:112,1
DA:114,1
DA:115,1
DA:116,1
DA:117,1
DA:119,1
DA:120,1
DA:121,1
DA:123,1
DA:125,1
DA:126,1
DA:127,1
DA:128,1
DA:129,0
DA:130,0
DA:138,1
DA:140,1
DA:141,1
DA:142,1
DA:143,1
DA:144,1
DA:145,1
DA:147,1
DA:148,1
DA:149,1
DA:150,1
DA:151,1
DA:154,1
DA:156,1
DA:157,1
DA:158,1
DA:159,1
DA:162,1
DA:163,1
DA:164,1
DA:165,1
DA:166,1
DA:169,1
DA:170,1
DA:173,1
DA:174,1
DA:175,1
DA:176,1
DA:179,1
DA:182,1
DA:183,1
DA:184,1
DA:185,1
DA:186,1
DA:187,1
DA:188,1
DA:189,1
DA:190,1
DA:191,1
DA:192,1
DA:193,1
DA:194,1
DA:197,1
DA:198,1
DA:199,1
DA:200,1
DA:201,1
DA:202,1
DA:203,1
DA:204,1
DA:205,1
DA:206,1
DA:207,1
DA:208,1
DA:209,1
DA:210,1
DA:211,1
DA:212,1
DA:213,1
DA:214,1
DA:215,1
DA:218,1
DA:219,1
DA:220,1
DA:221,1
DA:222,1
DA:223,1
DA:224,1
DA:225,1
DA:226,1
DA:227,1
DA:228,1
DA:229,1
DA:230,1
DA:231,1
DA:232,1
DA:233,1
DA:234,1
DA:235,1
DA:236,1
DA:237,1
DA:238,1
DA:239,1
DA:240,1
DA:242,1
DA:243,1
DA:246,1
DA:247,1
DA:248,1
DA:249,1
DA:250,1
DA:251,1
DA:252,1
DA:253,1
DA:255,1
DA:256,1
DA:257,1
DA:258,1
DA:259,1
DA:260,1
DA:261,1
DA:262,1
DA:263,1
DA:266,1
DA:267,1
DA:268,1
DA:270,1
DA:273,1
DA:275,1
DA:276,1
DA:277,1
DA:278,1
DA:279,1
DA:280,1
DA:281,1
DA:282,1
DA:283,1
DA:285,1
DA:286,1
DA:289,1
DA:295,1
DA:296,1
DA:299,1
DA:300,1
DA:301,1
DA:304,1
DA:306,1
DA:307,0
DA:309,0
DA:315,0
DA:316,0
DA:317,0
DA:319,1
DA:322,1
DA:324,1
DA:325,1
DA:326,1
DA:327,1
DA:328,1
DA:330,1
DA:331,0
DA:332,0
DA:333,0
DA:334,0
DA:336,0
DA:337,0
DA:338,0
DA:339,0
DA:340,0
DA:341,0
DA:342,0
DA:343,0
DA:344,0
DA:345,0
DA:347,1
DA:348,0
DA:349,0
DA:350,0
DA:351,0
DA:353,1
DA:354,1
DA:355,1
DA:356,1
DA:358,1
DA:359,1
DA:363,1
DA:364,1
DA:368,1
DA:369,1
DA:372,1
DA:373,1
DA:374,1
DA:375,1
DA:376,0
DA:378,1
DA:380,1
DA:383,1
DA:384,1
DA:385,1
DA:388,1
DA:390,1
DA:391,0
DA:392,0
DA:393,0
DA:395,0
DA:399,0
DA:400,0
DA:401,0
DA:402,0
DA:403,0
DA:404,0
DA:405,0
DA:406,0
DA:407,0
DA:408,0
DA:409,0
DA:410,0
DA:411,0
DA:413,0
DA:414,0
DA:415,0
DA:416,0
DA:417,0
DA:418,0
DA:421,0
DA:422,0
DA:423,0
DA:424,0
DA:425,0
DA:427,0
DA:428,0
DA:429,0
DA:431,1
DA:434,1
LF:270
LH:209
FN:59,61,_HealthCheckThread.__init__
FNDA:1,_HealthCheckThread.__init__
FN:63,99,_HealthCheckThread.run
FNDA:1,_HealthCheckThread.run
FN:108,112,_ModelListThread.__init__
FNDA:1,_ModelListThread.__init__
FN:114,130,_ModelListThread.run
FNDA:1,_ModelListThread.run
FN:138,151,_make_model_combo
FNDA:1,_make_model_combo
FN:154,431,_add_llm_status_section
FNDA:1,_add_llm_status_section
FN:306,317,_add_llm_status_section._on_browse_clicked
FNDA:0,_add_llm_status_section._on_browse_clicked
FN:324,356,_add_llm_status_section._load_models
FNDA:1,_add_llm_status_section._load_models
FN:330,345,_add_llm_status_section._load_models._on_models
FNDA:0,_add_llm_status_section._load_models._on_models
FN:347,351,_add_llm_status_section._load_models._on_error
FNDA:0,_add_llm_status_section._load_models._on_error
FN:358,361,_add_llm_status_section._refresh_ollama
FNDA:1,_add_llm_status_section._refresh_ollama
FN:363,366,_add_llm_status_section._refresh_openai
FNDA:1,_add_llm_status_section._refresh_openai
FN:372,376,_add_llm_status_section._on_stack_changed
FNDA:1,_add_llm_status_section._on_stack_changed
FN:390,429,_add_llm_status_section._on_test_clicked
FNDA:0,_add_llm_status_section._on_test_clicked
FN:395,425,_add_llm_status_section._on_test_clicked._on_health
FNDA:0,_add_llm_status_section._on_test_clicked._on_health
FNF:15
FNH:10
end_of_record
SF:src\vector_inspector\extensions\telemetry_settings_panel.py
DA:1,1
DA:2,1
DA:5,1
DA:6,1
DA:8,1
DA:9,1
DA:10,1
DA:11,1
DA:12,1
DA:16,1
DA:17,1
DA:19,1
DA:20,1
DA:21,1
DA:22,1
DA:25,1
LF:16
LH:16
FN:5,22,add_telemetry_section
FNDA:1,add_telemetry_section
FN:16,17,add_telemetry_section.on_state_changed
FNDA:1,add_telemetry_section.on_state_changed
FNF:2
FNH:2
end_of_record
SF:src\vector_inspector\main.py
DA:7,1
DA:8,1
DA:10,1
DA:16,1
DA:17,1
DA:18,1
DA:19,1
DA:21,1
DA:22,1
DA:23,1
DA:24,0
DA:27,0
DA:28,0
DA:29,0
DA:30,0
[...]
DA:203,1
DA:204,1
DA:205,1
DA:206,1
DA:207,1
DA:209,1
DA:210,1
DA:211,1
DA:212,1
DA:213,1
DA:214,1
DA:215,1
DA:216,1
DA:217,1
DA:219,1
DA:220,1
DA:221,1
DA:222,1
DA:223,1
DA:226,1
DA:227,1
DA:228,1
DA:229,1
DA:230,1
DA:231,1
DA:232,1
DA:233,1
DA:236,1
DA:237,1
DA:238,1
DA:239,1
DA:240,1
DA:242,1
DA:243,1
DA:244,1
DA:245,1
DA:246,1
DA:248,1
DA:249,1
DA:250,1
DA:251,1
DA:252,1
DA:253,1
DA:254,1
DA:257,1
DA:258,1
DA:259,1
DA:260,1
DA:261,1
DA:262,1
DA:265,1
DA:266,1
DA:267,1
DA:268,1
DA:269,1
DA:271,1
DA:272,1
DA:273,1
DA:274,1
DA:275,1
DA:276,1
DA:277,1
DA:278,1
DA:280,1
DA:281,1
DA:282,1
DA:283,1
DA:284,1
DA:286,1
DA:287,1
DA:288,1
DA:289,1
DA:290,1
DA:292,1
DA:293,1
DA:294,1
DA:295,1
DA:296,1
DA:297,1
DA:298,1
DA:301,1
DA:302,1
DA:303,1
DA:304,1
DA:305,1
DA:306,1
DA:307,1
DA:308,1
DA:309,1
DA:310,1
DA:312,1
DA:313,1
DA:315,1
DA:316,1
DA:317,1
DA:319,1
DA:322,1
DA:325,1
DA:328,1
DA:331,1
DA:333,1
DA:335,1
DA:337,1
DA:388,1
DA:390,1
DA:391,1
DA:397,1
DA:398,1
DA:399,1
DA:400,1
DA:401,1
DA:402,1
DA:403,1
DA:405,1
DA:407,1
DA:408,1
DA:409,1
DA:411,1
DA:412,1
DA:414,1
DA:416,1
DA:419,1
DA:420,1
DA:422,1
DA:423,1
DA:424,1
DA:427,1
DA:428,1
DA:429,1
DA:430,1
DA:433,1
DA:434,1
DA:435,1
DA:437,1
DA:443,1
DA:444,1
DA:445,1
DA:447,1
DA:448,1
DA:449,1
DA:451,1
DA:452,1
DA:453,1
DA:454,1
DA:455,1
DA:456,1
DA:457,1
DA:458,1
DA:460,1
DA:461,1
DA:462,1
DA:463,1
DA:464,1
DA:465,1
DA:466,1
DA:467,1
DA:469,1
DA:470,1
DA:471,1
DA:472,1
DA:473,1
DA:474,1
DA:475,1
DA:477,1
DA:478,1
DA:479,1
DA:480,1
DA:481,1
DA:482,1
DA:484,1
LF:313
LH:313
FN:20,23,ClusteringPanel.__init__
FNDA:1,ClusteringPanel.__init__
FN:25,333,ClusteringPanel._setup_ui
FNDA:1,ClusteringPanel._setup_ui
FN:335,386,ClusteringPanel._build_control_mapping
FNDA:1,ClusteringPanel._build_control_mapping
FN:388,403,ClusteringPanel._apply_feature_gating
FNDA:1,ClusteringPanel._apply_feature_gating
FN:405,414,ClusteringPanel._toggle_advanced
FNDA:1,ClusteringPanel._toggle_advanced
FN:416,435,ClusteringPanel._on_algorithm_changed
FNDA:1,ClusteringPanel._on_algorithm_changed
FN:437,484,ClusteringPanel.get_clustering_params
FNDA:1,ClusteringPanel.get_clustering_params
FNF:7
FNH:7
end_of_record
SF:src\vector_inspector\ui\views\visualization\dr_panel.py
DA:3,1
DA:6,1
DA:7,1
DA:8,1
DA:9,1
DA:11,1
DA:12,1
DA:13,1
DA:14,1
DA:15,1
DA:16,1
DA:18,1
DA:19,1
DA:20,1
DA:21,1
DA:23,1
DA:25,1
DA:26,1
DA:28,1
DA:29,1
DA:30,1
DA:32,1
LF:22
LH:22
FN:7,9,DRPanel.__init__
FNDA:1,DRPanel.__init__
FN:11,32,DRPanel._setup_ui
FNDA:1,DRPanel._setup_ui
FNF:2
FNH:2
end_of_record
SF:src\vector_inspector\ui\views\visualization\histogram_panel.py
DA:3,1
DA:5,1
DA:6,1
DA:8,1
DA:9,1
DA:10,1
DA:11,1
DA:12,1
DA:24,1
DA:25,1
DA:32,1
DA:41,1
DA:43,1
DA:51,1
DA:52,1
DA:53,1
DA:54,1
DA:55,1
DA:57,1
DA:58,1
DA:59,1
DA:60,1
DA:61,1
DA:62,1
DA:63,1
DA:64,1
DA:69,1
DA:70,1
DA:71,1
DA:72,1
DA:73,1
DA:74,1
DA:75,1
DA:76,1
DA:77,1
DA:78,1
DA:79,1
DA:80,1
DA:81,1
DA:82,1
DA:83,1
DA:84,1
DA:87,1
DA:90,1
DA:91,1
DA:93,1
DA:100,1
DA:101,1
DA:102,1
DA:103,1
DA:105,1
DA:106,1
DA:107,1
DA:108,1
DA:110,1
DA:111,1
DA:112,1
DA:114,1
DA:115,1
DA:116,1
DA:117,1
DA:125,1
DA:132,1
DA:133,1
DA:134,1
DA:135,1
DA:136,1
DA:137,1
DA:138,1
DA:139,1
DA:140,1
DA:141,1
DA:143,1
DA:144,1
DA:145,1
DA:146,1
DA:152,1
DA:153,1
DA:156,1
DA:158,1
DA:159,1
DA:160,1
DA:161,1
DA:163,1
DA:164,1
DA:165,1
DA:167,1
DA:168,1
DA:169,1
DA:170,1
DA:171,1
DA:173,1
DA:174,1
DA:175,1
DA:176,1
DA:177,1
DA:178,1
DA:180,1
DA:181,1
DA:183,1
DA:184,1
DA:185,1
DA:187,1
DA:188,1
DA:189,1
DA:191,1
DA:192,1
DA:195,1
DA:196,1
DA:197,1
DA:198,1
DA:201,1
DA:203,1
DA:204,1
DA:207,1
DA:209,1
DA:210,1
DA:211,1
DA:212,1
DA:213,1
DA:215,1
DA:216,1
DA:217,1
DA:219,1
DA:220,1
DA:221,1
DA:223,1
DA:224,1
DA:227,1
DA:228,1
DA:229,1
DA:230,1
DA:233,1
DA:236,1
DA:237,1
DA:240,1
DA:241,1
DA:242,1
DA:243,1
DA:244,1
DA:250,1
DA:256,1
DA:257,1
DA:259,1
DA:264,1
DA:266,1
DA:272,1
DA:273,1
DA:274,1
DA:275,1
DA:278,1
DA:279,1
DA:280,0
DA:281,1
DA:282,1
DA:283,1
DA:284,1
DA:285,1
DA:287,1
DA:288,1
DA:289,1
DA:291,1
DA:293,1
DA:295,1
DA:296,1
DA:297,1
DA:298,1
DA:300,1
DA:301,1
DA:302,0
DA:304,1
DA:305,1
DA:306,1
DA:307,1
DA:308,1
DA:310,1
DA:312,1
DA:314,1
DA:320,1
DA:322,1
DA:323,1
DA:324,0
DA:325,1
DA:327,1
DA:328,1
DA:329,1
DA:330,1
DA:331,1
DA:333,1
DA:334,1
DA:335,1
DA:337,1
DA:338,1
DA:339,1
DA:340,1
DA:341,1
DA:345,1
DA:346,1
DA:348,1
DA:350,1
DA:351,1
DA:352,1
DA:353,1
DA:354,1
DA:356,1
DA:357,1
DA:358,1
DA:360,1
DA:361,1
DA:364,1
DA:365,1
DA:367,1
DA:368,1
DA:370,1
DA:371,1
DA:381,1
DA:382,1
DA:393,1
DA:394,1
DA:405,1
DA:407,1
DA:408,1
DA:409,1
DA:410,1
DA:412,1
DA:413,1
DA:414,1
DA:415,1
DA:416,1
DA:418,1
DA:419,1
DA:421,1
DA:423,1
DA:424,1
DA:425,1
DA:426,1
DA:427,1
DA:428,1
DA:429,1
DA:430,1
DA:436,1
DA:437,1
DA:438,1
DA:439,1
DA:441,1
DA:443,1
DA:444,1
DA:445,1
DA:446,1
DA:447,1
DA:448,1
DA:449,1
DA:450,1
DA:452,1
DA:453,1
DA:454,1
DA:455,1
DA:456,1
DA:457,1
DA:458,1
DA:460,1
DA:461,1
DA:462,1
DA:463,1
DA:464,1
DA:465,1
DA:468,1
DA:469,1
DA:470,1
DA:471,1
DA:473,1
DA:475,1
DA:476,1
DA:477,1
DA:478,1
DA:479,1
DA:480,1
DA:481,1
DA:484,1
DA:485,1
DA:486,1
DA:487,1
DA:488,1
DA:490,1
DA:491,0
DA:492,0
DA:494,1
DA:501,1
DA:502,1
DA:504,1
DA:506,1
DA:507,1
DA:508,1
DA:509,1
DA:510,1
DA:511,1
DA:512,1
DA:514,1
DA:515,1
DA:516,1
DA:517,1
DA:518,1
DA:520,1
DA:521,1
DA:522,1
DA:523,1
DA:525,1
DA:526,1
DA:527,1
DA:528,1
DA:530,1
DA:531,1
DA:532,1
DA:533,1
DA:534,1
DA:536,1
DA:538,1
DA:539,1
DA:540,1
DA:542,1
DA:543,0
DA:544,0
DA:546,1
DA:552,1
DA:553,1
DA:554,1
DA:556,1
DA:557,1
DA:558,1
DA:559,1
DA:560,1
DA:561,0
DA:562,1
DA:563,1
DA:564,1
DA:565,1
DA:566,1
DA:568,1
DA:569,1
DA:570,1
DA:571,1
DA:572,1
DA:574,1
DA:576,1
DA:578,1
DA:579,1
DA:580,0
DA:581,0
DA:582,0
DA:583,0
DA:585,1
DA:586,1
DA:587,0
DA:588,0
DA:589,0
DA:590,0
DA:593,1
DA:594,1
DA:595,1
DA:596,1
DA:597,1
DA:598,0
DA:599,0
DA:600,1
DA:601,0
DA:602,0
DA:604,1
DA:605,1
DA:606,0
DA:607,0
DA:608,1
DA:609,1
DA:610,0
DA:611,0
DA:612,1
DA:615,1
DA:616,0
DA:617,0
LF:378
LH:352
FN:43,55,_CollectionDimScanThread.__init__
FNDA:1,_CollectionDimScanThread.__init__
FN:57,84,_CollectionDimScanThread.run
FNDA:1,_CollectionDimScanThread.run
FN:93,103,_CompareLoadThread.__init__
FNDA:1,_CompareLoadThread.__init__
FN:105,117,_CompareLoadThread.run
FNDA:1,_CompareLoadThread.run
FN:132,146,HistogramPanel.__init__
FNDA:1,HistogramPanel.__init__
FN:152,244,HistogramPanel._setup_ui
FNDA:1,HistogramPanel._setup_ui
FN:250,257,HistogramPanel.set_connection
FNDA:1,HistogramPanel.set_connection
FN:259,264,HistogramPanel.set_connection_manager
FNDA:1,HistogramPanel.set_connection_manager
FN:266,291,HistogramPanel.set_data
FNDA:1,HistogramPanel.set_data
FN:293,310,HistogramPanel.generate_histogram
FNDA:1,HistogramPanel.generate_histogram
FN:312,314,HistogramPanel.get_current_html
FNDA:1,HistogramPanel.get_current_html
FN:320,346,HistogramPanel._extract_values
FNDA:1,HistogramPanel._extract_values
FN:348,419,HistogramPanel._render
FNDA:1,HistogramPanel._render
FN:421,430,HistogramPanel._reset_comparison
FNDA:1,HistogramPanel._reset_comparison
FN:436,439,HistogramPanel._on_metric_changed
FNDA:1,HistogramPanel._on_metric_changed
FN:441,450,HistogramPanel._on_clear
FNDA:1,HistogramPanel._on_clear
FN:452,502,HistogramPanel._on_compare_toggled
FNDA:1,HistogramPanel._on_compare_toggled
FN:504,523,HistogramPanel._on_dim_scan_finished
FNDA:1,HistogramPanel._on_dim_scan_finished
FN:525,554,HistogramPanel._on_load_comparison
FNDA:1,HistogramPanel._on_load_comparison
FN:556,566,HistogramPanel._on_compare_loaded
FNDA:1,HistogramPanel._on_compare_loaded
FN:568,572,HistogramPanel._on_compare_error
FNDA:1,HistogramPanel._on_compare_error
FN:574,617,HistogramPanel.dispose
FNDA:1,HistogramPanel.dispose
FNF:22
FNH:22
end_of_record
SF:src\vector_inspector\ui\views\visualization\plot_panel.py
DA:3,1
DA:5,1
DA:6,1
DA:7,1
DA:8,1
DA:9,1
DA:12,1
DA:15,1
DA:17,1
DA:18,1
DA:20,1
DA:21,1
DA:23,1
DA:26,1
DA:28,1
DA:30,1
DA:31,1
DA:32,1
DA:33,1
DA:34,1
DA:35,1
DA:36,1
DA:37,1
DA:38,1
DA:39,1
DA:41,1
DA:42,1
DA:43,1
DA:46,1
DA:47,1
DA:48,1
DA:51,1
DA:52,1
DA:54,1
DA:57,1
DA:58,1
DA:59,1
DA:61,1
DA:62,1
DA:63,1
DA:65,1
DA:67,1
DA:68,1
DA:69,1
DA:70,1
DA:72,1
DA:73,1
DA:74,1
DA:75,1
DA:77,1
DA:78,1
DA:80,1
DA:82,1
DA:84,1
DA:85,1
DA:86,1
DA:87,1
DA:88,1
DA:89,1
DA:92,1
DA:93,1
DA:96,1
DA:97,1
DA:98,1
DA:99,1
DA:100,1
DA:102,1
DA:103,1
DA:104,1
DA:105,1
DA:107,1
DA:110,1
DA:116,1
DA:119,1
DA:121,1
DA:123,1
DA:124,1
DA:126,1
DA:141,1
DA:142,1
DA:145,1
DA:146,1
DA:147,1
DA:148,1
DA:149,1
DA:150,1
DA:151,1
DA:154,1
DA:155,1
DA:158,1
DA:160,1
DA:162,1
DA:163,1
DA:166,1
DA:169,1
DA:170,1
DA:171,1
DA:172,1
DA:174,1
DA:175,1
DA:176,1
DA:177,1
DA:180,1
DA:182,1
DA:183,1
DA:186,1
DA:187,1
DA:190,1
DA:192,1
DA:210,1
DA:221,1
DA:239,1
DA:252,1
DA:255,1
DA:316,1
DA:318,1
DA:319,1
DA:321,1
DA:323,1
DA:325,1
DA:331,1
DA:332,1
DA:333,1
DA:334,1
DA:336,1
DA:337,1
DA:338,0
DA:339,0
DA:340,1
DA:341,0
DA:342,0
DA:344,1
DA:345,1
DA:346,0
DA:347,0
DA:348,1
DA:349,1
DA:350,0
DA:351,0
DA:352,1
DA:354,1
DA:355,1
DA:356,1
DA:357,0
DA:358,0
DA:359,1
DA:361,1
DA:362,1
DA:363,1
DA:364,0
DA:365,0
DA:366,1
DA:367,0
DA:369,0
LF:154
LH:140
FN:17,18,PlotEventBridge.__init__
FNDA:1,PlotEventBridge.__init__
FN:21,23,PlotEventBridge.onPointSelected
FNDA:1,PlotEventBridge.onPointSelected
FN:30,39,PlotPanel.__init__
FNDA:1,PlotPanel.__init__
FN:41,78,PlotPanel._setup_ui
FNDA:1,PlotPanel._setup_ui
FN:80,105,PlotPanel._on_point_selected
FNDA:1,PlotPanel._on_point_selected
FN:107,119,PlotPanel._on_clear_selection_clicked
FNDA:1,PlotPanel._on_clear_selection_clicked
FN:121,124,PlotPanel._on_view_data_clicked
FNDA:1,PlotPanel._on_view_data_clicked
FN:126,319,PlotPanel.create_plot
FNDA:1,PlotPanel.create_plot
FN:321,323,PlotPanel.get_current_html
FNDA:1,PlotPanel.get_current_html
FN:325,369,PlotPanel.dispose
FNDA:1,PlotPanel.dispose
FNF:10
FNH:10
end_of_record
SF:src\vector_inspector\ui\views\visualization_view.py
DA:3,1
DA:5,1
DA:6,1
DA:7,1
DA:8,1
DA:9,1
DA:11,1
DA:12,1
DA:13,1
DA:24,1
DA:27,1
DA:28,1
DA:29,1
DA:30,1
DA:31,1
DA:32,1
DA:37,1
DA:40,1
DA:43,1
DA:44,1
DA:46,1
DA:47,1
DA:48,1
DA:49,1
DA:50,1
DA:52,1
DA:54,1
DA:55,1
DA:58,1
DA:59,1
DA:61,1
DA:62,1
DA:63,1
DA:64,1
DA:67,1
DA:70,1
DA:71,1
DA:73,1
DA:74,1
DA:75,1
DA:76,1
DA:77,1
DA:79,1
DA:81,1
DA:82,1
DA:84,1
DA:85,1
DA:86,1
DA:87,1
DA:88,1
DA:91,1
DA:94,1
DA:95,1
DA:97,1
DA:98,1
DA:99,1
DA:100,1
DA:101,1
DA:103,1
DA:105,1
DA:106,1
DA:107,1
DA:108,1
DA:110,1
DA:111,1
DA:113,1
DA:115,1
DA:116,1
DA:118,1
DA:119,1
DA:120,1
DA:121,1
DA:124,1
DA:128,1
DA:130,1
DA:131,1
DA:132,1
DA:134,1
DA:141,1
DA:144,1
DA:145,1
DA:146,1
DA:147,1
DA:149,1
DA:150,1
DA:151,1
DA:152,1
DA:153,1
DA:154,1
DA:155,1
DA:156,1
DA:157,1
DA:158,1
DA:159,1
DA:160,1
DA:161,1
DA:164,1
DA:166,1
DA:167,1
DA:169,1
DA:172,1
DA:175,1
DA:178,1
DA:179,1
DA:182,1
DA:184,1
DA:187,1
DA:188,1
DA:190,1
DA:192,1
DA:193,1
DA:195,1
DA:197,1
DA:199,1
DA:201,1
DA:203,1
DA:205,1
DA:207,1
DA:209,1
DA:211,1
DA:212,1
DA:215,1
DA:216,1
DA:217,1
DA:218,1
DA:220,1
DA:221,0
DA:223,1
DA:224,1
DA:225,1
DA:226,1
DA:227,1
DA:228,1
DA:229,1
DA:230,1
DA:233,1
DA:234,1
DA:235,1
DA:237,1
DA:238,1
DA:240,1
DA:243,1
DA:244,1
DA:245,1
DA:246,1
DA:247,1
DA:250,1
DA:252,1
DA:253,1
DA:254,1
DA:255,1
DA:256,1
DA:257,1
DA:258,1
DA:260,1
DA:263,1
DA:264,1
DA:265,1
DA:269,1
DA:273,1
DA:274,0
DA:275,0
DA:277,0
DA:281,0
DA:283,0
DA:285,0
DA:286,0
DA:288,0
DA:290,1
DA:292,1
DA:293,1
DA:294,1
DA:295,1
DA:298,1
DA:299,1
DA:302,1
DA:304,1
DA:307,1
DA:309,1
DA:310,1
DA:311,1
DA:313,1
DA:314,1
DA:316,1
DA:317,1
DA:320,1
DA:321,1
DA:322,1
DA:325,1
DA:331,1
DA:332,1
DA:335,1
DA:336,1
DA:338,1
DA:340,1
DA:342,1
DA:349,1
DA:354,1
DA:356,1
DA:357,1
DA:362,1
DA:363,1
DA:366,1
DA:367,1
DA:368,1
DA:369,1
DA:372,1
DA:373,1
DA:374,1
DA:376,1
DA:377,1
DA:379,1
DA:381,1
DA:382,1
DA:388,1
DA:390,1
DA:391,1
DA:392,1
DA:398,1
DA:399,1
DA:400,1
DA:401,1
DA:403,1
DA:405,1
DA:406,1
DA:407,1
DA:408,1
DA:409,1
DA:411,1
DA:413,1
DA:414,1
DA:415,1
DA:416,1
DA:417,1
DA:418,1
DA:419,1
DA:421,1
DA:423,1
DA:424,1
DA:426,1
DA:428,1
DA:429,1
DA:430,1
DA:433,1
DA:434,1
DA:435,0
DA:437,1
DA:440,1
DA:441,0
DA:442,0
DA:445,1
DA:451,1
DA:452,1
DA:455,1
DA:456,1
DA:459,1
DA:461,1
DA:463,1
DA:465,1
DA:472,1
DA:477,1
DA:479,1
DA:480,1
DA:485,1
DA:487,1
DA:490,1
DA:491,1
DA:494,1
DA:495,1
DA:497,1
DA:498,1
DA:499,1
DA:500,1
DA:502,1
DA:504,1
DA:505,1
DA:506,1
DA:509,1
DA:511,1
DA:512,1
DA:513,1
DA:514,1
DA:516,1
DA:517,1
DA:519,1
DA:520,1
DA:521,1
DA:522,1
DA:523,1
DA:526,1
DA:527,1
DA:530,1
DA:531,1
DA:537,1
DA:539,1
DA:541,1
DA:542,1
DA:544,1
DA:545,1
DA:546,1
DA:548,1
DA:549,1
DA:550,1
DA:552,1
DA:553,1
DA:555,1
DA:556,1
DA:559,1
DA:560,1
DA:561,1
DA:562,0
DA:565,1
DA:566,1
DA:567,1
DA:568,1
DA:571,1
DA:577,1
DA:578,1
DA:580,1
DA:582,1
DA:583,1
DA:588,1
DA:589,1
DA:590,1
DA:592,1
DA:594,1
DA:595,1
DA:596,1
DA:597,1
DA:598,1
DA:600,1
DA:602,1
DA:603,1
DA:604,1
DA:605,1
DA:607,1
DA:608,1
DA:609,1
DA:610,1
DA:611,1
DA:612,1
DA:614,1
DA:616,1
DA:623,1
DA:624,1
DA:626,1
DA:628,1
DA:629,1
DA:631,1
DA:635,1
DA:636,1
DA:637,1
DA:638,1
DA:639,0
DA:640,0
DA:641,1
DA:642,1
DA:643,1
DA:644,0
DA:645,0
DA:648,1
DA:649,1
DA:650,0
DA:651,0
DA:652,0
DA:653,0
DA:655,1
DA:656,1
DA:657,1
DA:658,1
LF:370
LH:349
FN:46,50,VisualizationThread.__init__
FNDA:1,VisualizationThread.__init__
FN:52,64,VisualizationThread.run
FNDA:1,VisualizationThread.run
FN:73,77,ClusteringThread.__init__
FNDA:1,ClusteringThread.__init__
FN:79,88,ClusteringThread.run
FNDA:1,ClusteringThread.run
FN:97,101,VisualizationDataLoadThread.__init__
FNDA:1,VisualizationDataLoadThread.__init__
FN:103,121,VisualizationDataLoadThread.run
FNDA:1,VisualizationDataLoadThread.run
FN:134,167,VisualizationView.__init__
FNDA:1,VisualizationView.__init__
FN:169,182,VisualizationView._connect_state_signals
FNDA:1,VisualizationView._connect_state_signals
FN:184,188,VisualizationView._on_provider_changed
FNDA:1,VisualizationView._on_provider_changed
FN:190,193,VisualizationView._on_collection_changed
FNDA:1,VisualizationView._on_collection_changed
FN:195,197,VisualizationView._on_loading_started
FNDA:1,VisualizationView._on_loading_started
FN:199,201,VisualizationView._on_loading_finished
FNDA:1,VisualizationView._on_loading_finished
FN:203,205,VisualizationView._on_error
FNDA:1,VisualizationView._on_error
FN:207,209,VisualizationView._connect_plot_signals
FNDA:1,VisualizationView._connect_plot_signals
FN:211,302,VisualizationView._setup_ui
FNDA:1,VisualizationView._setup_ui
FN:237,238,VisualizationView._setup_ui.on_use_all_changed
FNDA:1,VisualizationView._setup_ui.on_use_all_changed
FN:304,336,VisualizationView._generate_visualization
FNDA:1,VisualizationView._generate_visualization
FN:338,377,VisualizationView._on_data_loaded
FNDA:1,VisualizationView._on_data_loaded
FN:379,386,VisualizationView._on_data_load_error
FNDA:1,VisualizationView._on_data_load_error
FN:388,401,VisualizationView._on_reduction_finished
FNDA:1,VisualizationView._on_reduction_finished
FN:403,409,VisualizationView._on_reduction_error
FNDA:1,VisualizationView._on_reduction_error
FN:411,419,VisualizationView._save_temp_html
FNDA:1,VisualizationView._save_temp_html
FN:421,424,VisualizationView._open_in_browser
FNDA:1,VisualizationView._open_in_browser
FN:426,459,VisualizationView._run_clustering
FNDA:1,VisualizationView._run_clustering
FN:461,485,VisualizationView._on_clustering_data_loaded
FNDA:1,VisualizationView._on_clustering_data_loaded
FN:487,500,VisualizationView._start_clustering
FNDA:1,VisualizationView._start_clustering
FN:502,537,VisualizationView._on_clustering_finished
FNDA:1,VisualizationView._on_clustering_finished
FN:539,590,VisualizationView._save_cluster_labels_to_metadata
FNDA:1,VisualizationView._save_cluster_labels_to_metadata
FN:592,598,VisualizationView._on_clustering_error
FNDA:1,VisualizationView._on_clustering_error
FN:600,614,VisualizationView.set_collection
FNDA:1,VisualizationView.set_collection
FN:616,624,VisualizationView._on_view_in_data_browser
FNDA:1,VisualizationView._on_view_in_data_browser
FN:626,658,VisualizationView.cleanup_temp_html
FNDA:1,VisualizationView.cleanup_temp_html
FNF:32
FNH:32
end_of_record
SF:src\vector_inspector\ui\workers\__init__.py
DA:3,1
DA:5,1
LF:2
LH:2
end_of_record
SF:src\vector_inspector\ui\workers\collection_worker.py
DA:3,1
DA:4,1
DA:6,1
DA:8,1
DA:9,1
DA:10,1
DA:11,1
DA:14,1
DA:18,1
DA:19,1
DA:20,1
DA:22,1
DA:41,1
DA:42,1
DA:43,1
DA:44,1
DA:45,1
DA:46,1
DA:47,1
DA:50,1
DA:52,1
DA:54,1
DA:57,1
DA:58,1
DA:59,1
DA:61,1
DA:62,1
DA:65,1
DA:68,1
DA:69,1
DA:70,1
DA:71,1
DA:82,1
DA:83,1
DA:86,1
DA:87,1
DA:89,1
DA:95,1
DA:96,1
DA:97,1
DA:98,1
DA:99,1
DA:101,1
DA:104,1
DA:105,1
DA:106,1
DA:108,1
DA:118,1
DA:119,1
DA:122,1
DA:123,1
DA:124,1
DA:125,1
DA:132,1
DA:133,1
DA:135,1
DA:136,1
DA:137,1
DA:138,0
DA:139,1
DA:140,1
DA:142,1
DA:143,1
DA:144,1
DA:145,1
DA:146,1
DA:148,1
DA:149,1
DA:151,1
DA:152,1
DA:153,1
DA:155,1
DA:156,1
DA:158,1
DA:159,1
DA:160,1
LF:76
LH:75
FN:22,50,CollectionCreationWorker.__init__
FNDA:1,CollectionCreationWorker.__init__
FN:52,160,CollectionCreationWorker.run
FNDA:1,CollectionCreationWorker.run
FNF:2
FNH:2
end_of_record
SF:src\vector_inspector\utils\__init__.py
DA:3,1
DA:4,1
DA:6,1
LF:3
LH:3
end_of_record
SF:src\vector_inspector\utils\array_utils.py
DA:3,1
DA:6,1
DA:31,1
DA:32,1
DA:35,1
DA:36,1
DA:37,1
DA:38,1
DA:40,1
DA:43,1
DA:44,1
DA:45,1
DA:48,1
LF:13
LH:13
FN:6,48,has_embedding
FNDA:1,has_embedding
FNF:1
FNH:1
end_of_record
SF:src\vector_inspector\utils\exception_handler.py
DA:7,1
DA:8,1
DA:9,1
DA:11,1
DA:17,1
DA:18,1
DA:21,1
DA:28,1
DA:29,1
DA:31,1
DA:32,1
DA:35,1
DA:42,1
DA:44,1
DA:46,1
DA:49,1
DA:52,1
DA:53,1
DA:56,1
DA:59,1
DA:60,1
DA:61,1
DA:67,1
DA:69,1
DA:70,1
DA:71,1
DA:72,1
DA:75,1
DA:77,1
DA:80,1
DA:88,1
DA:89,1
DA:91,1
DA:94,1
DA:96,1
DA:98,1
DA:99,1
DA:100,1
DA:112,1
DA:113,1
DA:114,1
DA:115,1
DA:116,1
DA:119,1
DA:120,1
DA:121,1
DA:122,1
DA:123,1
DA:124,1
DA:125,1
DA:126,1
DA:128,1
DA:130,1
DA:131,1
DA:134,1
DA:151,1
DA:152,1
DA:153,1
DA:154,1
DA:155,1
DA:157,1
DA:160,1
DA:161,1
DA:162,1
DA:165,1
DA:168,1
DA:169,1
DA:170,1
DA:176,1
DA:182,1
DA:183,1
DA:184,1
DA:185,1
DA:186,1
DA:189,1
DA:191,1
DA:193,1
LF:77
LH:77
FN:21,32,_get_telemetry_service
FNDA:1,_get_telemetry_service
FN:35,77,setup_global_exception_handler
FNDA:1,setup_global_exception_handler
FN:46,75,setup_global_exception_handler.global_exception_hook
FNDA:1,setup_global_exception_handler.global_exception_hook
FN:80,131,setup_qt_exception_handler
FNDA:1,setup_qt_exception_handler
FN:91,126,setup_qt_exception_handler.qt_message_handler
FNDA:1,setup_qt_exception_handler.qt_message_handler
FN:134,193,exception_telemetry
FNDA:1,exception_telemetry
FN:151,191,exception_telemetry.decorator
FNDA:1,exception_telemetry.decorator
FN:152,189,exception_telemetry.decorator.wrapper
FNDA:1,exception_telemetry.decorator.wrapper
FNF:8
FNH:8
end_of_record
SF:src\vector_inspector\utils\hardware_info.py
DA:4,1
DA:9,1
DA:10,1
DA:12,1
DA:15,1
DA:16,1
DA:18,1
DA:19,1
DA:20,1
DA:21,1
DA:22,1
DA:23,1
DA:24,1
DA:27,1
DA:28,1
DA:30,1
DA:31,1
DA:32,1
DA:35,1
DA:36,1
DA:38,1
DA:39,1
DA:40,1
DA:50,0
DA:51,1
DA:52,1
DA:53,1
DA:54,1
DA:56,1
LF:29
LH:28
FN:4,56,get_hardware_info
FNDA:1,get_hardware_info
FNF:1
FNH:1
end_of_record
SF:src\vector_inspector\utils\lazy_imports.py
DA:3,1
DA:5,1
DA:6,1
DA:7,1
DA:8,1
DA:11,1
DA:14,1
DA:15,1
DA:17,1
DA:18,1
DA:21,1
DA:24,1
DA:25,1
DA:27,1
DA:28,1
DA:31,1
DA:42,1
DA:43,1
DA:44,1
DA:46,1
DA:47,1
DA:48,1
DA:50,1
DA:51,1
DA:52,1
DA:54,1
DA:55,1
DA:56,1
DA:57,1
DA:59,0
DA:60,1
DA:61,1
DA:65,1
DA:66,1
DA:68,1
DA:69,1
DA:70,1
DA:72,1
DA:73,1
DA:74,1
DA:76,1
DA:77,1
DA:80,1
DA:83,1
DA:84,1
DA:86,1
DA:87,1
LF:47
LH:46
FN:11,18,get_plotly
FNDA:1,get_plotly
FN:21,28,get_numpy
FNDA:1,get_numpy
FN:31,77,get_sklearn_model
FNDA:1,get_sklearn_model
FN:80,87,get_weaviate_client
FNDA:1,get_weaviate_client
FNF:4
FNH:4
end_of_record
SF:src\vector_inspector\utils\version.py
DA:1,1
DA:2,1
DA:3,1
DA:4,1
DA:5,1
DA:6,1
DA:7,1
DA:8,1
DA:9,1
DA:10,1
DA:11,1
DA:12,1
LF:12
LH:12
FN:1,12,get_app_version
FNDA:1,get_app_version
FNF:1
FNH:1
end_of_record
