{"meta": {"format": 3, "version": "7.13.4", "timestamp": "2026-03-11T15:42:59.090327", "branch_coverage": false, "show_contexts": false}, "files": {"src\\vector_inspector\\__init__.py": {"executed_lines": [3, 6, 7, 8, 10], "summary": {"covered_lines": 5, "num_statements": 7, "percent_covered": 71.42857142857143, "percent_covered_display": "71", "missing_lines": 2, "excluded_lines": 0, "percent_statements_covered": 71.42857142857143, "percent_statements_covered_display": "71"}, "missing_lines": [11, 12], "excluded_lines": [], "functions": {"get_version": {"executed_lines": [7, 8, 10], "summary": {"covered_lines": 3, "num_statements": 5, "percent_covered": 60.0, "percent_covered_display": "60", "missing_lines": 2, "excluded_lines": 0, "percent_statements_covered": 60.0, "percent_statements_covered_display": "60"}, "missing_lines": [11, 12], "excluded_lines": [], "start_line": 6}, "": {"executed_lines": [3, 6], "summary": {"covered_lines": 2, "num_statements": 2, "percent_covered": 100.0, "percent_covered_display": "100", "missing_lines": 0, "excluded_lines": 0, "percent_statements_covered": 100.0, "percent_statements_covered_display": "100"}, "missing_lines": [], "excluded_lines": [], "start_line": 1}}, "classes": {"": {"executed_lines": [3, 6, 7, 8, 10], "summary": {"covered_lines": 5, "num_statements": 7, "percent_covered": 71.42857142857143, "percent_covered_display": "71", "missing_lines": 2, "excluded_lines": 0, "percent_statements_covered": 71.42857142857143, "percent_statements_covered_display": "71"}, "missing_lines": [11, 12], "excluded_lines": [], "start_line": 1}}}, "src\\vector_inspector\\__main__.py": {"executed_lines": [], "summary": {"covered_lines": 0, "num_statements": 5, "percent_covered": 0.0, "percent_covered_display": "0", "missing_lines": 5, "excluded_lines": 0, "percent_statements_covered": 0.0, "percent_statements_covered_display": "0"}, "missing_lines": [1, 2, 7, 9, 11], "excluded_lines": [], "functions": {"": {"executed_lines": [], "summary": {"covered_lines": 0, "num_statements": 5, "percent_covered": 0.0, "percent_covered_display": "0", "missing_lines": 5, "excluded_lines": 0, "percent_statements_covered": 0.0, "percent_statements_covered_display": "0"}, "missing_lines": [1, 2, 7, 9, 11], "excluded_lines": [], "start_line": 1}}, "classes": {"": {"executed_lines": [], "summary": {"covered_lines": 0, "num_statements": 5, "percent_covered": 0.0, "percent_covered_display": "0", "missing_lines": 5, "excluded_lines": 0, "percent_statements_covered": 0.0, "percent_statements_covered_display": "0"}, "missing_lines": [1, 2, 7, 9, 11], "excluded_lines": [], "start_line": 1}}}, "src\\vector_inspector\\_cli.py": {"executed_lines": [14, 15, 16, 17, 18, 19, 20, 22, 24, 25, 26, 29, 30, 41, 46, 51, 59, 64, 70, 75, 80, 83, 89, 90, 91, 92, 93, 95, 96, 97, 99, 100, 101, 103, 113, 114, 119, 121, 122, 123, 124, 128, 131, 137, 141, 142, 143, 144, 145, 147, 148, 149, 150, 153, 154, 156, 159, 160, 163, 164, 165, 166, 167, 168, 169, 171, 172, 175, 176, 179, 180, 183, 184, 185, 189], "summary": {"covered_lines": 75, "num_statements": 86, "percent_covered": 87.20930232558139, "percent_covered_display": "87", "missing_lines": 11, "excluded_lines": 0, "percent_statements_covered": 87.20930232558139, "percent_statements_covered_display": "87"}, "missing_lines": [115, 116, 125, 126, 127, 157, 158, 186, 191, 195, 197], "excluded_lines": [], "functions": {"_build_parser": {"executed_lines": [30, 41, 46, 51, 59, 64, 70, 75, 80], "summary": {"covered_lines": 9, "num_statements": 9, "percent_covered": 100.0, "percent_covered_display": "100", "missing_lines": 0, "excluded_lines": 0, "percent_statements_covered": 100.0, "percent_statements_covered_display": "100"}, "missing_lines": [], "excluded_lines": [], "start_line": 29}, "_maybe_send_first_run_telemetry": {"executed_lines": [89, 90, 91, 92, 93, 95, 96, 97, 99, 100, 101, 103, 113, 114], "summary": {"covered_lines": 14, "num_statements": 16, "percent_covered": 87.5, "percent_covered_display": "88", "missing_lines": 2, "excluded_lines": 0, "percent_statements_covered": 87.5, "percent_statements_covered_display": "88"}, "missing_lines": [115, 116], "excluded_lines": [], "start_line": 83}, "_handle_dump_settings": {"executed_lines": [121, 122, 123, 124, 128], "summary": {"covered_lines": 5, "num_statements": 8, "percent_covered": 62.5, "percent_covered_display": "62", "missing_lines": 3, "excluded_lines": 0, "percent_statements_covered": 62.5, "percent_statements_covered_display": "62"}, "missing_lines": [125, 126, 127], "excluded_lines": [], "start_line": 119}, "parse_cli_args": {"executed_lines": [137, 141, 142, 143, 144, 145, 147, 148, 149, 150, 153, 154, 156, 159, 160, 163, 164, 165, 166, 167, 168, 169, 171, 172, 175, 176, 179, 180, 183, 184, 185], "summary": {"covered_lines": 31, "num_statements": 34, "percent_covered": 91.17647058823529, "percent_covered_display": "91", "missing_lines": 3, "excluded_lines": 0, "percent_statements_covered": 91.17647058823529, "percent_statements_covered_display": "91"}, "missing_lines": [157, 158, 186], "excluded_lines": [], "start_line": 131}, "console_entry": {"executed_lines": [], "summary": {"covered_lines": 0, "num_statements": 3, "percent_covered": 0.0, "percent_covered_display": "0", "missing_lines": 3, "excluded_lines": 0, "percent_statements_covered": 0.0, "percent_statements_covered_display": "0"}, "missing_lines": [191, 195, 197], "excluded_lines": [], "start_line": 189}, "": {"executed_lines": [14, 15, 16, 17, 18, 19, 20, 22, 24, 25, 26, 29, 83, 119, 131, 189], "summary": {"covered_lines": 16, "num_statements": 16, "percent_covered": 100.0, "percent_covered_display": "100", "missing_lines": 0, "excluded_lines": 0, "percent_statements_covered": 100.0, "percent_statements_covered_display": "100"}, "missing_lines": [], "excluded_lines": [], "start_line": 1}}, "classes": {"": {"executed_lines": [14, 15, 16, 17, 18, 19, 20, 22, 24, 25, 26, 29, 30, 41, 46, 51, 59, 64, 70, 75, 80, 83, 89, 90, 91, 92, 93, 95, 96, 97, 99, 100, 101, 103, 113, 114, 119, 121, 122, 123, 124, 128, 131, 137, 141, 142, 143, 144, 145, 147, 148, 149, 150, 153, 154, 156, 159, 160, 163, 164, 165, 166, 167, 168, 169, 171, 172, 175, 176, 179, 180, 183, 184, 185, 189], "summary": {"covered_lines": 75, "num_statements": 86, "percent_covered": 87.20930232558139, "percent_covered_display": "87", "missing_lines": 11, "excluded_lines": 0, "percent_statements_covered": 87.20930232558139, "percent_statements_covered_display": "87"}, "missing_lines": [115, 116, 125, 126, 127, 157, 158, 186, 191, 195, 197], "excluded_lines": [], "start_line": 1}}}, "src\\vector_inspector\\config\\__init__.py": {"executed_lines": [], "summary": {"covered_lines": 0, "num_statements": 0, "percent_covered": 100.0, "percent_covered_display": "100", "missing_lines": 0, "excluded_lines": 0, "percent_statements_covered": 100.0, "percent_statements_covered_display": "100"}, "missing_lines": [], "excluded_lines": [], "functions": {"": {"executed_lines": [], "summary": {"covered_lines": 0, "num_statements": 0, "percent_covered": 100.0, "percent_covered_display": "100", "missing_lines": 0, "excluded_lines": 0, "percent_statements_covered": 100.0, "percent_statements_covered_display": "100"}, "missing_lines": [], "excluded_lines": [], "start_line": 1}}, "classes": {"": {"executed_lines": [], "summary": {"covered_lines": 0, "num_statements": 0, "percent_covered": 100.0, "percent_covered_display": "100", "missing_lines": 0, "excluded_lines": 0, "percent_statements_covered": 100.0, "percent_statements_covered_display": "100"}, "missing_lines": [], "excluded_lines": [], "start_line": 1}}}, "src\\vector_inspector\\core\\__init__.py": {"executed_lines": [], "summary": {"covered_lines": 0, "num_statements": 0, "percent_covered": 100.0, "percent_covered_display": "100", "missing_lines": 0, "excluded_lines": 0, "percent_statements_covered": 100.0, "percent_statements_covered_display": "100"}, "missing_lines": [], "excluded_lines": [], "functions": {"": {"executed_lines": [], "summary": {"covered_lines": 0, "num_statements": 0, "percent_covered": 100.0, "percent_covered_display": "100", "missing_lines": 0, "excluded_lines": 0, "percent_statements_covered": 100.0, "percent_statements_covered_display": "100"}, "missing_lines": [], "excluded_lines": [], "start_line": 1}}, "classes": {"": {"executed_lines": [], "summary": {"covered_lines": 0, "num_statements": 0, "percent_covered": 100.0, "percent_covered_display": "100", "missing_lines": 0, "excluded_lines": 0, "percent_statements_covered": 100.0, "percent_statements_covered_display": "100"}, "missing_lines": [], "excluded_lines": [], "start_line": 1}}}, "src\\vector_inspector\\core\\cache_manager.py": {"executed_lines": [6, 7, 8, 11, 12, 15, 16, 19, 20, 23, 24, 25, 28, 31, 40, 42, 44, 45, 46, 48, 51, 52, 53, 55, 56, 58, 60, 61, 63, 64, 66, 68, 69, 71, 72, 73, 75, 77, 78, 86, 87, 88, 89, 90, 92, 99, 101, 102, 104, 105, 106, 107, 109, 110, 111, 113, 115, 117, 119, 121, 123, 124, 126, 128, 130, 132, 150, 159, 162, 164, 165, 168, 170, 171], "summary": {"covered_lines": 74, "num_statements": 79, "percent_covered": 93.67088607594937, "percent_covered_display": "94", "missing_lines": 5, "excluded_lines": 0, "percent_statements_covered": 93.67088607594937, "percent_statements_covered_display": "94"}, "missing_lines": [79, 80, 81, 82, 83], "excluded_lines": [], "functions": {"CacheManager.__new__": {"executed_lines": [44, 45, 46], "summary": {"covered_lines": 3, "num_statements": 3, "percent_covered": 100.0, "percent_covered_display": "100", "missing_lines": 0, "excluded_lines": 0, "percent_statements_covered": 100.0, "percent_statements_covered_display": "100"}, "missing_lines": [], "excluded_lines": [], "start_line": 42}, "CacheManager.__init__": {"executed_lines": [51, 52, 53, 55, 56], "summary": {"covered_lines": 5, "num_statements": 5, "percent_covered": 100.0, "percent_covered_display": "100", "missing_lines": 0, "excluded_lines": 0, "percent_statements_covered": 100.0, "percent_statements_covered_display": "100"}, "missing_lines": [], "excluded_lines": [], "start_line": 48}, "CacheManager.get": {"executed_lines": [60, 61, 63, 64], "summary": {"covered_lines": 4, "num_statements": 4, "percent_covered": 100.0, "percent_covered_display": "100", "missing_lines": 0, "excluded_lines": 0, "percent_statements_covered": 100.0, "percent_statements_covered_display": "100"}, "missing_lines": [], "excluded_lines": [], "start_line": 58}, "CacheManager.set": {"executed_lines": [68, 69, 71, 72, 73], "summary": {"covered_lines": 5, "num_statements": 5, "percent_covered": 100.0, "percent_covered_display": "100", "missing_lines": 0, "excluded_lines": 0, "percent_statements_covered": 100.0, "percent_statements_covered_display": "100"}, "missing_lines": [], "excluded_lines": [], "start_line": 66}, "CacheManager.update": {"executed_lines": [77, 78, 86, 87, 88, 89, 90], "summary": {"covered_lines": 7, "num_statements": 12, "percent_covered": 58.333333333333336, "percent_covered_display": "58", "missing_lines": 5, "excluded_lines": 0, "percent_statements_covered": 58.333333333333336, "percent_statements_covered_display": "58"}, "missing_lines": [79, 80, 81, 82, 83], "excluded_lines": [], "start_line": 75}, "CacheManager.invalidate": {"executed_lines": [99, 101, 102, 104, 105, 106, 107, 109, 110, 111], "summary": {"covered_lines": 10, "num_statements": 10, "percent_covered": 100.0, "percent_covered_display": "100", "missing_lines": 0, "excluded_lines": 0, "percent_statements_covered": 100.0, "percent_statements_covered_display": "100"}, "missing_lines": [], "excluded_lines": [], "start_line": 92}, "CacheManager.clear": {"executed_lines": [115], "summary": {"covered_lines": 1, "num_statements": 1, "percent_covered": 100.0, "percent_covered_display": "100", "missing_lines": 0, "excluded_lines": 0, "percent_statements_covered": 100.0, "percent_statements_covered_display": "100"}, "missing_lines": [], "excluded_lines": [], "start_line": 113}, "CacheManager.enable": {"executed_lines": [119], "summary": {"covered_lines": 1, "num_statements": 1, "percent_covered": 100.0, "percent_covered_display": "100", "missing_lines": 0, "excluded_lines": 0, "percent_statements_covered": 100.0, "percent_statements_covered_display": "100"}, "missing_lines": [], "excluded_lines": [], "start_line": 117}, "CacheManager.disable": {"executed_lines": [123, 124], "summary": {"covered_lines": 2, "num_statements": 2, "percent_covered": 100.0, "percent_covered_display": "100", "missing_lines": 0, "excluded_lines": 0, "percent_statements_covered": 100.0, "percent_statements_covered_display": "100"}, "missing_lines": [], "excluded_lines": [], "start_line": 121}, "CacheManager.is_enabled": {"executed_lines": [128], "summary": {"covered_lines": 1, "num_statements": 1, "percent_covered": 100.0, "percent_covered_display": "100", "missing_lines": 0, "excluded_lines": 0, "percent_statements_covered": 100.0, "percent_statements_covered_display": "100"}, "missing_lines": [], "excluded_lines": [], "start_line": 126}, "CacheManager.get_cache_info": {"executed_lines": [132], "summary": {"covered_lines": 1, "num_statements": 1, "percent_covered": 100.0, "percent_covered_display": "100", "missing_lines": 0, "excluded_lines": 0, "percent_statements_covered": 100.0, "percent_statements_covered_display": "100"}, "missing_lines": [], "excluded_lines": [], "start_line": 130}, "get_cache_manager": {"executed_lines": [159], "summary": {"covered_lines": 1, "num_statements": 1, "percent_covered": 100.0, "percent_covered_display": "100", "missing_lines": 0, "excluded_lines": 0, "percent_statements_covered": 100.0, "percent_statements_covered_display": "100"}, "missing_lines": [], "excluded_lines": [], "start_line": 150}, "invalidate_cache_on_settings_change": {"executed_lines": [164, 165], "summary": {"covered_lines": 2, "num_statements": 2, "percent_covered": 100.0, "percent_covered_display": "100", "missing_lines": 0, "excluded_lines": 0, "percent_statements_covered": 100.0, "percent_statements_covered_display": "100"}, "missing_lines": [], "excluded_lines": [], "start_line": 162}, "invalidate_cache_on_refresh": {"executed_lines": [170, 171], "summary": {"covered_lines": 2, "num_statements": 2, "percent_covered": 100.0, "percent_covered_display": "100", "missing_lines": 0, "excluded_lines": 0, "percent_statements_covered": 100.0, "percent_statements_covered_display": "100"}, "missing_lines": [], "excluded_lines": [], "start_line": 168}, "": {"executed_lines": [6, 7, 8, 11, 12, 15, 16, 19, 20, 23, 24, 25, 28, 31, 40, 42, 48, 58, 66, 75, 92, 113, 117, 121, 126, 130, 150, 162, 168], "summary": {"covered_lines": 29, "num_statements": 29, "percent_covered": 100.0, "percent_covered_display": "100", "missing_lines": 0, "excluded_lines": 0, "percent_statements_covered": 100.0, "percent_statements_covered_display": "100"}, "missing_lines": [], "excluded_lines": [], "start_line": 1}}, "classes": {"CacheEntry": {"executed_lines": [], "summary": {"covered_lines": 0, "num_statements": 0, "percent_covered": 100.0, "percent_covered_display": "100", "missing_lines": 0, "excluded_lines": 0, "percent_statements_covered": 100.0, "percent_statements_covered_display": "100"}, "missing_lines": [], "excluded_lines": [], "start_line": 12}, "CacheManager": {"executed_lines": [44, 45, 46, 51, 52, 53, 55, 56, 60, 61, 63, 64, 68, 69, 71, 72, 73, 77, 78, 86, 87, 88, 89, 90, 99, 101, 102, 104, 105, 106, 107, 109, 110, 111, 115, 119, 123, 124, 128, 132], "summary": {"covered_lines": 40, "num_statements": 45, "percent_covered": 88.88888888888889, "percent_covered_display": "89", "missing_lines": 5, "excluded_lines": 0, "percent_statements_covered": 88.88888888888889, "percent_statements_covered_display": "89"}, "missing_lines": [79, 80, 81, 82, 83], "excluded_lines": [], "start_line": 31}, "": {"executed_lines": [6, 7, 8, 11, 12, 15, 16, 19, 20, 23, 24, 25, 28, 31, 40, 42, 48, 58, 66, 75, 92, 113, 117, 121, 126, 130, 150, 159, 162, 164, 165, 168, 170, 171], "summary": {"covered_lines": 34, "num_statements": 34, "percent_covered": 100.0, "percent_covered_display": "100", "missing_lines": 0, "excluded_lines": 0, "percent_statements_covered": 100.0, "percent_statements_covered_display": "100"}, "missing_lines": [], "excluded_lines": [], "start_line": 1}}}, "src\\vector_inspector\\core\\clustering.py": {"executed_lines": [8, 9, 10, 12, 14, 17, 31, 34, 35, 36, 37, 38, 39, 41, 42, 43, 46, 47, 48, 53, 54, 55, 56, 57, 58, 59, 60, 61, 62, 63, 64, 66, 67, 68, 70, 71, 72, 73, 74, 75, 76, 77, 78, 79, 81, 82, 83, 85, 86, 87, 88, 89, 90, 91, 92, 94, 95, 96, 101, 102, 103, 104, 105, 106, 107, 108, 109, 110, 111, 112, 115, 118, 119, 120, 122, 125, 128, 130, 131, 144], "summary": {"covered_lines": 80, "num_statements": 82, "percent_covered": 97.5609756097561, "percent_covered_display": "98", "missing_lines": 2, "excluded_lines": 0, "percent_statements_covered": 97.5609756097561, "percent_statements_covered_display": "98"}, "missing_lines": [145, 146], "excluded_lines": [], "functions": {"run_clustering": {"executed_lines": [31, 34, 35, 36, 37, 38, 39, 41, 42, 43, 46, 47, 48, 53, 54, 55, 56, 57, 58, 59, 60, 61, 62, 63, 64, 66, 67, 68, 70, 71, 72, 73, 74, 75, 76, 77, 78, 79, 81, 82, 83, 85, 86, 87, 88, 89, 90, 91, 92, 94, 95, 96, 101, 102, 103, 104, 105, 106, 107, 108, 109, 110, 111, 112, 115, 118, 119, 120, 122, 125, 128, 130, 131, 144], "summary": {"covered_lines": 74, "num_statements": 76, "percent_covered": 97.36842105263158, "percent_covered_display": "97", "missing_lines": 2, "excluded_lines": 0, "percent_statements_covered": 97.36842105263158, "percent_statements_covered_display": "97"}, "missing_lines": [145, 146], "excluded_lines": [], "start_line": 17}, "": {"executed_lines": [8, 9, 10, 12, 14, 17], "summary": {"covered_lines": 6, "num_statements": 6, "percent_covered": 100.0, "percent_covered_display": "100", "missing_lines": 0, "excluded_lines": 0, "percent_statements_covered": 100.0, "percent_statements_covered_display": "100"}, "missing_lines": [], "excluded_lines": [], "start_line": 1}}, "classes": {"": {"executed_lines": [8, 9, 10, 12, 14, 17, 31, 34, 35, 36, 37, 38, 39, 41, 42, 43, 46, 47, 48, 53, 54, 55, 56, 57, 58, 59, 60, 61, 62, 63, 64, 66, 67, 68, 70, 71, 72, 73, 74, 75, 76, 77, 78, 79, 81, 82, 83, 85, 86, 87, 88, 89, 90, 91, 92, 94, 95, 96, 101, 102, 103, 104, 105, 106, 107, 108, 109, 110, 111, 112, 115, 118, 119, 120, 122, 125, 128, 130, 131, 144], "summary": {"covered_lines": 80, "num_statements": 82, "percent_covered": 97.5609756097561, "percent_covered_display": "98", "missing_lines": 2, "excluded_lines": 0, "percent_statements_covered": 97.5609756097561, "percent_statements_covered_display": "98"}, "missing_lines": [145, 146], "excluded_lines": [], "start_line": 1}}}, "src\\vector_inspector\\core\\connection_manager.py": {"executed_lines": [3, 4, 5, 7, 9, 11, 14, 17, 18, 19, 20, 23, 26, 44, 45, 46, 47, 48, 49, 50, 51, 52, 57, 59, 61, 63, 65, 66, 67, 69, 77, 82, 87, 88, 92, 94, 96, 98, 99, 103, 104, 106, 108, 110, 111, 112, 113, 115, 117, 118, 123, 136, 137, 138, 139, 140, 141, 143, 145, 147, 148, 149, 151, 158, 159, 160, 161, 163, 187, 188, 190, 191, 192, 193, 196, 197, 198, 201, 203, 210, 211, 213, 215, 217, 219, 220, 221, 223, 225, 227, 237, 238, 240, 241, 242, 244, 254, 255, 256, 259, 260, 265, 268, 269, 271, 272, 274, 275, 277, 278, 280, 291, 292, 293, 294, 295, 297, 298, 300, 308, 309, 310, 311, 313, 321, 322, 323, 324, 326, 328, 330, 332, 334, 336, 337, 338, 340, 351, 352, 353, 354, 355], "summary": {"covered_lines": 142, "num_statements": 150, "percent_covered": 94.66666666666667, "percent_covered_display": "95", "missing_lines": 8, "excluded_lines": 0, "percent_statements_covered": 94.66666666666667, "percent_statements_covered_display": "95"}, "missing_lines": [89, 90, 100, 101, 119, 120, 261, 262], "excluded_lines": [], "functions": {"ConnectionInstance.__init__": {"executed_lines": [44, 45, 46, 47, 48, 49, 50, 51, 52, 57], "summary": {"covered_lines": 10, "num_statements": 10, "percent_covered": 100.0, "percent_covered_display": "100", "missing_lines": 0, "excluded_lines": 0, "percent_statements_covered": 100.0, "percent_statements_covered_display": "100"}, "missing_lines": [], "excluded_lines": [], "start_line": 26}, "ConnectionInstance.get_display_name": {"executed_lines": [61], "summary": {"covered_lines": 1, "num_statements": 1, "percent_covered": 100.0, "percent_covered_display": "100", "missing_lines": 0, "excluded_lines": 0, "percent_statements_covered": 100.0, "percent_statements_covered_display": "100"}, "missing_lines": [], "excluded_lines": [], "start_line": 59}, "ConnectionInstance.get_breadcrumb": {"executed_lines": [65, 66, 67], "summary": {"covered_lines": 3, "num_statements": 3, "percent_covered": 100.0, "percent_covered_display": "100", "missing_lines": 0, "excluded_lines": 0, "percent_statements_covered": 100.0, "percent_statements_covered_display": "100"}, "missing_lines": [], "excluded_lines": [], "start_line": 63}, "ConnectionInstance.__getattr__": {"executed_lines": [77], "summary": {"covered_lines": 1, "num_statements": 1, "percent_covered": 100.0, "percent_covered_display": "100", "missing_lines": 0, "excluded_lines": 0, "percent_statements_covered": 100.0, "percent_statements_covered_display": "100"}, "missing_lines": [], "excluded_lines": [], "start_line": 69}, "ConnectionInstance.list_collections": {"executed_lines": [87, 88], "summary": {"covered_lines": 2, "num_statements": 4, "percent_covered": 50.0, "percent_covered_display": "50", "missing_lines": 2, "excluded_lines": 0, "percent_statements_covered": 50.0, "percent_statements_covered_display": "50"}, "missing_lines": [89, 90], "excluded_lines": [], "start_line": 82}, "ConnectionInstance.connect": {"executed_lines": [94], "summary": {"covered_lines": 1, "num_statements": 1, "percent_covered": 100.0, "percent_covered_display": "100", "missing_lines": 0, "excluded_lines": 0, "percent_statements_covered": 100.0, "percent_statements_covered_display": "100"}, "missing_lines": [], "excluded_lines": [], "start_line": 92}, "ConnectionInstance.disconnect": {"executed_lines": [98, 99], "summary": {"covered_lines": 2, "num_statements": 4, "percent_covered": 50.0, "percent_covered_display": "50", "missing_lines": 2, "excluded_lines": 0, "percent_statements_covered": 50.0, "percent_statements_covered_display": "50"}, "missing_lines": [100, 101], "excluded_lines": [], "start_line": 96}, "ConnectionInstance.is_connected": {"executed_lines": [106], "summary": {"covered_lines": 1, "num_statements": 1, "percent_covered": 100.0, "percent_covered_display": "100", "missing_lines": 0, "excluded_lines": 0, "percent_statements_covered": 100.0, "percent_statements_covered_display": "100"}, "missing_lines": [], "excluded_lines": [], "start_line": 104}, "ConnectionInstance.get_collection_info": {"executed_lines": [110, 111, 112, 113], "summary": {"covered_lines": 4, "num_statements": 4, "percent_covered": 100.0, "percent_covered_display": "100", "missing_lines": 0, "excluded_lines": 0, "percent_statements_covered": 100.0, "percent_statements_covered_display": "100"}, "missing_lines": [], "excluded_lines": [], "start_line": 108}, "ConnectionInstance.delete_collection": {"executed_lines": [117, 118], "summary": {"covered_lines": 2, "num_statements": 4, "percent_covered": 50.0, "percent_covered_display": "50", "missing_lines": 2, "excluded_lines": 0, "percent_statements_covered": 50.0, "percent_statements_covered_display": "50"}, "missing_lines": [119, 120], "excluded_lines": [], "start_line": 115}, "ConnectionManager.__init__": {"executed_lines": [147, 148, 149], "summary": {"covered_lines": 3, "num_statements": 3, "percent_covered": 100.0, "percent_covered_display": "100", "missing_lines": 0, "excluded_lines": 0, "percent_statements_covered": 100.0, "percent_statements_covered_display": "100"}, "missing_lines": [], "excluded_lines": [], "start_line": 145}, "ConnectionManager.get_active_collection": {"executed_lines": [158, 159, 160, 161], "summary": {"covered_lines": 4, "num_statements": 4, "percent_covered": 100.0, "percent_covered_display": "100", "missing_lines": 0, "excluded_lines": 0, "percent_statements_covered": 100.0, "percent_statements_covered_display": "100"}, "missing_lines": [], "excluded_lines": [], "start_line": 151}, "ConnectionManager.create_connection": {"executed_lines": [187, 188, 190, 191, 192, 193, 196, 197, 198, 201], "summary": {"covered_lines": 10, "num_statements": 10, "percent_covered": 100.0, "percent_covered_display": "100", "missing_lines": 0, "excluded_lines": 0, "percent_statements_covered": 100.0, "percent_statements_covered_display": "100"}, "missing_lines": [], "excluded_lines": [], "start_line": 163}, "ConnectionManager.mark_connection_opened": {"executed_lines": [210, 211], "summary": {"covered_lines": 2, "num_statements": 2, "percent_covered": 100.0, "percent_covered_display": "100", "missing_lines": 0, "excluded_lines": 0, "percent_statements_covered": 100.0, "percent_statements_covered_display": "100"}, "missing_lines": [], "excluded_lines": [], "start_line": 203}, "ConnectionManager.get_connection": {"executed_lines": [215], "summary": {"covered_lines": 1, "num_statements": 1, "percent_covered": 100.0, "percent_covered_display": "100", "missing_lines": 0, "excluded_lines": 0, "percent_statements_covered": 100.0, "percent_statements_covered_display": "100"}, "missing_lines": [], "excluded_lines": [], "start_line": 213}, "ConnectionManager.get_active_connection": {"executed_lines": [219, 220, 221], "summary": {"covered_lines": 3, "num_statements": 3, "percent_covered": 100.0, "percent_covered_display": "100", "missing_lines": 0, "excluded_lines": 0, "percent_statements_covered": 100.0, "percent_statements_covered_display": "100"}, "missing_lines": [], "excluded_lines": [], "start_line": 217}, "ConnectionManager.get_active_connection_id": {"executed_lines": [225], "summary": {"covered_lines": 1, "num_statements": 1, "percent_covered": 100.0, "percent_covered_display": "100", "missing_lines": 0, "excluded_lines": 0, "percent_statements_covered": 100.0, "percent_statements_covered_display": "100"}, "missing_lines": [], "excluded_lines": [], "start_line": 223}, "ConnectionManager.set_active_connection": {"executed_lines": [237, 238, 240, 241, 242], "summary": {"covered_lines": 5, "num_statements": 5, "percent_covered": 100.0, "percent_covered_display": "100", "missing_lines": 0, "excluded_lines": 0, "percent_statements_covered": 100.0, "percent_statements_covered_display": "100"}, "missing_lines": [], "excluded_lines": [], "start_line": 227}, "ConnectionManager.close_connection": {"executed_lines": [254, 255, 256, 259, 260, 265, 268, 269, 271, 272, 274, 275, 277, 278], "summary": {"covered_lines": 14, "num_statements": 16, "percent_covered": 87.5, "percent_covered_display": "88", "missing_lines": 2, "excluded_lines": 0, "percent_statements_covered": 87.5, "percent_statements_covered_display": "88"}, "missing_lines": [261, 262], "excluded_lines": [], "start_line": 244}, "ConnectionManager.update_connection_state": {"executed_lines": [291, 292, 293, 294, 295, 297, 298], "summary": {"covered_lines": 7, "num_statements": 7, "percent_covered": 100.0, "percent_covered_display": "100", "missing_lines": 0, "excluded_lines": 0, "percent_statements_covered": 100.0, "percent_statements_covered_display": "100"}, "missing_lines": [], "excluded_lines": [], "start_line": 280}, "ConnectionManager.update_collections": {"executed_lines": [308, 309, 310, 311], "summary": {"covered_lines": 4, "num_statements": 4, "percent_covered": 100.0, "percent_covered_display": "100", "missing_lines": 0, "excluded_lines": 0, "percent_statements_covered": 100.0, "percent_statements_covered_display": "100"}, "missing_lines": [], "excluded_lines": [], "start_line": 300}, "ConnectionManager.set_active_collection": {"executed_lines": [321, 322, 323, 324], "summary": {"covered_lines": 4, "num_statements": 4, "percent_covered": 100.0, "percent_covered_display": "100", "missing_lines": 0, "excluded_lines": 0, "percent_statements_covered": 100.0, "percent_statements_covered_display": "100"}, "missing_lines": [], "excluded_lines": [], "start_line": 313}, "ConnectionManager.get_all_connections": {"executed_lines": [328], "summary": {"covered_lines": 1, "num_statements": 1, "percent_covered": 100.0, "percent_covered_display": "100", "missing_lines": 0, "excluded_lines": 0, "percent_statements_covered": 100.0, "percent_statements_covered_display": "100"}, "missing_lines": [], "excluded_lines": [], "start_line": 326}, "ConnectionManager.get_connection_count": {"executed_lines": [332], "summary": {"covered_lines": 1, "num_statements": 1, "percent_covered": 100.0, "percent_covered_display": "100", "missing_lines": 0, "excluded_lines": 0, "percent_statements_covered": 100.0, "percent_statements_covered_display": "100"}, "missing_lines": [], "excluded_lines": [], "start_line": 330}, "ConnectionManager.close_all_connections": {"executed_lines": [336, 337, 338], "summary": {"covered_lines": 3, "num_statements": 3, "percent_covered": 100.0, "percent_covered_display": "100", "missing_lines": 0, "excluded_lines": 0, "percent_statements_covered": 100.0, "percent_statements_covered_display": "100"}, "missing_lines": [], "excluded_lines": [], "start_line": 334}, "ConnectionManager.rename_connection": {"executed_lines": [351, 352, 353, 354, 355], "summary": {"covered_lines": 5, "num_statements": 5, "percent_covered": 100.0, "percent_covered_display": "100", "missing_lines": 0, "excluded_lines": 0, "percent_statements_covered": 100.0, "percent_statements_covered_display": "100"}, "missing_lines": [], "excluded_lines": [], "start_line": 340}, "": {"executed_lines": [3, 4, 5, 7, 9, 11, 14, 17, 18, 19, 20, 23, 26, 59, 63, 69, 82, 92, 96, 103, 104, 108, 115, 123, 136, 137, 138, 139, 140, 141, 143, 145, 151, 163, 203, 213, 217, 223, 227, 244, 280, 300, 313, 326, 330, 334, 340], "summary": {"covered_lines": 47, "num_statements": 47, "percent_covered": 100.0, "percent_covered_display": "100", "missing_lines": 0, "excluded_lines": 0, "percent_statements_covered": 100.0, "percent_statements_covered_display": "100"}, "missing_lines": [], "excluded_lines": [], "start_line": 1}}, "classes": {"ConnectionState": {"executed_lines": [], "summary": {"covered_lines": 0, "num_statements": 0, "percent_covered": 100.0, "percent_covered_display": "100", "missing_lines": 0, "excluded_lines": 0, "percent_statements_covered": 100.0, "percent_statements_covered_display": "100"}, "missing_lines": [], "excluded_lines": [], "start_line": 14}, "ConnectionInstance": {"executed_lines": [44, 45, 46, 47, 48, 49, 50, 51, 52, 57, 61, 65, 66, 67, 77, 87, 88, 94, 98, 99, 106, 110, 111, 112, 113, 117, 118], "summary": {"covered_lines": 27, "num_statements": 33, "percent_covered": 81.81818181818181, "percent_covered_display": "82", "missing_lines": 6, "excluded_lines": 0, "percent_statements_covered": 81.81818181818181, "percent_statements_covered_display": "82"}, "missing_lines": [89, 90, 100, 101, 119, 120], "excluded_lines": [], "start_line": 23}, "ConnectionManager": {"executed_lines": [147, 148, 149, 158, 159, 160, 161, 187, 188, 190, 191, 192, 193, 196, 197, 198, 201, 210, 211, 215, 219, 220, 221, 225, 237, 238, 240, 241, 242, 254, 255, 256, 259, 260, 265, 268, 269, 271, 272, 274, 275, 277, 278, 291, 292, 293, 294, 295, 297, 298, 308, 309, 310, 311, 321, 322, 323, 324, 328, 332, 336, 337, 338, 351, 352, 353, 354, 355], "summary": {"covered_lines": 68, "num_statements": 70, "percent_covered": 97.14285714285714, "percent_covered_display": "97", "missing_lines": 2, "excluded_lines": 0, "percent_statements_covered": 97.14285714285714, "percent_statements_covered_display": "97"}, "missing_lines": [261, 262], "excluded_lines": [], "start_line": 123}, "": {"executed_lines": [3, 4, 5, 7, 9, 11, 14, 17, 18, 19, 20, 23, 26, 59, 63, 69, 82, 92, 96, 103, 104, 108, 115, 123, 136, 137, 138, 139, 140, 141, 143, 145, 151, 163, 203, 213, 217, 223, 227, 244, 280, 300, 313, 326, 330, 334, 340], "summary": {"covered_lines": 47, "num_statements": 47, "percent_covered": 100.0, "percent_covered_display": "100", "missing_lines": 0, "excluded_lines": 0, "percent_statements_covered": 100.0, "percent_statements_covered_display": "100"}, "missing_lines": [], "excluded_lines": [], "start_line": 1}}}, "src\\vector_inspector\\core\\connections\\__init__.py": {"executed_lines": [3, 4, 5, 6, 7, 8, 10], "summary": {"covered_lines": 7, "num_statements": 7, "percent_covered": 100.0, "percent_covered_display": "100", "missing_lines": 0, "excluded_lines": 0, "percent_statements_covered": 100.0, "percent_statements_covered_display": "100"}, "missing_lines": [], "excluded_lines": [], "functions": {"": {"executed_lines": [3, 4, 5, 6, 7, 8, 10], "summary": {"covered_lines": 7, "num_statements": 7, "percent_covered": 100.0, "percent_covered_display": "100", "missing_lines": 0, "excluded_lines": 0, "percent_statements_covered": 100.0, "percent_statements_covered_display": "100"}, "missing_lines": [], "excluded_lines": [], "start_line": 1}}, "classes": {"": {"executed_lines": [3, 4, 5, 6, 7, 8, 10], "summary": {"covered_lines": 7, "num_statements": 7, "percent_covered": 100.0, "percent_covered_display": "100", "missing_lines": 0, "excluded_lines": 0, "percent_statements_covered": 100.0, "percent_statements_covered_display": "100"}, "missing_lines": [], "excluded_lines": [], "start_line": 1}}}, "src\\vector_inspector\\core\\connections\\base_connection.py": {"executed_lines": [3, 4, 5, 6, 8, 9, 12, 19, 20, 29, 30, 34, 35, 36, 45, 46, 55, 56, 71, 72, 76, 77, 88, 89, 93, 94, 98, 99, 103, 104, 134, 135, 160, 161, 184, 185, 206, 213, 215, 223, 235, 251, 253, 254, 255, 258, 259, 260, 261, 262, 265, 266, 267, 269, 270, 271, 272, 274, 275, 276, 277, 279, 292, 293, 298, 301, 302, 312, 313, 317, 318, 319, 320, 336, 337, 338, 340, 350, 351, 352, 353, 354, 356, 357, 376, 379, 380, 381, 394], "summary": {"covered_lines": 89, "num_statements": 132, "percent_covered": 67.42424242424242, "percent_covered_display": "67", "missing_lines": 43, "excluded_lines": 0, "percent_statements_covered": 67.42424242424242, "percent_statements_covered_display": "67"}, "missing_lines": [27, 32, 43, 53, 69, 74, 86, 91, 96, 101, 132, 158, 182, 202, 303, 304, 305, 306, 307, 308, 309, 314, 315, 321, 324, 325, 326, 327, 328, 329, 330, 333, 334, 335, 362, 364, 367, 369, 371, 372, 373, 395, 396], "excluded_lines": [], "functions": {"VectorDBConnection.connect": {"executed_lines": [], "summary": {"covered_lines": 0, "num_statements": 1, "percent_covered": 0.0, "percent_covered_display": "0", "missing_lines": 1, "excluded_lines": 0, "percent_statements_covered": 0.0, "percent_statements_covered_display": "0"}, "missing_lines": [27], "excluded_lines": [], "start_line": 20}, "VectorDBConnection.disconnect": {"executed_lines": [], "summary": {"covered_lines": 0, "num_statements": 1, "percent_covered": 0.0, "percent_covered_display": "0", "missing_lines": 1, "excluded_lines": 0, "percent_statements_covered": 0.0, "percent_statements_covered_display": "0"}, "missing_lines": [32], "excluded_lines": [], "start_line": 30}, "VectorDBConnection.is_connected": {"executed_lines": [], "summary": {"covered_lines": 0, "num_statements": 1, "percent_covered": 0.0, "percent_covered_display": "0", "missing_lines": 1, "excluded_lines": 0, "percent_statements_covered": 0.0, "percent_statements_covered_display": "0"}, "missing_lines": [43], "excluded_lines": [], "start_line": 36}, "VectorDBConnection.list_collections": {"executed_lines": [], "summary": {"covered_lines": 0, "num_statements": 1, "percent_covered": 0.0, "percent_covered_display": "0", "missing_lines": 1, "excluded_lines": 0, "percent_statements_covered": 0.0, "percent_statements_covered_display": "0"}, "missing_lines": [53], "excluded_lines": [], "start_line": 46}, "VectorDBConnection.get_collection_info": {"executed_lines": [], "summary": {"covered_lines": 0, "num_statements": 1, "percent_covered": 0.0, "percent_covered_display": "0", "missing_lines": 1, "excluded_lines": 0, "percent_statements_covered": 0.0, "percent_statements_covered_display": "0"}, "missing_lines": [69], "excluded_lines": [], "start_line": 56}, "VectorDBConnection.create_collection": {"executed_lines": [], "summary": {"covered_lines": 0, "num_statements": 1, "percent_covered": 0.0, "percent_covered_display": "0", "missing_lines": 1, "excluded_lines": 0, "percent_statements_covered": 0.0, "percent_statements_covered_display": "0"}, "missing_lines": [74], "excluded_lines": [], "start_line": 72}, "VectorDBConnection.add_items": {"executed_lines": [], "summary": {"covered_lines": 0, "num_statements": 1, "percent_covered": 0.0, "percent_covered_display": "0", "missing_lines": 1, "excluded_lines": 0, "percent_statements_covered": 0.0, "percent_statements_covered_display": "0"}, "missing_lines": [86], "excluded_lines": [], "start_line": 77}, "VectorDBConnection.get_items": {"executed_lines": [], "summary": {"covered_lines": 0, "num_statements": 1, "percent_covered": 0.0, "percent_covered_display": "0", "missing_lines": 1, "excluded_lines": 0, "percent_statements_covered": 0.0, "percent_statements_covered_display": "0"}, "missing_lines": [91], "excluded_lines": [], "start_line": 89}, "VectorDBConnection.delete_collection": {"executed_lines": [], "summary": {"covered_lines": 0, "num_statements": 1, "percent_covered": 0.0, "percent_covered_display": "0", "missing_lines": 1, "excluded_lines": 0, "percent_statements_covered": 0.0, "percent_statements_covered_display": "0"}, "missing_lines": [96], "excluded_lines": [], "start_line": 94}, "VectorDBConnection.count_collection": {"executed_lines": [], "summary": {"covered_lines": 0, "num_statements": 1, "percent_covered": 0.0, "percent_covered_display": "0", "missing_lines": 1, "excluded_lines": 0, "percent_statements_covered": 0.0, "percent_statements_covered_display": "0"}, "missing_lines": [101], "excluded_lines": [], "start_line": 99}, "VectorDBConnection.query_collection": {"executed_lines": [], "summary": {"covered_lines": 0, "num_statements": 1, "percent_covered": 0.0, "percent_covered_display": "0", "missing_lines": 1, "excluded_lines": 0, "percent_statements_covered": 0.0, "percent_statements_covered_display": "0"}, "missing_lines": [132], "excluded_lines": [], "start_line": 104}, "VectorDBConnection.get_all_items": {"executed_lines": [], "summary": {"covered_lines": 0, "num_statements": 1, "percent_covered": 0.0, "percent_covered_display": "0", "missing_lines": 1, "excluded_lines": 0, "percent_statements_covered": 0.0, "percent_statements_covered_display": "0"}, "missing_lines": [158], "excluded_lines": [], "start_line": 135}, "VectorDBConnection.update_items": {"executed_lines": [], "summary": {"covered_lines": 0, "num_statements": 1, "percent_covered": 0.0, "percent_covered_display": "0", "missing_lines": 1, "excluded_lines": 0, "percent_statements_covered": 0.0, "percent_statements_covered_display": "0"}, "missing_lines": [182], "excluded_lines": [], "start_line": 161}, "VectorDBConnection.delete_items": {"executed_lines": [], "summary": {"covered_lines": 0, "num_statements": 1, "percent_covered": 0.0, "percent_covered_display": "0", "missing_lines": 1, "excluded_lines": 0, "percent_statements_covered": 0.0, "percent_statements_covered_display": "0"}, "missing_lines": [202], "excluded_lines": [], "start_line": 185}, "VectorDBConnection.get_connection_info": {"executed_lines": [213], "summary": {"covered_lines": 1, "num_statements": 1, "percent_covered": 100.0, "percent_covered_display": "100", "missing_lines": 0, "excluded_lines": 0, "percent_statements_covered": 100.0, "percent_statements_covered_display": "100"}, "missing_lines": [], "excluded_lines": [], "start_line": 206}, "VectorDBConnection.get_supported_filter_operators": {"executed_lines": [223], "summary": {"covered_lines": 1, "num_statements": 1, "percent_covered": 100.0, "percent_covered_display": "100", "missing_lines": 0, "excluded_lines": 0, "percent_statements_covered": 100.0, "percent_statements_covered_display": "100"}, "missing_lines": [], "excluded_lines": [], "start_line": 215}, "VectorDBConnection.get_embedding_model": {"executed_lines": [251, 253, 254, 255, 258, 259, 260, 261, 262, 265, 266, 267, 269, 270, 271, 272, 274, 275, 276, 277], "summary": {"covered_lines": 20, "num_statements": 20, "percent_covered": 100.0, "percent_covered_display": "100", "missing_lines": 0, "excluded_lines": 0, "percent_statements_covered": 100.0, "percent_statements_covered_display": "100"}, "missing_lines": [], "excluded_lines": [], "start_line": 235}, "VectorDBConnection.load_embedding_model_for_collection": {"executed_lines": [292, 293, 298, 301, 302, 312, 313, 317, 318, 319, 320, 336, 337, 338], "summary": {"covered_lines": 14, "num_statements": 34, "percent_covered": 41.1764705882353, "percent_covered_display": "41", "missing_lines": 20, "excluded_lines": 0, "percent_statements_covered": 41.1764705882353, "percent_statements_covered_display": "41"}, "missing_lines": [303, 304, 305, 306, 307, 308, 309, 314, 315, 321, 324, 325, 326, 327, 328, 329, 330, 333, 334, 335], "excluded_lines": [], "start_line": 279}, "VectorDBConnection.compute_embeddings_for_documents": {"executed_lines": [350, 351, 352, 353, 354, 356, 357, 376, 379, 380, 381, 394], "summary": {"covered_lines": 12, "num_statements": 21, "percent_covered": 57.142857142857146, "percent_covered_display": "57", "missing_lines": 9, "excluded_lines": 0, "percent_statements_covered": 57.142857142857146, "percent_statements_covered_display": "57"}, "missing_lines": [362, 364, 367, 369, 371, 372, 373, 395, 396], "excluded_lines": [], "start_line": 340}, "": {"executed_lines": [3, 4, 5, 6, 8, 9, 12, 19, 20, 29, 30, 34, 35, 36, 45, 46, 55, 56, 71, 72, 76, 77, 88, 89, 93, 94, 98, 99, 103, 104, 134, 135, 160, 161, 184, 185, 206, 215, 235, 279, 340], "summary": {"covered_lines": 41, "num_statements": 41, "percent_covered": 100.0, "percent_covered_display": "100", "missing_lines": 0, "excluded_lines": 0, "percent_statements_covered": 100.0, "percent_statements_covered_display": "100"}, "missing_lines": [], "excluded_lines": [], "start_line": 1}}, "classes": {"VectorDBConnection": {"executed_lines": [213, 223, 251, 253, 254, 255, 258, 259, 260, 261, 262, 265, 266, 267, 269, 270, 271, 272, 274, 275, 276, 277, 292, 293, 298, 301, 302, 312, 313, 317, 318, 319, 320, 336, 337, 338, 350, 351, 352, 353, 354, 356, 357, 376, 379, 380, 381, 394], "summary": {"covered_lines": 48, "num_statements": 91, "percent_covered": 52.747252747252745, "percent_covered_display": "53", "missing_lines": 43, "excluded_lines": 0, "percent_statements_covered": 52.747252747252745, "percent_statements_covered_display": "53"}, "missing_lines": [27, 32, 43, 53, 69, 74, 86, 91, 96, 101, 132, 158, 182, 202, 303, 304, 305, 306, 307, 308, 309, 314, 315, 321, 324, 325, 326, 327, 328, 329, 330, 333, 334, 335, 362, 364, 367, 369, 371, 372, 373, 395, 396], "excluded_lines": [], "start_line": 12}, "": {"executed_lines": [3, 4, 5, 6, 8, 9, 12, 19, 20, 29, 30, 34, 35, 36, 45, 46, 55, 56, 71, 72, 76, 77, 88, 89, 93, 94, 98, 99, 103, 104, 134, 135, 160, 161, 184, 185, 206, 215, 235, 279, 340], "summary": {"covered_lines": 41, "num_statements": 41, "percent_covered": 100.0, "percent_covered_display": "100", "missing_lines": 0, "excluded_lines": 0, "percent_statements_covered": 100.0, "percent_statements_covered_display": "100"}, "missing_lines": [], "excluded_lines": [], "start_line": 1}}}, "src\\vector_inspector\\core\\connections\\chroma_connection.py": {"executed_lines": [3, 4, 5, 7, 8, 9, 10, 12, 13, 16, 19, 21, 22, 23, 24, 25, 27, 29, 32, 34, 35, 38, 44, 46, 48, 49, 51, 52, 53, 54, 55, 58, 61, 72, 73, 74, 75, 76, 78, 85, 86, 88, 90, 91, 92, 96, 97, 102, 104, 105, 107, 108, 109, 110, 114, 116, 117, 119, 120, 122, 124, 131, 133, 134, 135, 140, 142, 143, 144, 145, 146, 147, 149, 152, 153, 154, 156, 158, 159, 161, 162, 164, 166, 167, 168, 169, 181, 193, 194, 195, 198, 199, 204, 214, 215, 216, 218, 219, 221, 222, 223, 225, 226, 231, 232, 233, 235, 236, 240, 241, 242, 244, 245, 260, 268, 271, 276, 299, 300, 301, 306, 317, 318, 327, 328, 330, 331, 333, 352, 353, 356, 357, 363, 364, 365, 366, 368, 389, 390, 393, 395, 396, 397, 400, 401, 402, 404, 410, 411, 412, 413, 415, 436, 437, 438, 440, 442, 451, 457, 458, 459, 460, 462, 479, 480, 483, 484, 485, 490, 500, 503, 504, 505, 506, 507, 508, 510, 511, 516, 518, 521, 523, 524, 525, 526, 546, 548, 549, 551, 555, 557, 558, 559, 560, 561, 562, 563, 565, 572], "summary": {"covered_lines": 199, "num_statements": 270, "percent_covered": 73.70370370370371, "percent_covered_display": "74", "missing_lines": 71, "excluded_lines": 0, "percent_statements_covered": 73.70370370370371, "percent_statements_covered_display": "74"}, "missing_lines": [30, 93, 98, 99, 100, 112, 132, 136, 137, 138, 170, 171, 173, 179, 200, 201, 202, 246, 247, 248, 249, 250, 251, 252, 253, 255, 256, 257, 258, 269, 272, 273, 274, 302, 303, 307, 308, 309, 310, 311, 313, 326, 354, 391, 443, 444, 447, 448, 449, 481, 486, 487, 488, 501, 512, 513, 519, 529, 530, 531, 532, 534, 535, 536, 537, 540, 541, 542, 543, 544, 550], "excluded_lines": [], "functions": {"DimensionAwareEmbeddingFunction.__init__": {"executed_lines": [21, 22, 23, 24, 25], "summary": {"covered_lines": 5, "num_statements": 5, "percent_covered": 100.0, "percent_covered_display": "100", "missing_lines": 0, "excluded_lines": 0, "percent_statements_covered": 100.0, "percent_statements_covered_display": "100"}, "missing_lines": [], "excluded_lines": [], "start_line": 19}, "DimensionAwareEmbeddingFunction._ensure_model_loaded": {"executed_lines": [29, 32, 34, 35, 38, 44], "summary": {"covered_lines": 6, "num_statements": 7, "percent_covered": 85.71428571428571, "percent_covered_display": "86", "missing_lines": 1, "excluded_lines": 0, "percent_statements_covered": 85.71428571428571, "percent_statements_covered_display": "86"}, "missing_lines": [30], "excluded_lines": [], "start_line": 27}, "DimensionAwareEmbeddingFunction.__call__": {"executed_lines": [48, 49, 51, 52, 53, 54, 55], "summary": {"covered_lines": 7, "num_statements": 7, "percent_covered": 100.0, "percent_covered_display": "100", "missing_lines": 0, "excluded_lines": 0, "percent_statements_covered": 100.0, "percent_statements_covered_display": "100"}, "missing_lines": [], "excluded_lines": [], "start_line": 46}, "ChromaDBConnection.__init__": {"executed_lines": [72, 73, 74, 75, 76], "summary": {"covered_lines": 5, "num_statements": 5, "percent_covered": 100.0, "percent_covered_display": "100", "missing_lines": 0, "excluded_lines": 0, "percent_statements_covered": 100.0, "percent_statements_covered_display": "100"}, "missing_lines": [], "excluded_lines": [], "start_line": 61}, "ChromaDBConnection.connect": {"executed_lines": [85, 86, 88, 90, 91, 92, 96, 97], "summary": {"covered_lines": 8, "num_statements": 12, "percent_covered": 66.66666666666667, "percent_covered_display": "67", "missing_lines": 4, "excluded_lines": 0, "percent_statements_covered": 66.66666666666667, "percent_statements_covered_display": "67"}, "missing_lines": [93, 98, 99, 100], "excluded_lines": [], "start_line": 78}, "ChromaDBConnection._resolve_path": {"executed_lines": [104, 105, 107, 108, 109, 110], "summary": {"covered_lines": 6, "num_statements": 7, "percent_covered": 85.71428571428571, "percent_covered_display": "86", "missing_lines": 1, "excluded_lines": 0, "percent_statements_covered": 85.71428571428571, "percent_statements_covered_display": "86"}, "missing_lines": [112], "excluded_lines": [], "start_line": 102}, "ChromaDBConnection.disconnect": {"executed_lines": [116, 117], "summary": {"covered_lines": 2, "num_statements": 2, "percent_covered": 100.0, "percent_covered_display": "100", "missing_lines": 0, "excluded_lines": 0, "percent_statements_covered": 100.0, "percent_statements_covered_display": "100"}, "missing_lines": [], "excluded_lines": [], "start_line": 114}, "ChromaDBConnection.is_connected": {"executed_lines": [122], "summary": {"covered_lines": 1, "num_statements": 1, "percent_covered": 100.0, "percent_covered_display": "100", "missing_lines": 0, "excluded_lines": 0, "percent_statements_covered": 100.0, "percent_statements_covered_display": "100"}, "missing_lines": [], "excluded_lines": [], "start_line": 120}, "ChromaDBConnection.list_collections": {"executed_lines": [131, 133, 134, 135], "summary": {"covered_lines": 4, "num_statements": 8, "percent_covered": 50.0, "percent_covered_display": "50", "missing_lines": 4, "excluded_lines": 0, "percent_statements_covered": 50.0, "percent_statements_covered_display": "50"}, "missing_lines": [132, 136, 137, 138], "excluded_lines": [], "start_line": 124}, "ChromaDBConnection._get_collection_basic": {"executed_lines": [142, 143, 144, 145, 146, 147], "summary": {"covered_lines": 6, "num_statements": 6, "percent_covered": 100.0, "percent_covered_display": "100", "missing_lines": 0, "excluded_lines": 0, "percent_statements_covered": 100.0, "percent_statements_covered_display": "100"}, "missing_lines": [], "excluded_lines": [], "start_line": 140}, "ChromaDBConnection._get_embedding_function_for_collection": {"executed_lines": [152, 153, 154, 156, 158, 159, 161, 162, 164, 166, 167, 168, 169], "summary": {"covered_lines": 13, "num_statements": 17, "percent_covered": 76.47058823529412, "percent_covered_display": "76", "missing_lines": 4, "excluded_lines": 0, "percent_statements_covered": 76.47058823529412, "percent_statements_covered_display": "76"}, "missing_lines": [170, 171, 173, 179], "excluded_lines": [], "start_line": 149}, "ChromaDBConnection.get_collection": {"executed_lines": [193, 194, 195, 198, 199], "summary": {"covered_lines": 5, "num_statements": 8, "percent_covered": 62.5, "percent_covered_display": "62", "missing_lines": 3, "excluded_lines": 0, "percent_statements_covered": 62.5, "percent_statements_covered_display": "62"}, "missing_lines": [200, 201, 202], "excluded_lines": [], "start_line": 181}, "ChromaDBConnection.get_collection_info": {"executed_lines": [214, 215, 216, 218, 219, 221, 222, 223, 225, 226, 231, 232, 233, 235, 236, 240, 241, 242, 244, 245, 260, 268, 271], "summary": {"covered_lines": 23, "num_statements": 39, "percent_covered": 58.97435897435897, "percent_covered_display": "59", "missing_lines": 16, "excluded_lines": 0, "percent_statements_covered": 58.97435897435897, "percent_statements_covered_display": "59"}, "missing_lines": [246, 247, 248, 249, 250, 251, 252, 253, 255, 256, 257, 258, 269, 272, 273, 274], "excluded_lines": [], "start_line": 204}, "ChromaDBConnection.query_collection": {"executed_lines": [299, 300, 301, 306, 317, 318, 327, 328, 330, 331], "summary": {"covered_lines": 10, "num_statements": 19, "percent_covered": 52.63157894736842, "percent_covered_display": "53", "missing_lines": 9, "excluded_lines": 0, "percent_statements_covered": 52.63157894736842, "percent_statements_covered_display": "53"}, "missing_lines": [302, 303, 307, 308, 309, 310, 311, 313, 326], "excluded_lines": [], "start_line": 276}, "ChromaDBConnection.get_all_items": {"executed_lines": [352, 353, 356, 357, 363, 364, 365, 366], "summary": {"covered_lines": 8, "num_statements": 9, "percent_covered": 88.88888888888889, "percent_covered_display": "89", "missing_lines": 1, "excluded_lines": 0, "percent_statements_covered": 88.88888888888889, "percent_statements_covered_display": "89"}, "missing_lines": [354], "excluded_lines": [], "start_line": 333}, "ChromaDBConnection.add_items": {"executed_lines": [389, 390, 393, 395, 396, 397, 400, 401, 402, 404, 410, 411, 412, 413], "summary": {"covered_lines": 14, "num_statements": 15, "percent_covered": 93.33333333333333, "percent_covered_display": "93", "missing_lines": 1, "excluded_lines": 0, "percent_statements_covered": 93.33333333333333, "percent_statements_covered_display": "93"}, "missing_lines": [391], "excluded_lines": [], "start_line": 368}, "ChromaDBConnection.update_items": {"executed_lines": [436, 437, 438, 440, 442, 451, 457, 458, 459, 460], "summary": {"covered_lines": 10, "num_statements": 15, "percent_covered": 66.66666666666667, "percent_covered_display": "67", "missing_lines": 5, "excluded_lines": 0, "percent_statements_covered": 66.66666666666667, "percent_statements_covered_display": "67"}, "missing_lines": [443, 444, 447, 448, 449], "excluded_lines": [], "start_line": 415}, "ChromaDBConnection.delete_items": {"executed_lines": [479, 480, 483, 484, 485], "summary": {"covered_lines": 5, "num_statements": 9, "percent_covered": 55.55555555555556, "percent_covered_display": "56", "missing_lines": 4, "excluded_lines": 0, "percent_statements_covered": 55.55555555555556, "percent_statements_covered_display": "56"}, "missing_lines": [481, 486, 487, 488], "excluded_lines": [], "start_line": 462}, "ChromaDBConnection.delete_collection": {"executed_lines": [500, 503, 504, 505, 506, 507, 508, 510, 511], "summary": {"covered_lines": 9, "num_statements": 12, "percent_covered": 75.0, "percent_covered_display": "75", "missing_lines": 3, "excluded_lines": 0, "percent_statements_covered": 75.0, "percent_statements_covered_display": "75"}, "missing_lines": [501, 512, 513], "excluded_lines": [], "start_line": 490}, "ChromaDBConnection.create_collection": {"executed_lines": [518, 521, 523, 524, 525, 526], "summary": {"covered_lines": 6, "num_statements": 20, "percent_covered": 30.0, "percent_covered_display": "30", "missing_lines": 14, "excluded_lines": 0, "percent_statements_covered": 30.0, "percent_statements_covered_display": "30"}, "missing_lines": [519, 529, 530, 531, 532, 534, 535, 536, 537, 540, 541, 542, 543, 544], "excluded_lines": [], "start_line": 516}, "ChromaDBConnection.get_items": {"executed_lines": [548, 549, 551], "summary": {"covered_lines": 3, "num_statements": 4, "percent_covered": 75.0, "percent_covered_display": "75", "missing_lines": 1, "excluded_lines": 0, "percent_statements_covered": 75.0, "percent_statements_covered_display": "75"}, "missing_lines": [550], "excluded_lines": [], "start_line": 546}, "ChromaDBConnection.count_collection": {"executed_lines": [557, 558, 559, 560, 561, 562, 563], "summary": {"covered_lines": 7, "num_statements": 7, "percent_covered": 100.0, "percent_covered_display": "100", "missing_lines": 0, "excluded_lines": 0, "percent_statements_covered": 100.0, "percent_statements_covered_display": "100"}, "missing_lines": [], "excluded_lines": [], "start_line": 555}, "ChromaDBConnection.get_supported_filter_operators": {"executed_lines": [572], "summary": {"covered_lines": 1, "num_statements": 1, "percent_covered": 100.0, "percent_covered_display": "100", "missing_lines": 0, "excluded_lines": 0, "percent_statements_covered": 100.0, "percent_statements_covered_display": "100"}, "missing_lines": [], "excluded_lines": [], "start_line": 565}, "": {"executed_lines": [3, 4, 5, 7, 8, 9, 10, 12, 13, 16, 19, 27, 46, 58, 61, 78, 102, 114, 119, 120, 124, 140, 149, 181, 204, 276, 333, 368, 415, 462, 490, 516, 546, 555, 565], "summary": {"covered_lines": 35, "num_statements": 35, "percent_covered": 100.0, "percent_covered_display": "100", "missing_lines": 0, "excluded_lines": 0, "percent_statements_covered": 100.0, "percent_statements_covered_display": "100"}, "missing_lines": [], "excluded_lines": [], "start_line": 1}}, "classes": {"DimensionAwareEmbeddingFunction": {"executed_lines": [21, 22, 23, 24, 25, 29, 32, 34, 35, 38, 44, 48, 49, 51, 52, 53, 54, 55], "summary": {"covered_lines": 18, "num_statements": 19, "percent_covered": 94.73684210526316, "percent_covered_display": "95", "missing_lines": 1, "excluded_lines": 0, "percent_statements_covered": 94.73684210526316, "percent_statements_covered_display": "95"}, "missing_lines": [30], "excluded_lines": [], "start_line": 16}, "ChromaDBConnection": {"executed_lines": [72, 73, 74, 75, 76, 85, 86, 88, 90, 91, 92, 96, 97, 104, 105, 107, 108, 109, 110, 116, 117, 122, 131, 133, 134, 135, 142, 143, 144, 145, 146, 147, 152, 153, 154, 156, 158, 159, 161, 162, 164, 166, 167, 168, 169, 193, 194, 195, 198, 199, 214, 215, 216, 218, 219, 221, 222, 223, 225, 226, 231, 232, 233, 235, 236, 240, 241, 242, 244, 245, 260, 268, 271, 299, 300, 301, 306, 317, 318, 327, 328, 330, 331, 352, 353, 356, 357, 363, 364, 365, 366, 389, 390, 393, 395, 396, 397, 400, 401, 402, 404, 410, 411, 412, 413, 436, 437, 438, 440, 442, 451, 457, 458, 459, 460, 479, 480, 483, 484, 485, 500, 503, 504, 505, 506, 507, 508, 510, 511, 518, 521, 523, 524, 525, 526, 548, 549, 551, 557, 558, 559, 560, 561, 562, 563, 572], "summary": {"covered_lines": 146, "num_statements": 216, "percent_covered": 67.5925925925926, "percent_covered_display": "68", "missing_lines": 70, "excluded_lines": 0, "percent_statements_covered": 67.5925925925926, "percent_statements_covered_display": "68"}, "missing_lines": [93, 98, 99, 100, 112, 132, 136, 137, 138, 170, 171, 173, 179, 200, 201, 202, 246, 247, 248, 249, 250, 251, 252, 253, 255, 256, 257, 258, 269, 272, 273, 274, 302, 303, 307, 308, 309, 310, 311, 313, 326, 354, 391, 443, 444, 447, 448, 449, 481, 486, 487, 488, 501, 512, 513, 519, 529, 530, 531, 532, 534, 535, 536, 537, 540, 541, 542, 543, 544, 550], "excluded_lines": [], "start_line": 58}, "": {"executed_lines": [3, 4, 5, 7, 8, 9, 10, 12, 13, 16, 19, 27, 46, 58, 61, 78, 102, 114, 119, 120, 124, 140, 149, 181, 204, 276, 333, 368, 415, 462, 490, 516, 546, 555, 565], "summary": {"covered_lines": 35, "num_statements": 35, "percent_covered": 100.0, "percent_covered_display": "100", "missing_lines": 0, "excluded_lines": 0, "percent_statements_covered": 100.0, "percent_statements_covered_display": "100"}, "missing_lines": [], "excluded_lines": [], "start_line": 1}}}, "src\\vector_inspector\\core\\connections\\lancedb_connection.py": {"executed_lines": [3, 4, 6, 7, 9, 12, 15, 22, 23, 24, 25, 27, 29, 30, 32, 33, 34, 35, 36, 37, 38, 44, 45, 46, 47, 49, 50, 51, 53, 54, 56, 58, 60, 61, 64, 65, 66, 67, 68, 70, 73, 74, 76, 77, 81, 82, 84, 86, 87, 88, 93, 94, 95, 97, 98, 99, 100, 108, 109, 110, 111, 112, 117, 118, 119, 125, 128, 130, 141, 142, 144, 149, 157, 158, 159, 161, 162, 165, 170, 178, 180, 181, 182, 185, 186, 189, 190, 192, 193, 194, 195, 200, 205, 206, 207, 208, 210, 218, 219, 220, 221, 222, 224, 225, 227, 228, 229, 230, 232, 234, 235, 236, 237, 238, 245, 246, 251, 259, 261, 263, 264, 265, 266, 267, 268, 269, 278, 280, 281, 283, 284, 285, 290, 291, 293, 294, 296, 297, 299, 300, 301, 316, 325, 327, 328, 331, 332, 333, 334, 340, 347, 348, 349, 366, 367, 369, 370, 371, 372, 373, 374, 376, 378, 379, 380, 381, 387, 396, 397, 398, 399, 400, 404, 405, 406, 407, 409, 410, 411, 412, 416, 427, 428, 431, 432, 441, 442, 443, 445, 453, 454, 455, 457, 464, 466, 467, 468, 470, 471, 472, 474, 475, 476, 477, 480, 481, 489, 499, 508, 510, 511, 512, 517, 523, 525, 526, 530, 531, 532, 533, 534, 535, 536, 540, 542, 543, 544, 546, 547, 548, 549, 551, 552, 554, 555, 556, 557, 558], "summary": {"covered_lines": 238, "num_statements": 345, "percent_covered": 68.98550724637681, "percent_covered_display": "69", "missing_lines": 107, "excluded_lines": 0, "percent_statements_covered": 68.98550724637681, "percent_statements_covered_display": "69"}, "missing_lines": [39, 40, 41, 42, 55, 59, 62, 78, 79, 89, 90, 101, 103, 104, 105, 113, 114, 120, 121, 126, 137, 138, 139, 143, 163, 164, 166, 167, 168, 179, 196, 197, 198, 202, 203, 226, 239, 240, 242, 249, 255, 256, 257, 271, 272, 273, 274, 275, 277, 282, 286, 287, 288, 292, 302, 304, 305, 306, 308, 309, 310, 311, 312, 313, 314, 326, 335, 336, 337, 341, 342, 343, 344, 345, 351, 352, 353, 354, 355, 356, 357, 359, 364, 383, 384, 385, 401, 402, 413, 414, 417, 423, 425, 426, 435, 452, 465, 473, 484, 495, 496, 497, 509, 513, 514, 515, 524], "excluded_lines": [], "functions": {"LanceDBConnection.__init__": {"executed_lines": [22, 23, 24, 25, 27], "summary": {"covered_lines": 5, "num_statements": 5, "percent_covered": 100.0, "percent_covered_display": "100", "missing_lines": 0, "excluded_lines": 0, "percent_statements_covered": 100.0, "percent_statements_covered_display": "100"}, "missing_lines": [], "excluded_lines": [], "start_line": 15}, "LanceDBConnection.connect": {"executed_lines": [30, 32, 33, 34, 35, 36, 37, 38], "summary": {"covered_lines": 8, "num_statements": 12, "percent_covered": 66.66666666666667, "percent_covered_display": "67", "missing_lines": 4, "excluded_lines": 0, "percent_statements_covered": 66.66666666666667, "percent_statements_covered_display": "67"}, "missing_lines": [39, 40, 41, 42], "excluded_lines": [], "start_line": 29}, "LanceDBConnection.disconnect": {"executed_lines": [45, 46, 47], "summary": {"covered_lines": 3, "num_statements": 3, "percent_covered": 100.0, "percent_covered_display": "100", "missing_lines": 0, "excluded_lines": 0, "percent_statements_covered": 100.0, "percent_statements_covered_display": "100"}, "missing_lines": [], "excluded_lines": [], "start_line": 44}, "LanceDBConnection.is_connected": {"executed_lines": [51], "summary": {"covered_lines": 1, "num_statements": 1, "percent_covered": 100.0, "percent_covered_display": "100", "missing_lines": 0, "excluded_lines": 0, "percent_statements_covered": 100.0, "percent_statements_covered_display": "100"}, "missing_lines": [], "excluded_lines": [], "start_line": 50}, "LanceDBConnection.list_collections": {"executed_lines": [54, 56, 58, 60, 61], "summary": {"covered_lines": 5, "num_statements": 8, "percent_covered": 62.5, "percent_covered_display": "62", "missing_lines": 3, "excluded_lines": 0, "percent_statements_covered": 62.5, "percent_statements_covered_display": "62"}, "missing_lines": [55, 59, 62], "excluded_lines": [], "start_line": 53}, "LanceDBConnection.get_collection_info": {"executed_lines": [65, 66, 67, 68, 70, 73, 74, 76, 77, 81, 82, 84, 86, 87, 88, 93, 94, 95, 97, 98, 99, 100, 108, 109, 110, 111, 112, 117, 118, 119, 125, 128, 130], "summary": {"covered_lines": 33, "num_statements": 49, "percent_covered": 67.34693877551021, "percent_covered_display": "67", "missing_lines": 16, "excluded_lines": 0, "percent_statements_covered": 67.34693877551021, "percent_statements_covered_display": "67"}, "missing_lines": [78, 79, 89, 90, 101, 103, 104, 105, 113, 114, 120, 121, 126, 137, 138, 139], "excluded_lines": [], "start_line": 64}, "LanceDBConnection.create_collection": {"executed_lines": [142, 144, 149, 157, 158, 159, 161, 162, 165], "summary": {"covered_lines": 9, "num_statements": 15, "percent_covered": 60.0, "percent_covered_display": "60", "missing_lines": 6, "excluded_lines": 0, "percent_statements_covered": 60.0, "percent_statements_covered_display": "60"}, "missing_lines": [143, 163, 164, 166, 167, 168], "excluded_lines": [], "start_line": 141}, "LanceDBConnection.add_items": {"executed_lines": [178, 180, 181, 182, 185, 186, 189, 190, 192, 193, 194, 195, 200, 205, 206, 207, 208, 210, 218, 219, 220, 221, 222], "summary": {"covered_lines": 23, "num_statements": 29, "percent_covered": 79.3103448275862, "percent_covered_display": "79", "missing_lines": 6, "excluded_lines": 0, "percent_statements_covered": 79.3103448275862, "percent_statements_covered_display": "79"}, "missing_lines": [179, 196, 197, 198, 202, 203], "excluded_lines": [], "start_line": 170}, "LanceDBConnection.get_items": {"executed_lines": [225, 227, 228, 229, 230, 232, 234, 235, 236, 237, 238, 245, 246, 251], "summary": {"covered_lines": 14, "num_statements": 22, "percent_covered": 63.63636363636363, "percent_covered_display": "64", "missing_lines": 8, "excluded_lines": 0, "percent_statements_covered": 63.63636363636363, "percent_statements_covered_display": "64"}, "missing_lines": [226, 239, 240, 242, 249, 255, 256, 257], "excluded_lines": [], "start_line": 224}, "LanceDBConnection._parse_metadata_list": {"executed_lines": [261, 263, 264, 265, 266, 267, 268, 269, 278], "summary": {"covered_lines": 9, "num_statements": 15, "percent_covered": 60.0, "percent_covered_display": "60", "missing_lines": 6, "excluded_lines": 0, "percent_statements_covered": 60.0, "percent_statements_covered_display": "60"}, "missing_lines": [271, 272, 273, 274, 275, 277], "excluded_lines": [], "start_line": 259}, "LanceDBConnection.delete_collection": {"executed_lines": [281, 283, 284, 285], "summary": {"covered_lines": 4, "num_statements": 8, "percent_covered": 50.0, "percent_covered_display": "50", "missing_lines": 4, "excluded_lines": 0, "percent_statements_covered": 50.0, "percent_statements_covered_display": "50"}, "missing_lines": [282, 286, 287, 288], "excluded_lines": [], "start_line": 280}, "LanceDBConnection.count_collection": {"executed_lines": [291, 293, 294, 296, 297, 299, 300, 301], "summary": {"covered_lines": 8, "num_statements": 20, "percent_covered": 40.0, "percent_covered_display": "40", "missing_lines": 12, "excluded_lines": 0, "percent_statements_covered": 40.0, "percent_statements_covered_display": "40"}, "missing_lines": [292, 302, 304, 305, 306, 308, 309, 310, 311, 312, 313, 314], "excluded_lines": [], "start_line": 290}, "LanceDBConnection.query_collection": {"executed_lines": [325, 327, 328, 331, 332, 333, 334, 340, 347, 348, 349, 366, 367, 369, 370, 371, 372, 373, 374, 376, 378, 379, 380, 381, 387, 396, 397, 398, 399, 400, 404, 405, 406, 407, 409, 410, 411, 412, 416, 427, 428, 431, 432, 441, 442, 443, 445, 453, 454, 455], "summary": {"covered_lines": 50, "num_statements": 81, "percent_covered": 61.72839506172839, "percent_covered_display": "62", "missing_lines": 31, "excluded_lines": 0, "percent_statements_covered": 61.72839506172839, "percent_statements_covered_display": "62"}, "missing_lines": [326, 335, 336, 337, 341, 342, 343, 344, 345, 351, 352, 353, 354, 355, 356, 357, 359, 364, 383, 384, 385, 401, 402, 413, 414, 417, 423, 425, 426, 435, 452], "excluded_lines": [], "start_line": 316}, "LanceDBConnection.get_all_items": {"executed_lines": [464, 466, 467, 468, 470, 471, 472, 474, 475, 476, 477, 480, 481, 489], "summary": {"covered_lines": 14, "num_statements": 20, "percent_covered": 70.0, "percent_covered_display": "70", "missing_lines": 6, "excluded_lines": 0, "percent_statements_covered": 70.0, "percent_statements_covered_display": "70"}, "missing_lines": [465, 473, 484, 495, 496, 497], "excluded_lines": [], "start_line": 457}, "LanceDBConnection.update_items": {"executed_lines": [508, 510, 511, 512], "summary": {"covered_lines": 4, "num_statements": 8, "percent_covered": 50.0, "percent_covered_display": "50", "missing_lines": 4, "excluded_lines": 0, "percent_statements_covered": 50.0, "percent_statements_covered_display": "50"}, "missing_lines": [509, 513, 514, 515], "excluded_lines": [], "start_line": 499}, "LanceDBConnection.delete_items": {"executed_lines": [523, 525, 526, 530, 531, 532, 533, 534, 535, 536, 540, 542, 543, 544, 546, 547, 548, 549, 551, 552, 554, 555, 556, 557, 558], "summary": {"covered_lines": 25, "num_statements": 26, "percent_covered": 96.15384615384616, "percent_covered_display": "96", "missing_lines": 1, "excluded_lines": 0, "percent_statements_covered": 96.15384615384616, "percent_statements_covered_display": "96"}, "missing_lines": [524], "excluded_lines": [], "start_line": 517}, "": {"executed_lines": [3, 4, 6, 7, 9, 12, 15, 29, 44, 49, 50, 53, 64, 141, 170, 224, 259, 280, 290, 316, 457, 499, 517], "summary": {"covered_lines": 23, "num_statements": 23, "percent_covered": 100.0, "percent_covered_display": "100", "missing_lines": 0, "excluded_lines": 0, "percent_statements_covered": 100.0, "percent_statements_covered_display": "100"}, "missing_lines": [], "excluded_lines": [], "start_line": 1}}, "classes": {"LanceDBConnection": {"executed_lines": [22, 23, 24, 25, 27, 30, 32, 33, 34, 35, 36, 37, 38, 45, 46, 47, 51, 54, 56, 58, 60, 61, 65, 66, 67, 68, 70, 73, 74, 76, 77, 81, 82, 84, 86, 87, 88, 93, 94, 95, 97, 98, 99, 100, 108, 109, 110, 111, 112, 117, 118, 119, 125, 128, 130, 142, 144, 149, 157, 158, 159, 161, 162, 165, 178, 180, 181, 182, 185, 186, 189, 190, 192, 193, 194, 195, 200, 205, 206, 207, 208, 210, 218, 219, 220, 221, 222, 225, 227, 228, 229, 230, 232, 234, 235, 236, 237, 238, 245, 246, 251, 261, 263, 264, 265, 266, 267, 268, 269, 278, 281, 283, 284, 285, 291, 293, 294, 296, 297, 299, 300, 301, 325, 327, 328, 331, 332, 333, 334, 340, 347, 348, 349, 366, 367, 369, 370, 371, 372, 373, 374, 376, 378, 379, 380, 381, 387, 396, 397, 398, 399, 400, 404, 405, 406, 407, 409, 410, 411, 412, 416, 427, 428, 431, 432, 441, 442, 443, 445, 453, 454, 455, 464, 466, 467, 468, 470, 471, 472, 474, 475, 476, 477, 480, 481, 489, 508, 510, 511, 512, 523, 525, 526, 530, 531, 532, 533, 534, 535, 536, 540, 542, 543, 544, 546, 547, 548, 549, 551, 552, 554, 555, 556, 557, 558], "summary": {"covered_lines": 215, "num_statements": 322, "percent_covered": 66.77018633540372, "percent_covered_display": "67", "missing_lines": 107, "excluded_lines": 0, "percent_statements_covered": 66.77018633540372, "percent_statements_covered_display": "67"}, "missing_lines": [39, 40, 41, 42, 55, 59, 62, 78, 79, 89, 90, 101, 103, 104, 105, 113, 114, 120, 121, 126, 137, 138, 139, 143, 163, 164, 166, 167, 168, 179, 196, 197, 198, 202, 203, 226, 239, 240, 242, 249, 255, 256, 257, 271, 272, 273, 274, 275, 277, 282, 286, 287, 288, 292, 302, 304, 305, 306, 308, 309, 310, 311, 312, 313, 314, 326, 335, 336, 337, 341, 342, 343, 344, 345, 351, 352, 353, 354, 355, 356, 357, 359, 364, 383, 384, 385, 401, 402, 413, 414, 417, 423, 425, 426, 435, 452, 465, 473, 484, 495, 496, 497, 509, 513, 514, 515, 524], "excluded_lines": [], "start_line": 12}, "": {"executed_lines": [3, 4, 6, 7, 9, 12, 15, 29, 44, 49, 50, 53, 64, 141, 170, 224, 259, 280, 290, 316, 457, 499, 517], "summary": {"covered_lines": 23, "num_statements": 23, "percent_covered": 100.0, "percent_covered_display": "100", "missing_lines": 0, "excluded_lines": 0, "percent_statements_covered": 100.0, "percent_statements_covered_display": "100"}, "missing_lines": [], "excluded_lines": [], "start_line": 1}}}, "src\\vector_inspector\\core\\connections\\pgvector_connection.py": {"executed_lines": [3, 4, 6, 7, 10, 11, 14, 17, 35, 36, 37, 38, 39, 40, 42, 44, 51, 52, 62, 63, 68, 69, 71, 72, 73, 75, 76, 77, 78, 81, 87, 89, 90, 91, 93, 94, 96, 98, 105, 107, 108, 109, 115, 116, 121, 129, 130, 131, 132, 134, 143, 144, 145, 146, 147, 148, 149, 151, 157, 167, 169, 170, 172, 173, 174, 177, 178, 181, 182, 183, 185, 186, 187, 188, 189, 215, 217, 219, 220, 222, 226, 231, 243, 245, 246, 248, 251, 258, 259, 260, 261, 262, 263, 264, 267, 270, 271, 276, 277, 284, 305, 309, 310, 311, 312, 313, 314, 315, 318, 319, 322, 323, 325, 326, 328, 329, 330, 332, 343, 344, 346, 347, 348, 351, 352, 353, 354, 355, 357, 358, 366, 367, 368, 369, 370, 371, 372, 374, 385, 387, 388, 389, 391, 393, 397, 398, 401, 402, 403, 404, 406, 407, 408, 409, 412, 413, 414, 415, 416, 423, 430, 432, 442, 452, 454, 455, 456, 457, 458, 465, 475, 477, 478, 479, 480, 481, 482, 487, 509, 513, 530, 531, 532, 536, 538, 539, 540, 541, 542, 544, 546, 551, 554, 568, 569, 571, 572, 573, 574, 577, 578, 579, 580, 581, 583, 584, 585, 586, 589, 590, 591, 592, 593, 600, 609, 610, 612, 613, 614, 615, 616, 619, 630, 649, 651, 652, 653, 655, 656, 657, 660, 661, 662, 663, 665, 666, 672, 673, 674, 676, 677, 678, 679, 683, 684, 685, 686, 689, 690, 691, 692, 694, 695, 696, 697, 700, 701, 702, 703, 704, 711, 718, 720, 726, 727, 728, 730, 751, 753, 755, 756, 759, 761, 762, 763, 766, 767, 768, 769, 770, 771, 772, 774, 775, 776, 788, 789, 790, 791, 793, 794, 795, 798, 811, 812, 816, 817, 819, 821, 822, 824, 825, 826, 829, 831, 832, 839, 856, 858, 859, 860, 862, 864, 865, 869, 870, 871, 872, 873, 874, 875, 880, 884, 887, 892, 893, 894, 895, 896, 897, 898, 901, 903, 910, 919, 929, 931, 932, 933, 940, 941, 945, 946, 947, 948, 950, 961, 962, 963, 965, 966, 968, 969, 970, 973, 975, 976, 977, 978, 979, 980, 981, 982, 983, 984, 985], "summary": {"covered_lines": 366, "num_statements": 524, "percent_covered": 69.8473282442748, "percent_covered_display": "70", "missing_lines": 158, "excluded_lines": 0, "percent_statements_covered": 69.8473282442748, "percent_statements_covered_display": "70"}, "missing_lines": [64, 66, 79, 80, 82, 83, 84, 85, 106, 117, 118, 119, 141, 152, 153, 154, 155, 168, 191, 192, 193, 194, 195, 196, 199, 200, 201, 202, 203, 204, 205, 206, 208, 209, 210, 211, 212, 213, 214, 221, 223, 224, 227, 228, 229, 244, 278, 279, 280, 281, 282, 306, 316, 334, 335, 386, 417, 418, 419, 420, 422, 426, 427, 438, 439, 440, 453, 459, 460, 461, 462, 463, 476, 483, 484, 485, 510, 514, 515, 518, 521, 522, 524, 526, 527, 528, 529, 555, 556, 557, 558, 559, 560, 561, 562, 564, 565, 566, 594, 595, 596, 597, 599, 602, 607, 626, 627, 628, 650, 667, 669, 670, 680, 681, 705, 706, 707, 708, 710, 714, 715, 752, 781, 782, 783, 784, 785, 786, 799, 800, 801, 802, 805, 806, 807, 808, 813, 815, 833, 834, 835, 836, 837, 857, 876, 877, 878, 882, 890, 899, 900, 930, 942, 944, 971, 972, 986, 987], "excluded_lines": [], "functions": {"PgVectorConnection.__init__": {"executed_lines": [35, 36, 37, 38, 39, 40, 42], "summary": {"covered_lines": 7, "num_statements": 7, "percent_covered": 100.0, "percent_covered_display": "100", "missing_lines": 0, "excluded_lines": 0, "percent_statements_covered": 100.0, "percent_statements_covered_display": "100"}, "missing_lines": [], "excluded_lines": [], "start_line": 17}, "PgVectorConnection.connect": {"executed_lines": [51, 52, 62, 63, 68, 69, 71, 72, 73, 75, 76, 77, 78, 81], "summary": {"covered_lines": 14, "num_statements": 22, "percent_covered": 63.63636363636363, "percent_covered_display": "64", "missing_lines": 8, "excluded_lines": 0, "percent_statements_covered": 63.63636363636363, "percent_statements_covered_display": "64"}, "missing_lines": [64, 66, 79, 80, 82, 83, 84, 85], "excluded_lines": [], "start_line": 44}, "PgVectorConnection.disconnect": {"executed_lines": [89, 90, 91], "summary": {"covered_lines": 3, "num_statements": 3, "percent_covered": 100.0, "percent_covered_display": "100", "missing_lines": 0, "excluded_lines": 0, "percent_statements_covered": 100.0, "percent_statements_covered_display": "100"}, "missing_lines": [], "excluded_lines": [], "start_line": 87}, "PgVectorConnection.is_connected": {"executed_lines": [96], "summary": {"covered_lines": 1, "num_statements": 1, "percent_covered": 100.0, "percent_covered_display": "100", "missing_lines": 0, "excluded_lines": 0, "percent_statements_covered": 100.0, "percent_statements_covered_display": "100"}, "missing_lines": [], "excluded_lines": [], "start_line": 94}, "PgVectorConnection.list_collections": {"executed_lines": [105, 107, 108, 109, 115, 116], "summary": {"covered_lines": 6, "num_statements": 10, "percent_covered": 60.0, "percent_covered_display": "60", "missing_lines": 4, "excluded_lines": 0, "percent_statements_covered": 60.0, "percent_statements_covered_display": "60"}, "missing_lines": [106, 117, 118, 119], "excluded_lines": [], "start_line": 98}, "PgVectorConnection.list_databases": {"executed_lines": [129, 130, 131, 132, 134, 143, 144, 145, 146, 147, 148, 149, 151], "summary": {"covered_lines": 13, "num_statements": 18, "percent_covered": 72.22222222222223, "percent_covered_display": "72", "missing_lines": 5, "excluded_lines": 0, "percent_statements_covered": 72.22222222222223, "percent_statements_covered_display": "72"}, "missing_lines": [141, 152, 153, 154, 155], "excluded_lines": [], "start_line": 121}, "PgVectorConnection.get_collection_info": {"executed_lines": [167, 169, 170, 172, 173, 174, 177, 178, 181, 182, 183, 185, 186, 187, 188, 189, 215, 217, 219, 220, 222, 226], "summary": {"covered_lines": 22, "num_statements": 50, "percent_covered": 44.0, "percent_covered_display": "44", "missing_lines": 28, "excluded_lines": 0, "percent_statements_covered": 44.0, "percent_statements_covered_display": "44"}, "missing_lines": [168, 191, 192, 193, 194, 195, 196, 199, 200, 201, 202, 203, 204, 205, 206, 208, 209, 210, 211, 212, 213, 214, 221, 223, 224, 227, 228, 229], "excluded_lines": [], "start_line": 157}, "PgVectorConnection.create_collection": {"executed_lines": [243, 245, 246, 248, 251, 258, 259, 260, 261, 262, 263, 264, 267, 270, 271, 276, 277], "summary": {"covered_lines": 17, "num_statements": 23, "percent_covered": 73.91304347826087, "percent_covered_display": "74", "missing_lines": 6, "excluded_lines": 0, "percent_statements_covered": 73.91304347826087, "percent_statements_covered_display": "74"}, "missing_lines": [244, 278, 279, 280, 281, 282], "excluded_lines": [], "start_line": 231}, "PgVectorConnection.add_items": {"executed_lines": [305, 309, 310, 311, 312, 313, 314, 315, 318, 319, 322, 323, 325, 326, 328, 329, 330, 332, 343, 344, 346, 347, 348, 351, 352, 353, 354, 355, 357, 358, 366, 367, 368, 369, 370, 371, 372], "summary": {"covered_lines": 37, "num_statements": 41, "percent_covered": 90.2439024390244, "percent_covered_display": "90", "missing_lines": 4, "excluded_lines": 0, "percent_statements_covered": 90.2439024390244, "percent_statements_covered_display": "90"}, "missing_lines": [306, 316, 334, 335], "excluded_lines": [], "start_line": 284}, "PgVectorConnection.get_items": {"executed_lines": [385, 387, 388, 389, 391, 393, 397, 398, 401, 402, 403, 404, 406, 407, 408, 409, 412, 413, 414, 415, 416, 423, 430, 432], "summary": {"covered_lines": 24, "num_statements": 35, "percent_covered": 68.57142857142857, "percent_covered_display": "69", "missing_lines": 11, "excluded_lines": 0, "percent_statements_covered": 68.57142857142857, "percent_statements_covered_display": "69"}, "missing_lines": [386, 417, 418, 419, 420, 422, 426, 427, 438, 439, 440], "excluded_lines": [], "start_line": 374}, "PgVectorConnection.delete_collection": {"executed_lines": [452, 454, 455, 456, 457, 458], "summary": {"covered_lines": 6, "num_statements": 12, "percent_covered": 50.0, "percent_covered_display": "50", "missing_lines": 6, "excluded_lines": 0, "percent_statements_covered": 50.0, "percent_statements_covered_display": "50"}, "missing_lines": [453, 459, 460, 461, 462, 463], "excluded_lines": [], "start_line": 442}, "PgVectorConnection.count_collection": {"executed_lines": [475, 477, 478, 479, 480, 481, 482], "summary": {"covered_lines": 7, "num_statements": 11, "percent_covered": 63.63636363636363, "percent_covered_display": "64", "missing_lines": 4, "excluded_lines": 0, "percent_statements_covered": 63.63636363636363, "percent_statements_covered_display": "64"}, "missing_lines": [476, 483, 484, 485], "excluded_lines": [], "start_line": 465}, "PgVectorConnection.query_collection": {"executed_lines": [509, 513, 530, 531, 532, 536, 538, 539, 540, 541, 542, 544, 546, 551, 554, 568, 569, 571, 572, 573, 574, 577, 578, 579, 580, 581, 583, 584, 585, 586, 589, 590, 591, 592, 593, 600, 609, 610, 612, 613, 614, 615, 616, 619], "summary": {"covered_lines": 44, "num_statements": 76, "percent_covered": 57.89473684210526, "percent_covered_display": "58", "missing_lines": 32, "excluded_lines": 0, "percent_statements_covered": 57.89473684210526, "percent_statements_covered_display": "58"}, "missing_lines": [510, 514, 515, 518, 521, 522, 524, 526, 527, 528, 529, 555, 556, 557, 558, 559, 560, 561, 562, 564, 565, 566, 594, 595, 596, 597, 599, 602, 607, 626, 627, 628], "excluded_lines": [], "start_line": 487}, "PgVectorConnection.get_all_items": {"executed_lines": [649, 651, 652, 653, 655, 656, 657, 660, 661, 662, 663, 665, 666, 672, 673, 674, 676, 677, 678, 679, 683, 684, 685, 686, 689, 690, 691, 692, 694, 695, 696, 697, 700, 701, 702, 703, 704, 711, 718, 720, 726, 727, 728], "summary": {"covered_lines": 43, "num_statements": 56, "percent_covered": 76.78571428571429, "percent_covered_display": "77", "missing_lines": 13, "excluded_lines": 0, "percent_statements_covered": 76.78571428571429, "percent_statements_covered_display": "77"}, "missing_lines": [650, 667, 669, 670, 680, 681, 705, 706, 707, 708, 710, 714, 715], "excluded_lines": [], "start_line": 630}, "PgVectorConnection.update_items": {"executed_lines": [751, 753, 755, 756, 759, 761, 762, 763, 766, 767, 768, 769, 770, 771, 772, 774, 775, 776, 788, 789, 790, 791, 793, 794, 795, 798, 811, 812, 816
[...]
, 340, 342, 349, 354, 356, 357, 362, 363, 366, 367, 368, 369, 372, 373, 374, 376, 377, 381, 382, 390, 391, 392, 398, 399, 400, 401, 405, 406, 407, 408, 409, 413, 414, 415, 416, 417, 418, 419, 423, 424, 428, 429, 430, 433, 434, 437, 440, 445, 451, 452, 455, 456, 459, 463, 465, 472, 477, 479, 480, 485, 490, 491, 494, 495, 497, 498, 499, 500, 504, 505, 506, 509, 511, 512, 513, 514, 516, 517, 519, 520, 521, 522, 523, 526, 527, 530, 531, 537, 541, 542, 544, 545, 546, 548, 549, 550, 552, 553, 555, 556, 559, 560, 561, 565, 566, 567, 568, 571, 577, 578, 580, 582, 583, 588, 589, 590, 594, 595, 596, 597, 598, 602, 603, 604, 605, 607, 608, 609, 610, 611, 612, 614, 623, 624, 628, 629, 631, 635, 636, 637, 638, 641, 642, 643, 648, 649, 655, 656, 657, 658], "summary": {"covered_lines": 247, "num_statements": 268, "percent_covered": 92.16417910447761, "percent_covered_display": "92", "missing_lines": 21, "excluded_lines": 0, "percent_statements_covered": 92.16417910447761, "percent_statements_covered_display": "92"}, "missing_lines": [221, 274, 275, 277, 281, 283, 285, 286, 288, 435, 441, 442, 562, 639, 640, 644, 645, 650, 651, 652, 653], "excluded_lines": [], "start_line": 124}, "": {"executed_lines": [3, 5, 6, 7, 8, 9, 11, 12, 13, 24, 27, 28, 29, 30, 31, 32, 37, 40, 43, 44, 46, 52, 67, 70, 71, 73, 79, 91, 94, 95, 97, 103, 124, 128, 130, 131, 132, 134, 169, 184, 190, 195, 199, 203, 207, 211, 304, 338, 379, 388, 403, 411, 421, 426, 461, 487, 502, 539, 592, 600, 616, 626], "summary": {"covered_lines": 62, "num_statements": 62, "percent_covered": 100.0, "percent_covered_display": "100", "missing_lines": 0, "excluded_lines": 0, "percent_statements_covered": 100.0, "percent_statements_covered_display": "100"}, "missing_lines": [], "excluded_lines": [], "start_line": 1}}}, "src\\vector_inspector\\ui\\workers\\__init__.py": {"executed_lines": [3, 5], "summary": {"covered_lines": 2, "num_statements": 2, "percent_covered": 100.0, "percent_covered_display": "100", "missing_lines": 0, "excluded_lines": 0, "percent_statements_covered": 100.0, "percent_statements_covered_display": "100"}, "missing_lines": [], "excluded_lines": [], "functions": {"": {"executed_lines": [3, 5], "summary": {"covered_lines": 2, "num_statements": 2, "percent_covered": 100.0, "percent_covered_display": "100", "missing_lines": 0, "excluded_lines": 0, "percent_statements_covered": 100.0, "percent_statements_covered_display": "100"}, "missing_lines": [], "excluded_lines": [], "start_line": 1}}, "classes": {"": {"executed_lines": [3, 5], "summary": {"covered_lines": 2, "num_statements": 2, "percent_covered": 100.0, "percent_covered_display": "100", "missing_lines": 0, "excluded_lines": 0, "percent_statements_covered": 100.0, "percent_statements_covered_display": "100"}, "missing_lines": [], "excluded_lines": [], "start_line": 1}}}, "src\\vector_inspector\\ui\\workers\\collection_worker.py": {"executed_lines": [3, 4, 6, 8, 9, 10, 11, 14, 18, 19, 20, 22, 41, 42, 43, 44, 45, 46, 47, 50, 52, 54, 57, 58, 59, 61, 62, 65, 68, 69, 70, 71, 82, 83, 86, 87, 89, 95, 96, 97, 98, 99, 101, 104, 105, 106, 108, 118, 119, 122, 123, 124, 125, 132, 133, 135, 136, 137, 139, 140, 142, 143, 144, 145, 146, 148, 149, 151, 152, 153, 155, 156, 158, 159, 160], "summary": {"covered_lines": 75, "num_statements": 76, "percent_covered": 98.6842105263158, "percent_covered_display": "99", "missing_lines": 1, "excluded_lines": 0, "percent_statements_covered": 98.6842105263158, "percent_statements_covered_display": "99"}, "missing_lines": [138], "excluded_lines": [], "functions": {"CollectionCreationWorker.__init__": {"executed_lines": [41, 42, 43, 44, 45, 46, 47, 50], "summary": {"covered_lines": 8, "num_statements": 8, "percent_covered": 100.0, "percent_covered_display": "100", "missing_lines": 0, "excluded_lines": 0, "percent_statements_covered": 100.0, "percent_statements_covered_display": "100"}, "missing_lines": [], "excluded_lines": [], "start_line": 22}, "CollectionCreationWorker.run": {"executed_lines": [54, 57, 58, 59, 61, 62, 65, 68, 69, 70, 71, 82, 83, 86, 87, 89, 95, 96, 97, 98, 99, 101, 104, 105, 106, 108, 118, 119, 122, 123, 124, 125, 132, 133, 135, 136, 137, 139, 140, 142, 143, 144, 145, 146, 148, 149, 151, 152, 153, 155, 156, 158, 159, 160], "summary": {"covered_lines": 54, "num_statements": 55, "percent_covered": 98.18181818181819, "percent_covered_display": "98", "missing_lines": 1, "excluded_lines": 0, "percent_statements_covered": 98.18181818181819, "percent_statements_covered_display": "98"}, "missing_lines": [138], "excluded_lines": [], "start_line": 52}, "": {"executed_lines": [3, 4, 6, 8, 9, 10, 11, 14, 18, 19, 20, 22, 52], "summary": {"covered_lines": 13, "num_statements": 13, "percent_covered": 100.0, "percent_covered_display": "100", "missing_lines": 0, "excluded_lines": 0, "percent_statements_covered": 100.0, "percent_statements_covered_display": "100"}, "missing_lines": [], "excluded_lines": [], "start_line": 1}}, "classes": {"CollectionCreationWorker": {"executed_lines": [41, 42, 43, 44, 45, 46, 47, 50, 54, 57, 58, 59, 61, 62, 65, 68, 69, 70, 71, 82, 83, 86, 87, 89, 95, 96, 97, 98, 99, 101, 104, 105, 106, 108, 118, 119, 122, 123, 124, 125, 132, 133, 135, 136, 137, 139, 140, 142, 143, 144, 145, 146, 148, 149, 151, 152, 153, 155, 156, 158, 159, 160], "summary": {"covered_lines": 62, "num_statements": 63, "percent_covered": 98.41269841269842, "percent_covered_display": "98", "missing_lines": 1, "excluded_lines": 0, "percent_statements_covered": 98.41269841269842, "percent_statements_covered_display": "98"}, "missing_lines": [138], "excluded_lines": [], "start_line": 14}, "": {"executed_lines": [3, 4, 6, 8, 9, 10, 11, 14, 18, 19, 20, 22, 52], "summary": {"covered_lines": 13, "num_statements": 13, "percent_covered": 100.0, "percent_covered_display": "100", "missing_lines": 0, "excluded_lines": 0, "percent_statements_covered": 100.0, "percent_statements_covered_display": "100"}, "missing_lines": [], "excluded_lines": [], "start_line": 1}}}, "src\\vector_inspector\\utils\\__init__.py": {"executed_lines": [3, 4, 6], "summary": {"covered_lines": 3, "num_statements": 3, "percent_covered": 100.0, "percent_covered_display": "100", "missing_lines": 0, "excluded_lines": 0, "percent_statements_covered": 100.0, "percent_statements_covered_display": "100"}, "missing_lines": [], "excluded_lines": [], "functions": {"": {"executed_lines": [3, 4, 6], "summary": {"covered_lines": 3, "num_statements": 3, "percent_covered": 100.0, "percent_covered_display": "100", "missing_lines": 0, "excluded_lines": 0, "percent_statements_covered": 100.0, "percent_statements_covered_display": "100"}, "missing_lines": [], "excluded_lines": [], "start_line": 1}}, "classes": {"": {"executed_lines": [3, 4, 6], "summary": {"covered_lines": 3, "num_statements": 3, "percent_covered": 100.0, "percent_covered_display": "100", "missing_lines": 0, "excluded_lines": 0, "percent_statements_covered": 100.0, "percent_statements_covered_display": "100"}, "missing_lines": [], "excluded_lines": [], "start_line": 1}}}, "src\\vector_inspector\\utils\\array_utils.py": {"executed_lines": [3, 6, 31, 32, 35, 36, 37, 38, 40, 43, 44, 45, 48], "summary": {"covered_lines": 13, "num_statements": 13, "percent_covered": 100.0, "percent_covered_display": "100", "missing_lines": 0, "excluded_lines": 0, "percent_statements_covered": 100.0, "percent_statements_covered_display": "100"}, "missing_lines": [], "excluded_lines": [], "functions": {"has_embedding": {"executed_lines": [31, 32, 35, 36, 37, 38, 40, 43, 44, 45, 48], "summary": {"covered_lines": 11, "num_statements": 11, "percent_covered": 100.0, "percent_covered_display": "100", "missing_lines": 0, "excluded_lines": 0, "percent_statements_covered": 100.0, "percent_statements_covered_display": "100"}, "missing_lines": [], "excluded_lines": [], "start_line": 6}, "": {"executed_lines": [3, 6], "summary": {"covered_lines": 2, "num_statements": 2, "percent_covered": 100.0, "percent_covered_display": "100", "missing_lines": 0, "excluded_lines": 0, "percent_statements_covered": 100.0, "percent_statements_covered_display": "100"}, "missing_lines": [], "excluded_lines": [], "start_line": 1}}, "classes": {"": {"executed_lines": [3, 6, 31, 32, 35, 36, 37, 38, 40, 43, 44, 45, 48], "summary": {"covered_lines": 13, "num_statements": 13, "percent_covered": 100.0, "percent_covered_display": "100", "missing_lines": 0, "excluded_lines": 0, "percent_statements_covered": 100.0, "percent_statements_covered_display": "100"}, "missing_lines": [], "excluded_lines": [], "start_line": 1}}}, "src\\vector_inspector\\utils\\exception_handler.py": {"executed_lines": [7, 8, 9, 11, 17, 18, 21, 28, 29, 31, 32, 35, 42, 44, 46, 49, 52, 53, 56, 59, 60, 61, 67, 69, 70, 71, 72, 75, 77, 80, 88, 89, 91, 94, 96, 98, 99, 100, 112, 113, 114, 115, 116, 119, 120, 121, 122, 123, 124, 125, 126, 128, 130, 131, 134, 151, 152, 153, 154, 155, 157, 160, 161, 162, 165, 168, 169, 170, 176, 182, 183, 184, 185, 186, 189, 191, 193], "summary": {"covered_lines": 77, "num_statements": 77, "percent_covered": 100.0, "percent_covered_display": "100", "missing_lines": 0, "excluded_lines": 0, "percent_statements_covered": 100.0, "percent_statements_covered_display": "100"}, "missing_lines": [], "excluded_lines": [], "functions": {"_get_telemetry_service": {"executed_lines": [28, 29, 31, 32], "summary": {"covered_lines": 4, "num_statements": 4, "percent_covered": 100.0, "percent_covered_display": "100", "missing_lines": 0, "excluded_lines": 0, "percent_statements_covered": 100.0, "percent_statements_covered_display": "100"}, "missing_lines": [], "excluded_lines": [], "start_line": 21}, "setup_global_exception_handler": {"executed_lines": [42, 44, 46, 77], "summary": {"covered_lines": 4, "num_statements": 4, "percent_covered": 100.0, "percent_covered_display": "100", "missing_lines": 0, "excluded_lines": 0, "percent_statements_covered": 100.0, "percent_statements_covered_display": "100"}, "missing_lines": [], "excluded_lines": [], "start_line": 35}, "setup_global_exception_handler.global_exception_hook": {"executed_lines": [49, 52, 53, 56, 59, 60, 61, 67, 69, 70, 71, 72, 75], "summary": {"covered_lines": 13, "num_statements": 13, "percent_covered": 100.0, "percent_covered_display": "100", "missing_lines": 0, "excluded_lines": 0, "percent_statements_covered": 100.0, "percent_statements_covered_display": "100"}, "missing_lines": [], "excluded_lines": [], "start_line": 46}, "setup_qt_exception_handler": {"executed_lines": [88, 89, 91, 128, 130, 131], "summary": {"covered_lines": 6, "num_statements": 6, "percent_covered": 100.0, "percent_covered_display": "100", "missing_lines": 0, "excluded_lines": 0, "percent_statements_covered": 100.0, "percent_statements_covered_display": "100"}, "missing_lines": [], "excluded_lines": [], "start_line": 80}, "setup_qt_exception_handler.qt_message_handler": {"executed_lines": [94, 96, 98, 99, 100, 112, 113, 114, 115, 116, 119, 120, 121, 122, 123, 124, 125, 126], "summary": {"covered_lines": 18, "num_statements": 18, "percent_covered": 100.0, "percent_covered_display": "100", "missing_lines": 0, "excluded_lines": 0, "percent_statements_covered": 100.0, "percent_statements_covered_display": "100"}, "missing_lines": [], "excluded_lines": [], "start_line": 91}, "exception_telemetry": {"executed_lines": [151, 193], "summary": {"covered_lines": 2, "num_statements": 2, "percent_covered": 100.0, "percent_covered_display": "100", "missing_lines": 0, "excluded_lines": 0, "percent_statements_covered": 100.0, "percent_statements_covered_display": "100"}, "missing_lines": [], "excluded_lines": [], "start_line": 134}, "exception_telemetry.decorator": {"executed_lines": [152, 191], "summary": {"covered_lines": 2, "num_statements": 2, "percent_covered": 100.0, "percent_covered_display": "100", "missing_lines": 0, "excluded_lines": 0, "percent_statements_covered": 100.0, "percent_statements_covered_display": "100"}, "missing_lines": [], "excluded_lines": [], "start_line": 151}, "exception_telemetry.decorator.wrapper": {"executed_lines": [153, 154, 155, 157, 160, 161, 162, 165, 168, 169, 170, 176, 182, 183, 184, 185, 186, 189], "summary": {"covered_lines": 18, "num_statements": 18, "percent_covered": 100.0, "percent_covered_display": "100", "missing_lines": 0, "excluded_lines": 0, "percent_statements_covered": 100.0, "percent_statements_covered_display": "100"}, "missing_lines": [], "excluded_lines": [], "start_line": 152}, "": {"executed_lines": [7, 8, 9, 11, 17, 18, 21, 35, 80, 134], "summary": {"covered_lines": 10, "num_statements": 10, "percent_covered": 100.0, "percent_covered_display": "100", "missing_lines": 0, "excluded_lines": 0, "percent_statements_covered": 100.0, "percent_statements_covered_display": "100"}, "missing_lines": [], "excluded_lines": [], "start_line": 1}}, "classes": {"": {"executed_lines": [7, 8, 9, 11, 17, 18, 21, 28, 29, 31, 32, 35, 42, 44, 46, 49, 52, 53, 56, 59, 60, 61, 67, 69, 70, 71, 72, 75, 77, 80, 88, 89, 91, 94, 96, 98, 99, 100, 112, 113, 114, 115, 116, 119, 120, 121, 122, 123, 124, 125, 126, 128, 130, 131, 134, 151, 152, 153, 154, 155, 157, 160, 161, 162, 165, 168, 169, 170, 176, 182, 183, 184, 185, 186, 189, 191, 193], "summary": {"covered_lines": 77, "num_statements": 77, "percent_covered": 100.0, "percent_covered_display": "100", "missing_lines": 0, "excluded_lines": 0, "percent_statements_covered": 100.0, "percent_statements_covered_display": "100"}, "missing_lines": [], "excluded_lines": [], "start_line": 1}}}, "src\\vector_inspector\\utils\\hardware_info.py": {"executed_lines": [4, 9, 10, 12, 15, 16, 18, 19, 20, 21, 22, 23, 24, 27, 28, 30, 31, 32, 35, 36, 38, 39, 40, 51, 52, 53, 54, 56], "summary": {"covered_lines": 28, "num_statements": 29, "percent_covered": 96.55172413793103, "percent_covered_display": "97", "missing_lines": 1, "excluded_lines": 0, "percent_statements_covered": 96.55172413793103, "percent_statements_covered_display": "97"}, "missing_lines": [50], "excluded_lines": [], "functions": {"get_hardware_info": {"executed_lines": [9, 10, 12, 15, 16, 18, 19, 20, 21, 22, 23, 24, 27, 28, 30, 31, 32, 35, 36, 38, 39, 40, 51, 52, 53, 54, 56], "summary": {"covered_lines": 27, "num_statements": 28, "percent_covered": 96.42857142857143, "percent_covered_display": "96", "missing_lines": 1, "excluded_lines": 0, "percent_statements_covered": 96.42857142857143, "percent_statements_covered_display": "96"}, "missing_lines": [50], "excluded_lines": [], "start_line": 4}, "": {"executed_lines": [4], "summary": {"covered_lines": 1, "num_statements": 1, "percent_covered": 100.0, "percent_covered_display": "100", "missing_lines": 0, "excluded_lines": 0, "percent_statements_covered": 100.0, "percent_statements_covered_display": "100"}, "missing_lines": [], "excluded_lines": [], "start_line": 1}}, "classes": {"": {"executed_lines": [4, 9, 10, 12, 15, 16, 18, 19, 20, 21, 22, 23, 24, 27, 28, 30, 31, 32, 35, 36, 38, 39, 40, 51, 52, 53, 54, 56], "summary": {"covered_lines": 28, "num_statements": 29, "percent_covered": 96.55172413793103, "percent_covered_display": "97", "missing_lines": 1, "excluded_lines": 0, "percent_statements_covered": 96.55172413793103, "percent_statements_covered_display": "97"}, "missing_lines": [50], "excluded_lines": [], "start_line": 1}}}, "src\\vector_inspector\\utils\\lazy_imports.py": {"executed_lines": [3, 5, 6, 7, 8, 11, 14, 15, 17, 18, 21, 24, 25, 27, 28, 31, 42, 43, 44, 46, 47, 48, 50, 51, 52, 54, 55, 56, 57, 60, 61, 65, 66, 68, 69, 70, 72, 73, 74, 76, 77, 80, 83, 84, 86, 87], "summary": {"covered_lines": 46, "num_statements": 47, "percent_covered": 97.87234042553192, "percent_covered_display": "98", "missing_lines": 1, "excluded_lines": 0, "percent_statements_covered": 97.87234042553192, "percent_statements_covered_display": "98"}, "missing_lines": [59], "excluded_lines": [], "functions": {"get_plotly": {"executed_lines": [14, 15, 17, 18], "summary": {"covered_lines": 4, "num_statements": 4, "percent_covered": 100.0, "percent_covered_display": "100", "missing_lines": 0, "excluded_lines": 0, "percent_statements_covered": 100.0, "percent_statements_covered_display": "100"}, "missing_lines": [], "excluded_lines": [], "start_line": 11}, "get_numpy": {"executed_lines": [24, 25, 27, 28], "summary": {"covered_lines": 4, "num_statements": 4, "percent_covered": 100.0, "percent_covered_display": "100", "missing_lines": 0, "excluded_lines": 0, "percent_statements_covered": 100.0, "percent_statements_covered_display": "100"}, "missing_lines": [], "excluded_lines": [], "start_line": 21}, "get_sklearn_model": {"executed_lines": [42, 43, 44, 46, 47, 48, 50, 51, 52, 54, 55, 56, 57, 60, 61, 65, 66, 68, 69, 70, 72, 73, 74, 76, 77], "summary": {"covered_lines": 25, "num_statements": 26, "percent_covered": 96.15384615384616, "percent_covered_display": "96", "missing_lines": 1, "excluded_lines": 0, "percent_statements_covered": 96.15384615384616, "percent_statements_covered_display": "96"}, "missing_lines": [59], "excluded_lines": [], "start_line": 31}, "get_weaviate_client": {"executed_lines": [83, 84, 86, 87], "summary": {"covered_lines": 4, "num_statements": 4, "percent_covered": 100.0, "percent_covered_display": "100", "missing_lines": 0, "excluded_lines": 0, "percent_statements_covered": 100.0, "percent_statements_covered_display": "100"}, "missing_lines": [], "excluded_lines": [], "start_line": 80}, "": {"executed_lines": [3, 5, 6, 7, 8, 11, 21, 31, 80], "summary": {"covered_lines": 9, "num_statements": 9, "percent_covered": 100.0, "percent_covered_display": "100", "missing_lines": 0, "excluded_lines": 0, "percent_statements_covered": 100.0, "percent_statements_covered_display": "100"}, "missing_lines": [], "excluded_lines": [], "start_line": 1}}, "classes": {"": {"executed_lines": [3, 5, 6, 7, 8, 11, 14, 15, 17, 18, 21, 24, 25, 27, 28, 31, 42, 43, 44, 46, 47, 48, 50, 51, 52, 54, 55, 56, 57, 60, 61, 65, 66, 68, 69, 70, 72, 73, 74, 76, 77, 80, 83, 84, 86, 87], "summary": {"covered_lines": 46, "num_statements": 47, "percent_covered": 97.87234042553192, "percent_covered_display": "98", "missing_lines": 1, "excluded_lines": 0, "percent_statements_covered": 97.87234042553192, "percent_statements_covered_display": "98"}, "missing_lines": [59], "excluded_lines": [], "start_line": 1}}}, "src\\vector_inspector\\utils\\version.py": {"executed_lines": [1, 2, 3, 4, 5, 6, 7, 8, 9, 10, 11, 12], "summary": {"covered_lines": 12, "num_statements": 12, "percent_covered": 100.0, "percent_covered_display": "100", "missing_lines": 0, "excluded_lines": 0, "percent_statements_covered": 100.0, "percent_statements_covered_display": "100"}, "missing_lines": [], "excluded_lines": [], "functions": {"get_app_version": {"executed_lines": [2, 3, 4, 5, 6, 7, 8, 9, 10, 11, 12], "summary": {"covered_lines": 11, "num_statements": 11, "percent_covered": 100.0, "percent_covered_display": "100", "missing_lines": 0, "excluded_lines": 0, "percent_statements_covered": 100.0, "percent_statements_covered_display": "100"}, "missing_lines": [], "excluded_lines": [], "start_line": 1}, "": {"executed_lines": [1], "summary": {"covered_lines": 1, "num_statements": 1, "percent_covered": 100.0, "percent_covered_display": "100", "missing_lines": 0, "excluded_lines": 0, "percent_statements_covered": 100.0, "percent_statements_covered_display": "100"}, "missing_lines": [], "excluded_lines": [], "start_line": 1}}, "classes": {"": {"executed_lines": [1, 2, 3, 4, 5, 6, 7, 8, 9, 10, 11, 12], "summary": {"covered_lines": 12, "num_statements": 12, "percent_covered": 100.0, "percent_covered_display": "100", "missing_lines": 0, "excluded_lines": 0, "percent_statements_covered": 100.0, "percent_statements_covered_display": "100"}, "missing_lines": [], "excluded_lines": [], "start_line": 1}}}}, "totals": {"covered_lines": 12985, "num_statements": 16120, "percent_covered": 80.55210918114143, "percent_covered_display": "81", "missing_lines": 3135, "excluded_lines": 16, "percent_statements_covered": 80.55210918114143, "percent_statements_covered_display": "81"}}